#
# There is insufficient memory for the Java Runtime Environment to continue.
# Native memory allocation (malloc) failed to allocate 1832336 bytes. Error detail: Chunk::new
# Possible reasons:
#   The system is out of physical RAM or swap space
#   This process is running with CompressedOops enabled, and the Java Heap may be blocking the growth of the native heap
# Possible solutions:
#   Reduce memory load on the system
#   Increase physical memory or swap space
#   Check if swap backing store is full
#   Decrease Java heap size (-Xmx/-Xms)
#   Decrease number of Java threads
#   Decrease Java thread stack sizes (-Xss)
#   Set larger code cache with -XX:ReservedCodeCacheSize=
#   JVM is running with Unscaled Compressed Oops mode in which the Java heap is
#     placed in the first 4GB address space. The Java Heap base address is the
#     maximum limit for the native heap growth. Please use -XX:HeapBaseMinAddress
#     to set the Java Heap base and to place the Java Heap above 4GB virtual address.
# This output file may be truncated or incomplete.
#
#  Out of Memory Error (arena.cpp:168), pid=26436, tid=9244
#
# JRE version: OpenJDK Runtime Environment Temurin-21.0.10+7 (21.0.10+7) (build 21.0.10+7-LTS)
# Java VM: OpenJDK 64-Bit Server VM Temurin-21.0.10+7 (21.0.10+7-LTS, mixed mode, sharing, tiered, compressed oops, compressed class ptrs, g1 gc, windows-amd64)
# No core dump will be written. Minidumps are not enabled by default on client versions of Windows
#

---------------  S U M M A R Y ------------

Command Line: -Dorg.gradle.internal.worker.tmpdir=C:\Users\kangdow\dev\project\ai-project\second-project\libs\java-observability\build\tmp\test\work -XX:+EnableDynamicAgentLoading -Xmx512m -Dfile.encoding=UTF-8 -Duser.country=KR -Duser.language=ko -Duser.variant -ea worker.org.gradle.process.internal.worker.GradleWorkerMain 'Gradle Test Executor 26'

Host: 13th Gen Intel(R) Core(TM) i5-1335U, 12 cores, 15G,  Windows 11 , 64 bit Build 26100 (10.0.26100.7920)
Time: Mon Apr 13 06:11:04 2026 elapsed time: 13.531178 seconds (0d 0h 0m 13s)

---------------  T H R E A D  ---------------

Current thread (0x00000158ef0208b0):  JavaThread "C2 CompilerThread0" daemon [_thread_in_native, id=9244, stack(0x0000000e7b600000,0x0000000e7b700000) (1024K)]


Current CompileTask:
C2:13531 1975       4       java.lang.invoke.MethodType::makeImpl (109 bytes)

Stack: [0x0000000e7b600000,0x0000000e7b700000]
Native frames: (J=compiled Java code, j=interpreted, Vv=VM code, C=native code)
V  [jvm.dll+0x6d7a39]
V  [jvm.dll+0x8b4b26]
V  [jvm.dll+0x8b70de]
V  [jvm.dll+0x8b77c3]
V  [jvm.dll+0x284346]
V  [jvm.dll+0xc66ed]
V  [jvm.dll+0xc6c31]
V  [jvm.dll+0x3bec01]
V  [jvm.dll+0x38b162]
V  [jvm.dll+0x38a5aa]
V  [jvm.dll+0x24c560]
V  [jvm.dll+0x24bb40]
V  [jvm.dll+0x1cb34e]
V  [jvm.dll+0x25b85d]
V  [jvm.dll+0x259dea]
V  [jvm.dll+0x3f857e]
V  [jvm.dll+0x85f59d]
V  [jvm.dll+0x6d626d]
C  [ucrtbase.dll+0x37b0]
C  [KERNEL32.DLL+0x2e8d7]
C  [ntdll.dll+0x8c48c]


---------------  P R O C E S S  ---------------

Threads class SMR info:
_java_thread_list=0x00000158f0119c30, length=14, elements={
0x000001588ea758f0, 0x00000158ef00f040, 0x00000158ef0121c0, 0x00000158ef015500,
0x00000158ef0161c0, 0x00000158ef016f80, 0x00000158ef017b10, 0x00000158ef0208b0,
0x00000158ef04d330, 0x00000158ef18b2d0, 0x00000158ef18df20, 0x00000158efaa20e0,
0x00000158efc62710, 0x00000158efbdf260
}

Java Threads: ( => current thread )
  0x000001588ea758f0 JavaThread "Test worker"                       [_thread_in_native, id=23548, stack(0x0000000e7a800000,0x0000000e7a900000) (1024K)]
  0x00000158ef00f040 JavaThread "Reference Handler"          daemon [_thread_blocked, id=26564, stack(0x0000000e7b000000,0x0000000e7b100000) (1024K)]
  0x00000158ef0121c0 JavaThread "Finalizer"                  daemon [_thread_blocked, id=25540, stack(0x0000000e7b100000,0x0000000e7b200000) (1024K)]
  0x00000158ef015500 JavaThread "Signal Dispatcher"          daemon [_thread_blocked, id=27008, stack(0x0000000e7b200000,0x0000000e7b300000) (1024K)]
  0x00000158ef0161c0 JavaThread "Attach Listener"            daemon [_thread_blocked, id=8712, stack(0x0000000e7b300000,0x0000000e7b400000) (1024K)]
  0x00000158ef016f80 JavaThread "Service Thread"             daemon [_thread_blocked, id=27132, stack(0x0000000e7b400000,0x0000000e7b500000) (1024K)]
  0x00000158ef017b10 JavaThread "Monitor Deflation Thread"   daemon [_thread_blocked, id=27316, stack(0x0000000e7b500000,0x0000000e7b600000) (1024K)]
=>0x00000158ef0208b0 JavaThread "C2 CompilerThread0"         daemon [_thread_in_native, id=9244, stack(0x0000000e7b600000,0x0000000e7b700000) (1024K)]
  0x00000158ef04d330 JavaThread "C1 CompilerThread0"         daemon [_thread_blocked, id=13776, stack(0x0000000e7b700000,0x0000000e7b800000) (1024K)]
  0x00000158ef18b2d0 JavaThread "Notification Thread"        daemon [_thread_blocked, id=444, stack(0x0000000e7b800000,0x0000000e7b900000) (1024K)]
  0x00000158ef18df20 JavaThread "Common-Cleaner"             daemon [_thread_blocked, id=27420, stack(0x0000000e7b900000,0x0000000e7ba00000) (1024K)]
  0x00000158efaa20e0 JavaThread "/127.0.0.1:55405 to /127.0.0.1:55397 workers"        [_thread_blocked, id=32672, stack(0x0000000e7bc00000,0x0000000e7bd00000) (1024K)]
  0x00000158efc62710 JavaThread "/127.0.0.1:55405 to /127.0.0.1:55397 workers Thread 2"        [_thread_blocked, id=29972, stack(0x0000000e7bd00000,0x0000000e7be00000) (1024K)]
  0x00000158efbdf260 JavaThread "/127.0.0.1:55405 to /127.0.0.1:55397 workers Thread 3"        [_thread_in_native, id=18096, stack(0x0000000e7be00000,0x0000000e7bf00000) (1024K)]
Total: 14

Other Threads:
  0x00000158a9d896f0 VMThread "VM Thread"                           [id=25776, stack(0x0000000e7af00000,0x0000000e7b000000) (1024K)]
  0x00000158a9d6ba20 WatcherThread "VM Periodic Task Thread"        [id=10304, stack(0x0000000e7ae00000,0x0000000e7af00000) (1024K)]
  0x000001588ea9f630 WorkerThread "GC Thread#0"                     [id=27052, stack(0x0000000e7a900000,0x0000000e7aa00000) (1024K)]
  0x00000158efe03010 WorkerThread "GC Thread#1"                     [id=29312, stack(0x0000000e7ba00000,0x0000000e7bb00000) (1024K)]
  0x00000158efb4bbc0 WorkerThread "GC Thread#2"                     [id=23436, stack(0x0000000e7bf00000,0x0000000e7c000000) (1024K)]
  0x00000158efee5670 WorkerThread "GC Thread#3"                     [id=15860, stack(0x0000000e7c000000,0x0000000e7c100000) (1024K)]
  0x00000158ef0c4ee0 WorkerThread "GC Thread#4"                     [id=20572, stack(0x0000000e7c100000,0x0000000e7c200000) (1024K)]
  0x00000158ef0c5290 WorkerThread "GC Thread#5"                     [id=21604, stack(0x0000000e7c200000,0x0000000e7c300000) (1024K)]
  0x00000158ef0c5640 WorkerThread "GC Thread#6"                     [id=31808, stack(0x0000000e7c300000,0x0000000e7c400000) (1024K)]
  0x00000158efe2f440 WorkerThread "GC Thread#7"                     [id=20196, stack(0x0000000e7c400000,0x0000000e7c500000) (1024K)]
  0x00000158ef0b4d60 WorkerThread "GC Thread#8"                     [id=19120, stack(0x0000000e7c500000,0x0000000e7c600000) (1024K)]
  0x00000158ef678450 WorkerThread "GC Thread#9"                     [id=29932, stack(0x0000000e7c600000,0x0000000e7c700000) (1024K)]
  0x000001588eaa5a30 ConcurrentGCThread "G1 Main Marker"            [id=19148, stack(0x0000000e7aa00000,0x0000000e7ab00000) (1024K)]
  0x000001588eaa83d0 WorkerThread "G1 Conc#0"                       [id=24624, stack(0x0000000e7ab00000,0x0000000e7ac00000) (1024K)]
  0x00000158a9c37610 ConcurrentGCThread "G1 Refine#0"               [id=25968, stack(0x0000000e7ac00000,0x0000000e7ad00000) (1024K)]
  0x00000158a9c38190 ConcurrentGCThread "G1 Service"                [id=26732, stack(0x0000000e7ad00000,0x0000000e7ae00000) (1024K)]
Total: 16

Threads with active compile tasks:
C2 CompilerThread0  13556 1975       4       java.lang.invoke.MethodType::makeImpl (109 bytes)
Total: 1

VM state: not at safepoint (normal execution)

VM Mutex/Monitor currently owned by a thread: None

Heap address: 0x00000000e0000000, size: 512 MB, Compressed Oops mode: 32-bit

CDS archive(s) mapped at: [0x00000158aa000000-0x00000158aac80000-0x00000158aac80000), size 13107200, SharedBaseAddress: 0x00000158aa000000, ArchiveRelocationMode: 1.
Compressed class space mapped at: 0x00000158ab000000-0x00000158eb000000, reserved size: 1073741824
Narrow klass base: 0x00000158aa000000, Narrow klass shift: 0, Narrow klass range: 0x100000000

GC Precious Log:
 CardTable entry size: 512
 Card Set container configuration: InlinePtr #cards 5 size 8 Array Of Cards #cards 12 size 40 Howl #buckets 4 coarsen threshold 1843 Howl Bitmap #cards 512 size 80 coarsen threshold 460 Card regions per heap region 1 cards per card region 2048
 CPUs: 12 total, 12 available
 Memory: 16067M
 Large Page Support: Disabled
 NUMA Support: Disabled
 Compressed Oops: Enabled (32-bit)
 Heap Region Size: 1M
 Heap Min Capacity: 8M
 Heap Initial Capacity: 252M
 Heap Max Capacity: 512M
 Pre-touch: Disabled
 Parallel Workers: 10
 Concurrent Workers: 3
 Concurrent Refinement Workers: 10
 Periodic GC: Disabled

Heap:
 garbage-first heap   total 258048K, used 32738K [0x00000000e0000000, 0x0000000100000000)
  region size 1024K, 29 young (29696K), 3 survivors (3072K)
 Metaspace       used 12644K, committed 12928K, reserved 1114112K
  class space    used 1682K, committed 1792K, reserved 1048576K

Heap Regions: E=young(eden), S=young(survivor), O=old, HS=humongous(starts), HC=humongous(continues), CS=collection set, F=free, TAMS=top-at-mark-start, PB=parsable bottom
|   0|0x00000000e0000000, 0x00000000e0100000, 0x00000000e0100000|100%|HS|  |TAMS 0x00000000e0000000| PB 0x00000000e0000000| Complete 
|   1|0x00000000e0100000, 0x00000000e0200000, 0x00000000e0200000|100%| O|  |TAMS 0x00000000e0100000| PB 0x00000000e0100000| Untracked 
|   2|0x00000000e0200000, 0x00000000e0300000, 0x00000000e0300000|100%| O|  |TAMS 0x00000000e0200000| PB 0x00000000e0200000| Untracked 
|   3|0x00000000e0300000, 0x00000000e0400000, 0x00000000e0400000|100%| O|  |TAMS 0x00000000e0300000| PB 0x00000000e0300000| Untracked 
|   4|0x00000000e0400000, 0x00000000e04f8810, 0x00000000e0500000| 97%| O|  |TAMS 0x00000000e0400000| PB 0x00000000e0400000| Untracked 
|   5|0x00000000e0500000, 0x00000000e0500000, 0x00000000e0600000|  0%| F|  |TAMS 0x00000000e0500000| PB 0x00000000e0500000| Untracked 
|   6|0x00000000e0600000, 0x00000000e0600000, 0x00000000e0700000|  0%| F|  |TAMS 0x00000000e0600000| PB 0x00000000e0600000| Untracked 
|   7|0x00000000e0700000, 0x00000000e0700000, 0x00000000e0800000|  0%| F|  |TAMS 0x00000000e0700000| PB 0x00000000e0700000| Untracked 
|   8|0x00000000e0800000, 0x00000000e0800000, 0x00000000e0900000|  0%| F|  |TAMS 0x00000000e0800000| PB 0x00000000e0800000| Untracked 
|   9|0x00000000e0900000, 0x00000000e0900000, 0x00000000e0a00000|  0%| F|  |TAMS 0x00000000e0900000| PB 0x00000000e0900000| Untracked 
|  10|0x00000000e0a00000, 0x00000000e0a00000, 0x00000000e0b00000|  0%| F|  |TAMS 0x00000000e0a00000| PB 0x00000000e0a00000| Untracked 
|  11|0x00000000e0b00000, 0x00000000e0b00000, 0x00000000e0c00000|  0%| F|  |TAMS 0x00000000e0b00000| PB 0x00000000e0b00000| Untracked 
|  12|0x00000000e0c00000, 0x00000000e0c00000, 0x00000000e0d00000|  0%| F|  |TAMS 0x00000000e0c00000| PB 0x00000000e0c00000| Untracked 
|  13|0x00000000e0d00000, 0x00000000e0d00000, 0x00000000e0e00000|  0%| F|  |TAMS 0x00000000e0d00000| PB 0x00000000e0d00000| Untracked 
|  14|0x00000000e0e00000, 0x00000000e0e00000, 0x00000000e0f00000|  0%| F|  |TAMS 0x00000000e0e00000| PB 0x00000000e0e00000| Untracked 
|  15|0x00000000e0f00000, 0x00000000e0f00000, 0x00000000e1000000|  0%| F|  |TAMS 0x00000000e0f00000| PB 0x00000000e0f00000| Untracked 
|  16|0x00000000e1000000, 0x00000000e1000000, 0x00000000e1100000|  0%| F|  |TAMS 0x00000000e1000000| PB 0x00000000e1000000| Untracked 
|  17|0x00000000e1100000, 0x00000000e1100000, 0x00000000e1200000|  0%| F|  |TAMS 0x00000000e1100000| PB 0x00000000e1100000| Untracked 
|  18|0x00000000e1200000, 0x00000000e1200000, 0x00000000e1300000|  0%| F|  |TAMS 0x00000000e1200000| PB 0x00000000e1200000| Untracked 
|  19|0x00000000e1300000, 0x00000000e1300000, 0x00000000e1400000|  0%| F|  |TAMS 0x00000000e1300000| PB 0x00000000e1300000| Untracked 
|  20|0x00000000e1400000, 0x00000000e1400000, 0x00000000e1500000|  0%| F|  |TAMS 0x00000000e1400000| PB 0x00000000e1400000| Untracked 
|  21|0x00000000e1500000, 0x00000000e1500000, 0x00000000e1600000|  0%| F|  |TAMS 0x00000000e1500000| PB 0x00000000e1500000| Untracked 
|  22|0x00000000e1600000, 0x00000000e1600000, 0x00000000e1700000|  0%| F|  |TAMS 0x00000000e1600000| PB 0x00000000e1600000| Untracked 
|  23|0x00000000e1700000, 0x00000000e1700000, 0x00000000e1800000|  0%| F|  |TAMS 0x00000000e1700000| PB 0x00000000e1700000| Untracked 
|  24|0x00000000e1800000, 0x00000000e1800000, 0x00000000e1900000|  0%| F|  |TAMS 0x00000000e1800000| PB 0x00000000e1800000| Untracked 
|  25|0x00000000e1900000, 0x00000000e1900000, 0x00000000e1a00000|  0%| F|  |TAMS 0x00000000e1900000| PB 0x00000000e1900000| Untracked 
|  26|0x00000000e1a00000, 0x00000000e1a00000, 0x00000000e1b00000|  0%| F|  |TAMS 0x00000000e1a00000| PB 0x00000000e1a00000| Untracked 
|  27|0x00000000e1b00000, 0x00000000e1b00000, 0x00000000e1c00000|  0%| F|  |TAMS 0x00000000e1b00000| PB 0x00000000e1b00000| Untracked 
|  28|0x00000000e1c00000, 0x00000000e1c00000, 0x00000000e1d00000|  0%| F|  |TAMS 0x00000000e1c00000| PB 0x00000000e1c00000| Untracked 
|  29|0x00000000e1d00000, 0x00000000e1d00000, 0x00000000e1e00000|  0%| F|  |TAMS 0x00000000e1d00000| PB 0x00000000e1d00000| Untracked 
|  30|0x00000000e1e00000, 0x00000000e1e00000, 0x00000000e1f00000|  0%| F|  |TAMS 0x00000000e1e00000| PB 0x00000000e1e00000| Untracked 
|  31|0x00000000e1f00000, 0x00000000e1f00000, 0x00000000e2000000|  0%| F|  |TAMS 0x00000000e1f00000| PB 0x00000000e1f00000| Untracked 
|  32|0x00000000e2000000, 0x00000000e2000000, 0x00000000e2100000|  0%| F|  |TAMS 0x00000000e2000000| PB 0x00000000e2000000| Untracked 
|  33|0x00000000e2100000, 0x00000000e2100000, 0x00000000e2200000|  0%| F|  |TAMS 0x00000000e2100000| PB 0x00000000e2100000| Untracked 
|  34|0x00000000e2200000, 0x00000000e2200000, 0x00000000e2300000|  0%| F|  |TAMS 0x00000000e2200000| PB 0x00000000e2200000| Untracked 
|  35|0x00000000e2300000, 0x00000000e2300000, 0x00000000e2400000|  0%| F|  |TAMS 0x00000000e2300000| PB 0x00000000e2300000| Untracked 
|  36|0x00000000e2400000, 0x00000000e2400000, 0x00000000e2500000|  0%| F|  |TAMS 0x00000000e2400000| PB 0x00000000e2400000| Untracked 
|  37|0x00000000e2500000, 0x00000000e2500000, 0x00000000e2600000|  0%| F|  |TAMS 0x00000000e2500000| PB 0x00000000e2500000| Untracked 
|  38|0x00000000e2600000, 0x00000000e2600000, 0x00000000e2700000|  0%| F|  |TAMS 0x00000000e2600000| PB 0x00000000e2600000| Untracked 
|  39|0x00000000e2700000, 0x00000000e2700000, 0x00000000e2800000|  0%| F|  |TAMS 0x00000000e2700000| PB 0x00000000e2700000| Untracked 
|  40|0x00000000e2800000, 0x00000000e2800000, 0x00000000e2900000|  0%| F|  |TAMS 0x00000000e2800000| PB 0x00000000e2800000| Untracked 
|  41|0x00000000e2900000, 0x00000000e2900000, 0x00000000e2a00000|  0%| F|  |TAMS 0x00000000e2900000| PB 0x00000000e2900000| Untracked 
|  42|0x00000000e2a00000, 0x00000000e2a00000, 0x00000000e2b00000|  0%| F|  |TAMS 0x00000000e2a00000| PB 0x00000000e2a00000| Untracked 
|  43|0x00000000e2b00000, 0x00000000e2b00000, 0x00000000e2c00000|  0%| F|  |TAMS 0x00000000e2b00000| PB 0x00000000e2b00000| Untracked 
|  44|0x00000000e2c00000, 0x00000000e2c00000, 0x00000000e2d00000|  0%| F|  |TAMS 0x00000000e2c00000| PB 0x00000000e2c00000| Untracked 
|  45|0x00000000e2d00000, 0x00000000e2d00000, 0x00000000e2e00000|  0%| F|  |TAMS 0x00000000e2d00000| PB 0x00000000e2d00000| Untracked 
|  46|0x00000000e2e00000, 0x00000000e2e00000, 0x00000000e2f00000|  0%| F|  |TAMS 0x00000000e2e00000| PB 0x00000000e2e00000| Untracked 
|  47|0x00000000e2f00000, 0x00000000e2f00000, 0x00000000e3000000|  0%| F|  |TAMS 0x00000000e2f00000| PB 0x00000000e2f00000| Untracked 
|  48|0x00000000e3000000, 0x00000000e3000000, 0x00000000e3100000|  0%| F|  |TAMS 0x00000000e3000000| PB 0x00000000e3000000| Untracked 
|  49|0x00000000e3100000, 0x00000000e3100000, 0x00000000e3200000|  0%| F|  |TAMS 0x00000000e3100000| PB 0x00000000e3100000| Untracked 
|  50|0x00000000e3200000, 0x00000000e3200000, 0x00000000e3300000|  0%| F|  |TAMS 0x00000000e3200000| PB 0x00000000e3200000| Untracked 
|  51|0x00000000e3300000, 0x00000000e3300000, 0x00000000e3400000|  0%| F|  |TAMS 0x00000000e3300000| PB 0x00000000e3300000| Untracked 
|  52|0x00000000e3400000, 0x00000000e3400000, 0x00000000e3500000|  0%| F|  |TAMS 0x00000000e3400000| PB 0x00000000e3400000| Untracked 
|  53|0x00000000e3500000, 0x00000000e3500000, 0x00000000e3600000|  0%| F|  |TAMS 0x00000000e3500000| PB 0x00000000e3500000| Untracked 
|  54|0x00000000e3600000, 0x00000000e3600000, 0x00000000e3700000|  0%| F|  |TAMS 0x00000000e3600000| PB 0x00000000e3600000| Untracked 
|  55|0x00000000e3700000, 0x00000000e3700000, 0x00000000e3800000|  0%| F|  |TAMS 0x00000000e3700000| PB 0x00000000e3700000| Untracked 
|  56|0x00000000e3800000, 0x00000000e3800000, 0x00000000e3900000|  0%| F|  |TAMS 0x00000000e3800000| PB 0x00000000e3800000| Untracked 
|  57|0x00000000e3900000, 0x00000000e3900000, 0x00000000e3a00000|  0%| F|  |TAMS 0x00000000e3900000| PB 0x00000000e3900000| Untracked 
|  58|0x00000000e3a00000, 0x00000000e3a00000, 0x00000000e3b00000|  0%| F|  |TAMS 0x00000000e3a00000| PB 0x00000000e3a00000| Untracked 
|  59|0x00000000e3b00000, 0x00000000e3b00000, 0x00000000e3c00000|  0%| F|  |TAMS 0x00000000e3b00000| PB 0x00000000e3b00000| Untracked 
|  60|0x00000000e3c00000, 0x00000000e3c00000, 0x00000000e3d00000|  0%| F|  |TAMS 0x00000000e3c00000| PB 0x00000000e3c00000| Untracked 
|  61|0x00000000e3d00000, 0x00000000e3d00000, 0x00000000e3e00000|  0%| F|  |TAMS 0x00000000e3d00000| PB 0x00000000e3d00000| Untracked 
|  62|0x00000000e3e00000, 0x00000000e3e00000, 0x00000000e3f00000|  0%| F|  |TAMS 0x00000000e3e00000| PB 0x00000000e3e00000| Untracked 
|  63|0x00000000e3f00000, 0x00000000e3f00000, 0x00000000e4000000|  0%| F|  |TAMS 0x00000000e3f00000| PB 0x00000000e3f00000| Untracked 
|  64|0x00000000e4000000, 0x00000000e4000000, 0x00000000e4100000|  0%| F|  |TAMS 0x00000000e4000000| PB 0x00000000e4000000| Untracked 
|  65|0x00000000e4100000, 0x00000000e4100000, 0x00000000e4200000|  0%| F|  |TAMS 0x00000000e4100000| PB 0x00000000e4100000| Untracked 
|  66|0x00000000e4200000, 0x00000000e4200000, 0x00000000e4300000|  0%| F|  |TAMS 0x00000000e4200000| PB 0x00000000e4200000| Untracked 
|  67|0x00000000e4300000, 0x00000000e4300000, 0x00000000e4400000|  0%| F|  |TAMS 0x00000000e4300000| PB 0x00000000e4300000| Untracked 
|  68|0x00000000e4400000, 0x00000000e4400000, 0x00000000e4500000|  0%| F|  |TAMS 0x00000000e4400000| PB 0x00000000e4400000| Untracked 
|  69|0x00000000e4500000, 0x00000000e4500000, 0x00000000e4600000|  0%| F|  |TAMS 0x00000000e4500000| PB 0x00000000e4500000| Untracked 
|  70|0x00000000e4600000, 0x00000000e4600000, 0x00000000e4700000|  0%| F|  |TAMS 0x00000000e4600000| PB 0x00000000e4600000| Untracked 
|  71|0x00000000e4700000, 0x00000000e4700000, 0x00000000e4800000|  0%| F|  |TAMS 0x00000000e4700000| PB 0x00000000e4700000| Untracked 
|  72|0x00000000e4800000, 0x00000000e4800000, 0x00000000e4900000|  0%| F|  |TAMS 0x00000000e4800000| PB 0x00000000e4800000| Untracked 
|  73|0x00000000e4900000, 0x00000000e4900000, 0x00000000e4a00000|  0%| F|  |TAMS 0x00000000e4900000| PB 0x00000000e4900000| Untracked 
|  74|0x00000000e4a00000, 0x00000000e4a00000, 0x00000000e4b00000|  0%| F|  |TAMS 0x00000000e4a00000| PB 0x00000000e4a00000| Untracked 
|  75|0x00000000e4b00000, 0x00000000e4b00000, 0x00000000e4c00000|  0%| F|  |TAMS 0x00000000e4b00000| PB 0x00000000e4b00000| Untracked 
|  76|0x00000000e4c00000, 0x00000000e4c00000, 0x00000000e4d00000|  0%| F|  |TAMS 0x00000000e4c00000| PB 0x00000000e4c00000| Untracked 
|  77|0x00000000e4d00000, 0x00000000e4d00000, 0x00000000e4e00000|  0%| F|  |TAMS 0x00000000e4d00000| PB 0x00000000e4d00000| Untracked 
|  78|0x00000000e4e00000, 0x00000000e4e00000, 0x00000000e4f00000|  0%| F|  |TAMS 0x00000000e4e00000| PB 0x00000000e4e00000| Untracked 
|  79|0x00000000e4f00000, 0x00000000e4f00000, 0x00000000e5000000|  0%| F|  |TAMS 0x00000000e4f00000| PB 0x00000000e4f00000| Untracked 
|  80|0x00000000e5000000, 0x00000000e5000000, 0x00000000e5100000|  0%| F|  |TAMS 0x00000000e5000000| PB 0x00000000e5000000| Untracked 
|  81|0x00000000e5100000, 0x00000000e5100000, 0x00000000e5200000|  0%| F|  |TAMS 0x00000000e5100000| PB 0x00000000e5100000| Untracked 
|  82|0x00000000e5200000, 0x00000000e5200000, 0x00000000e5300000|  0%| F|  |TAMS 0x00000000e5200000| PB 0x00000000e5200000| Untracked 
|  83|0x00000000e5300000, 0x00000000e5300000, 0x00000000e5400000|  0%| F|  |TAMS 0x00000000e5300000| PB 0x00000000e5300000| Untracked 
|  84|0x00000000e5400000, 0x00000000e5400000, 0x00000000e5500000|  0%| F|  |TAMS 0x00000000e5400000| PB 0x00000000e5400000| Untracked 
|  85|0x00000000e5500000, 0x00000000e5500000, 0x00000000e5600000|  0%| F|  |TAMS 0x00000000e5500000| PB 0x00000000e5500000| Untracked 
|  86|0x00000000e5600000, 0x00000000e5600000, 0x00000000e5700000|  0%| F|  |TAMS 0x00000000e5600000| PB 0x00000000e5600000| Untracked 
|  87|0x00000000e5700000, 0x00000000e5700000, 0x00000000e5800000|  0%| F|  |TAMS 0x00000000e5700000| PB 0x00000000e5700000| Untracked 
|  88|0x00000000e5800000, 0x00000000e5800000, 0x00000000e5900000|  0%| F|  |TAMS 0x00000000e5800000| PB 0x00000000e5800000| Untracked 
|  89|0x00000000e5900000, 0x00000000e5900000, 0x00000000e5a00000|  0%| F|  |TAMS 0x00000000e5900000| PB 0x00000000e5900000| Untracked 
|  90|0x00000000e5a00000, 0x00000000e5a00000, 0x00000000e5b00000|  0%| F|  |TAMS 0x00000000e5a00000| PB 0x00000000e5a00000| Untracked 
|  91|0x00000000e5b00000, 0x00000000e5b00000, 0x00000000e5c00000|  0%| F|  |TAMS 0x00000000e5b00000| PB 0x00000000e5b00000| Untracked 
|  92|0x00000000e5c00000, 0x00000000e5c00000, 0x00000000e5d00000|  0%| F|  |TAMS 0x00000000e5c00000| PB 0x00000000e5c00000| Untracked 
|  93|0x00000000e5d00000, 0x00000000e5d00000, 0x00000000e5e00000|  0%| F|  |TAMS 0x00000000e5d00000| PB 0x00000000e5d00000| Untracked 
|  94|0x00000000e5e00000, 0x00000000e5e00000, 0x00000000e5f00000|  0%| F|  |TAMS 0x00000000e5e00000| PB 0x00000000e5e00000| Untracked 
|  95|0x00000000e5f00000, 0x00000000e5f00000, 0x00000000e6000000|  0%| F|  |TAMS 0x00000000e5f00000| PB 0x00000000e5f00000| Untracked 
|  96|0x00000000e6000000, 0x00000000e6000000, 0x00000000e6100000|  0%| F|  |TAMS 0x00000000e6000000| PB 0x00000000e6000000| Untracked 
|  97|0x00000000e6100000, 0x00000000e6100000, 0x00000000e6200000|  0%| F|  |TAMS 0x00000000e6100000| PB 0x00000000e6100000| Untracked 
|  98|0x00000000e6200000, 0x00000000e6200000, 0x00000000e6300000|  0%| F|  |TAMS 0x00000000e6200000| PB 0x00000000e6200000| Untracked 
|  99|0x00000000e6300000, 0x00000000e6300000, 0x00000000e6400000|  0%| F|  |TAMS 0x00000000e6300000| PB 0x00000000e6300000| Untracked 
| 100|0x00000000e6400000, 0x00000000e6400000, 0x00000000e6500000|  0%| F|  |TAMS 0x00000000e6400000| PB 0x00000000e6400000| Untracked 
| 101|0x00000000e6500000, 0x00000000e6500000, 0x00000000e6600000|  0%| F|  |TAMS 0x00000000e6500000| PB 0x00000000e6500000| Untracked 
| 102|0x00000000e6600000, 0x00000000e6600000, 0x00000000e6700000|  0%| F|  |TAMS 0x00000000e6600000| PB 0x00000000e6600000| Untracked 
| 103|0x00000000e6700000, 0x00000000e6700000, 0x00000000e6800000|  0%| F|  |TAMS 0x00000000e6700000| PB 0x00000000e6700000| Untracked 
| 104|0x00000000e6800000, 0x00000000e6800000, 0x00000000e6900000|  0%| F|  |TAMS 0x00000000e6800000| PB 0x00000000e6800000| Untracked 
| 105|0x00000000e6900000, 0x00000000e6900000, 0x00000000e6a00000|  0%| F|  |TAMS 0x00000000e6900000| PB 0x00000000e6900000| Untracked 
| 106|0x00000000e6a00000, 0x00000000e6a00000, 0x00000000e6b00000|  0%| F|  |TAMS 0x00000000e6a00000| PB 0x00000000e6a00000| Untracked 
| 107|0x00000000e6b00000, 0x00000000e6b00000, 0x00000000e6c00000|  0%| F|  |TAMS 0x00000000e6b00000| PB 0x00000000e6b00000| Untracked 
| 108|0x00000000e6c00000, 0x00000000e6c00000, 0x00000000e6d00000|  0%| F|  |TAMS 0x00000000e6c00000| PB 0x00000000e6c00000| Untracked 
| 109|0x00000000e6d00000, 0x00000000e6d00000, 0x00000000e6e00000|  0%| F|  |TAMS 0x00000000e6d00000| PB 0x00000000e6d00000| Untracked 
| 110|0x00000000e6e00000, 0x00000000e6e00000, 0x00000000e6f00000|  0%| F|  |TAMS 0x00000000e6e00000| PB 0x00000000e6e00000| Untracked 
| 111|0x00000000e6f00000, 0x00000000e6f00000, 0x00000000e7000000|  0%| F|  |TAMS 0x00000000e6f00000| PB 0x00000000e6f00000| Untracked 
| 112|0x00000000e7000000, 0x00000000e7000000, 0x00000000e7100000|  0%| F|  |TAMS 0x00000000e7000000| PB 0x00000000e7000000| Untracked 
| 113|0x00000000e7100000, 0x00000000e7100000, 0x00000000e7200000|  0%| F|  |TAMS 0x00000000e7100000| PB 0x00000000e7100000| Untracked 
| 114|0x00000000e7200000, 0x00000000e7200000, 0x00000000e7300000|  0%| F|  |TAMS 0x00000000e7200000| PB 0x00000000e7200000| Untracked 
| 115|0x00000000e7300000, 0x00000000e7300000, 0x00000000e7400000|  0%| F|  |TAMS 0x00000000e7300000| PB 0x00000000e7300000| Untracked 
| 116|0x00000000e7400000, 0x00000000e7400000, 0x00000000e7500000|  0%| F|  |TAMS 0x00000000e7400000| PB 0x00000000e7400000| Untracked 
| 117|0x00000000e7500000, 0x00000000e7500000, 0x00000000e7600000|  0%| F|  |TAMS 0x00000000e7500000| PB 0x00000000e7500000| Untracked 
| 118|0x00000000e7600000, 0x00000000e7600000, 0x00000000e7700000|  0%| F|  |TAMS 0x00000000e7600000| PB 0x00000000e7600000| Untracked 
| 119|0x00000000e7700000, 0x00000000e7700000, 0x00000000e7800000|  0%| F|  |TAMS 0x00000000e7700000| PB 0x00000000e7700000| Untracked 
| 120|0x00000000e7800000, 0x00000000e7800000, 0x00000000e7900000|  0%| F|  |TAMS 0x00000000e7800000| PB 0x00000000e7800000| Untracked 
| 121|0x00000000e7900000, 0x00000000e7900000, 0x00000000e7a00000|  0%| F|  |TAMS 0x00000000e7900000| PB 0x00000000e7900000| Untracked 
| 122|0x00000000e7a00000, 0x00000000e7a00000, 0x00000000e7b00000|  0%| F|  |TAMS 0x00000000e7a00000| PB 0x00000000e7a00000| Untracked 
| 123|0x00000000e7b00000, 0x00000000e7b00000, 0x00000000e7c00000|  0%| F|  |TAMS 0x00000000e7b00000| PB 0x00000000e7b00000| Untracked 
| 124|0x00000000e7c00000, 0x00000000e7c00000, 0x00000000e7d00000|  0%| F|  |TAMS 0x00000000e7c00000| PB 0x00000000e7c00000| Untracked 
| 125|0x00000000e7d00000, 0x00000000e7d00000, 0x00000000e7e00000|  0%| F|  |TAMS 0x00000000e7d00000| PB 0x00000000e7d00000| Untracked 
| 126|0x00000000e7e00000, 0x00000000e7e00000, 0x00000000e7f00000|  0%| F|  |TAMS 0x00000000e7e00000| PB 0x00000000e7e00000| Untracked 
| 127|0x00000000e7f00000, 0x00000000e7f00000, 0x00000000e8000000|  0%| F|  |TAMS 0x00000000e7f00000| PB 0x00000000e7f00000| Untracked 
| 128|0x00000000e8000000, 0x00000000e8000000, 0x00000000e8100000|  0%| F|  |TAMS 0x00000000e8000000| PB 0x00000000e8000000| Untracked 
| 129|0x00000000e8100000, 0x00000000e8100000, 0x00000000e8200000|  0%| F|  |TAMS 0x00000000e8100000| PB 0x00000000e8100000| Untracked 
| 130|0x00000000e8200000, 0x00000000e8200000, 0x00000000e8300000|  0%| F|  |TAMS 0x00000000e8200000| PB 0x00000000e8200000| Untracked 
| 131|0x00000000e8300000, 0x00000000e8300000, 0x00000000e8400000|  0%| F|  |TAMS 0x00000000e8300000| PB 0x00000000e8300000| Untracked 
| 132|0x00000000e8400000, 0x00000000e8400000, 0x00000000e8500000|  0%| F|  |TAMS 0x00000000e8400000| PB 0x00000000e8400000| Untracked 
| 133|0x00000000e8500000, 0x00000000e8500000, 0x00000000e8600000|  0%| F|  |TAMS 0x00000000e8500000| PB 0x00000000e8500000| Untracked 
| 134|0x00000000e8600000, 0x00000000e8600000, 0x00000000e8700000|  0%| F|  |TAMS 0x00000000e8600000| PB 0x00000000e8600000| Untracked 
| 135|0x00000000e8700000, 0x00000000e8700000, 0x00000000e8800000|  0%| F|  |TAMS 0x00000000e8700000| PB 0x00000000e8700000| Untracked 
| 136|0x00000000e8800000, 0x00000000e8800000, 0x00000000e8900000|  0%| F|  |TAMS 0x00000000e8800000| PB 0x00000000e8800000| Untracked 
| 137|0x00000000e8900000, 0x00000000e8900000, 0x00000000e8a00000|  0%| F|  |TAMS 0x00000000e8900000| PB 0x00000000e8900000| Untracked 
| 138|0x00000000e8a00000, 0x00000000e8a00000, 0x00000000e8b00000|  0%| F|  |TAMS 0x00000000e8a00000| PB 0x00000000e8a00000| Untracked 
| 139|0x00000000e8b00000, 0x00000000e8b00000, 0x00000000e8c00000|  0%| F|  |TAMS 0x00000000e8b00000| PB 0x00000000e8b00000| Untracked 
| 140|0x00000000e8c00000, 0x00000000e8c00000, 0x00000000e8d00000|  0%| F|  |TAMS 0x00000000e8c00000| PB 0x00000000e8c00000| Untracked 
| 141|0x00000000e8d00000, 0x00000000e8d00000, 0x00000000e8e00000|  0%| F|  |TAMS 0x00000000e8d00000| PB 0x00000000e8d00000| Untracked 
| 142|0x00000000e8e00000, 0x00000000e8e00000, 0x00000000e8f00000|  0%| F|  |TAMS 0x00000000e8e00000| PB 0x00000000e8e00000| Untracked 
| 143|0x00000000e8f00000, 0x00000000e8f00000, 0x00000000e9000000|  0%| F|  |TAMS 0x00000000e8f00000| PB 0x00000000e8f00000| Untracked 
| 144|0x00000000e9000000, 0x00000000e9000000, 0x00000000e9100000|  0%| F|  |TAMS 0x00000000e9000000| PB 0x00000000e9000000| Untracked 
| 145|0x00000000e9100000, 0x00000000e9100000, 0x00000000e9200000|  0%| F|  |TAMS 0x00000000e9100000| PB 0x00000000e9100000| Untracked 
| 146|0x00000000e9200000, 0x00000000e9200000, 0x00000000e9300000|  0%| F|  |TAMS 0x00000000e9200000| PB 0x00000000e9200000| Untracked 
| 147|0x00000000e9300000, 0x00000000e9300000, 0x00000000e9400000|  0%| F|  |TAMS 0x00000000e9300000| PB 0x00000000e9300000| Untracked 
| 148|0x00000000e9400000, 0x00000000e9400000, 0x00000000e9500000|  0%| F|  |TAMS 0x00000000e9400000| PB 0x00000000e9400000| Untracked 
| 149|0x00000000e9500000, 0x00000000e9500000, 0x00000000e9600000|  0%| F|  |TAMS 0x00000000e9500000| PB 0x00000000e9500000| Untracked 
| 150|0x00000000e9600000, 0x00000000e9600000, 0x00000000e9700000|  0%| F|  |TAMS 0x00000000e9600000| PB 0x00000000e9600000| Untracked 
| 151|0x00000000e9700000, 0x00000000e9700000, 0x00000000e9800000|  0%| F|  |TAMS 0x00000000e9700000| PB 0x00000000e9700000| Untracked 
| 152|0x00000000e9800000, 0x00000000e9800000, 0x00000000e9900000|  0%| F|  |TAMS 0x00000000e9800000| PB 0x00000000e9800000| Untracked 
| 153|0x00000000e9900000, 0x00000000e9900000, 0x00000000e9a00000|  0%| F|  |TAMS 0x00000000e9900000| PB 0x00000000e9900000| Untracked 
| 154|0x00000000e9a00000, 0x00000000e9a00000, 0x00000000e9b00000|  0%| F|  |TAMS 0x00000000e9a00000| PB 0x00000000e9a00000| Untracked 
| 155|0x00000000e9b00000, 0x00000000e9b00000, 0x00000000e9c00000|  0%| F|  |TAMS 0x00000000e9b00000| PB 0x00000000e9b00000| Untracked 
| 156|0x00000000e9c00000, 0x00000000e9c00000, 0x00000000e9d00000|  0%| F|  |TAMS 0x00000000e9c00000| PB 0x00000000e9c00000| Untracked 
| 157|0x00000000e9d00000, 0x00000000e9d00000, 0x00000000e9e00000|  0%| F|  |TAMS 0x00000000e9d00000| PB 0x00000000e9d00000| Untracked 
| 158|0x00000000e9e00000, 0x00000000e9e00000, 0x00000000e9f00000|  0%| F|  |TAMS 0x00000000e9e00000| PB 0x00000000e9e00000| Untracked 
| 159|0x00000000e9f00000, 0x00000000e9f00000, 0x00000000ea000000|  0%| F|  |TAMS 0x00000000e9f00000| PB 0x00000000e9f00000| Untracked 
| 160|0x00000000ea000000, 0x00000000ea000000, 0x00000000ea100000|  0%| F|  |TAMS 0x00000000ea000000| PB 0x00000000ea000000| Untracked 
| 161|0x00000000ea100000, 0x00000000ea100000, 0x00000000ea200000|  0%| F|  |TAMS 0x00000000ea100000| PB 0x00000000ea100000| Untracked 
| 162|0x00000000ea200000, 0x00000000ea200000, 0x00000000ea300000|  0%| F|  |TAMS 0x00000000ea200000| PB 0x00000000ea200000| Untracked 
| 163|0x00000000ea300000, 0x00000000ea300000, 0x00000000ea400000|  0%| F|  |TAMS 0x00000000ea300000| PB 0x00000000ea300000| Untracked 
| 164|0x00000000ea400000, 0x00000000ea400000, 0x00000000ea500000|  0%| F|  |TAMS 0x00000000ea400000| PB 0x00000000ea400000| Untracked 
| 165|0x00000000ea500000, 0x00000000ea500000, 0x00000000ea600000|  0%| F|  |TAMS 0x00000000ea500000| PB 0x00000000ea500000| Untracked 
| 166|0x00000000ea600000, 0x00000000ea600000, 0x00000000ea700000|  0%| F|  |TAMS 0x00000000ea600000| PB 0x00000000ea600000| Untracked 
| 167|0x00000000ea700000, 0x00000000ea700000, 0x00000000ea800000|  0%| F|  |TAMS 0x00000000ea700000| PB 0x00000000ea700000| Untracked 
| 168|0x00000000ea800000, 0x00000000ea800000, 0x00000000ea900000|  0%| F|  |TAMS 0x00000000ea800000| PB 0x00000000ea800000| Untracked 
| 169|0x00000000ea900000, 0x00000000ea900000, 0x00000000eaa00000|  0%| F|  |TAMS 0x00000000ea900000| PB 0x00000000ea900000| Untracked 
| 170|0x00000000eaa00000, 0x00000000eaa00000, 0x00000000eab00000|  0%| F|  |TAMS 0x00000000eaa00000| PB 0x00000000eaa00000| Untracked 
| 171|0x00000000eab00000, 0x00000000eab00000, 0x00000000eac00000|  0%| F|  |TAMS 0x00000000eab00000| PB 0x00000000eab00000| Untracked 
| 172|0x00000000eac00000, 0x00000000eac00000, 0x00000000ead00000|  0%| F|  |TAMS 0x00000000eac00000| PB 0x00000000eac00000| Untracked 
| 173|0x00000000ead00000, 0x00000000ead00000, 0x00000000eae00000|  0%| F|  |TAMS 0x00000000ead00000| PB 0x00000000ead00000| Untracked 
| 174|0x00000000eae00000, 0x00000000eae00000, 0x00000000eaf00000|  0%| F|  |TAMS 0x00000000eae00000| PB 0x00000000eae00000| Untracked 
| 175|0x00000000eaf00000, 0x00000000eaf00000, 0x00000000eb000000|  0%| F|  |TAMS 0x00000000eaf00000| PB 0x00000000eaf00000| Untracked 
| 176|0x00000000eb000000, 0x00000000eb000000, 0x00000000eb100000|  0%| F|  |TAMS 0x00000000eb000000| PB 0x00000000eb000000| Untracked 
| 177|0x00000000eb100000, 0x00000000eb100000, 0x00000000eb200000|  0%| F|  |TAMS 0x00000000eb100000| PB 0x00000000eb100000| Untracked 
| 178|0x00000000eb200000, 0x00000000eb200000, 0x00000000eb300000|  0%| F|  |TAMS 0x00000000eb200000| PB 0x00000000eb200000| Untracked 
| 179|0x00000000eb300000, 0x00000000eb300000, 0x00000000eb400000|  0%| F|  |TAMS 0x00000000eb300000| PB 0x00000000eb300000| Untracked 
| 180|0x00000000eb400000, 0x00000000eb400000, 0x00000000eb500000|  0%| F|  |TAMS 0x00000000eb400000| PB 0x00000000eb400000| Untracked 
| 181|0x00000000eb500000, 0x00000000eb500000, 0x00000000eb600000|  0%| F|  |TAMS 0x00000000eb500000| PB 0x00000000eb500000| Untracked 
| 182|0x00000000eb600000, 0x00000000eb600000, 0x00000000eb700000|  0%| F|  |TAMS 0x00000000eb600000| PB 0x00000000eb600000| Untracked 
| 183|0x00000000eb700000, 0x00000000eb700000, 0x00000000eb800000|  0%| F|  |TAMS 0x00000000eb700000| PB 0x00000000eb700000| Untracked 
| 184|0x00000000eb800000, 0x00000000eb800000, 0x00000000eb900000|  0%| F|  |TAMS 0x00000000eb800000| PB 0x00000000eb800000| Untracked 
| 185|0x00000000eb900000, 0x00000000eb900000, 0x00000000eba00000|  0%| F|  |TAMS 0x00000000eb900000| PB 0x00000000eb900000| Untracked 
| 186|0x00000000eba00000, 0x00000000eba00000, 0x00000000ebb00000|  0%| F|  |TAMS 0x00000000eba00000| PB 0x00000000eba00000| Untracked 
| 187|0x00000000ebb00000, 0x00000000ebb00000, 0x00000000ebc00000|  0%| F|  |TAMS 0x00000000ebb00000| PB 0x00000000ebb00000| Untracked 
| 188|0x00000000ebc00000, 0x00000000ebc00000, 0x00000000ebd00000|  0%| F|  |TAMS 0x00000000ebc00000| PB 0x00000000ebc00000| Untracked 
| 189|0x00000000ebd00000, 0x00000000ebd00000, 0x00000000ebe00000|  0%| F|  |TAMS 0x00000000ebd00000| PB 0x00000000ebd00000| Untracked 
| 190|0x00000000ebe00000, 0x00000000ebe00000, 0x00000000ebf00000|  0%| F|  |TAMS 0x00000000ebe00000| PB 0x00000000ebe00000| Untracked 
| 191|0x00000000ebf00000, 0x00000000ebf00000, 0x00000000ec000000|  0%| F|  |TAMS 0x00000000ebf00000| PB 0x00000000ebf00000| Untracked 
| 192|0x00000000ec000000, 0x00000000ec000000, 0x00000000ec100000|  0%| F|  |TAMS 0x00000000ec000000| PB 0x00000000ec000000| Untracked 
| 193|0x00000000ec100000, 0x00000000ec100000, 0x00000000ec200000|  0%| F|  |TAMS 0x00000000ec100000| PB 0x00000000ec100000| Untracked 
| 194|0x00000000ec200000, 0x00000000ec200000, 0x00000000ec300000|  0%| F|  |TAMS 0x00000000ec200000| PB 0x00000000ec200000| Untracked 
| 195|0x00000000ec300000, 0x00000000ec300000, 0x00000000ec400000|  0%| F|  |TAMS 0x00000000ec300000| PB 0x00000000ec300000| Untracked 
| 196|0x00000000ec400000, 0x00000000ec400000, 0x00000000ec500000|  0%| F|  |TAMS 0x00000000ec400000| PB 0x00000000ec400000| Untracked 
| 197|0x00000000ec500000, 0x00000000ec500000, 0x00000000ec600000|  0%| F|  |TAMS 0x00000000ec500000| PB 0x00000000ec500000| Untracked 
| 198|0x00000000ec600000, 0x00000000ec600000, 0x00000000ec700000|  0%| F|  |TAMS 0x00000000ec600000| PB 0x00000000ec600000| Untracked 
| 199|0x00000000ec700000, 0x00000000ec700000, 0x00000000ec800000|  0%| F|  |TAMS 0x00000000ec700000| PB 0x00000000ec700000| Untracked 
| 200|0x00000000ec800000, 0x00000000ec800000, 0x00000000ec900000|  0%| F|  |TAMS 0x00000000ec800000| PB 0x00000000ec800000| Untracked 
| 201|0x00000000ec900000, 0x00000000ec900000, 0x00000000eca00000|  0%| F|  |TAMS 0x00000000ec900000| PB 0x00000000ec900000| Untracked 
| 202|0x00000000eca00000, 0x00000000eca00000, 0x00000000ecb00000|  0%| F|  |TAMS 0x00000000eca00000| PB 0x00000000eca00000| Untracked 
| 203|0x00000000ecb00000, 0x00000000ecb00000, 0x00000000ecc00000|  0%| F|  |TAMS 0x00000000ecb00000| PB 0x00000000ecb00000| Untracked 
| 204|0x00000000ecc00000, 0x00000000ecc00000, 0x00000000ecd00000|  0%| F|  |TAMS 0x00000000ecc00000| PB 0x00000000ecc00000| Untracked 
| 205|0x00000000ecd00000, 0x00000000ecd00000, 0x00000000ece00000|  0%| F|  |TAMS 0x00000000ecd00000| PB 0x00000000ecd00000| Untracked 
| 206|0x00000000ece00000, 0x00000000ece00000, 0x00000000ecf00000|  0%| F|  |TAMS 0x00000000ece00000| PB 0x00000000ece00000| Untracked 
| 207|0x00000000ecf00000, 0x00000000ecf00000, 0x00000000ed000000|  0%| F|  |TAMS 0x00000000ecf00000| PB 0x00000000ecf00000| Untracked 
| 208|0x00000000ed000000, 0x00000000ed000000, 0x00000000ed100000|  0%| F|  |TAMS 0x00000000ed000000| PB 0x00000000ed000000| Untracked 
| 209|0x00000000ed100000, 0x00000000ed100000, 0x00000000ed200000|  0%| F|  |TAMS 0x00000000ed100000| PB 0x00000000ed100000| Untracked 
| 210|0x00000000ed200000, 0x00000000ed200000, 0x00000000ed300000|  0%| F|  |TAMS 0x00000000ed200000| PB 0x00000000ed200000| Untracked 
| 211|0x00000000ed300000, 0x00000000ed300000, 0x00000000ed400000|  0%| F|  |TAMS 0x00000000ed300000| PB 0x00000000ed300000| Untracked 
| 212|0x00000000ed400000, 0x00000000ed400000, 0x00000000ed500000|  0%| F|  |TAMS 0x00000000ed400000| PB 0x00000000ed400000| Untracked 
| 213|0x00000000ed500000, 0x00000000ed500000, 0x00000000ed600000|  0%| F|  |TAMS 0x00000000ed500000| PB 0x00000000ed500000| Untracked 
| 214|0x00000000ed600000, 0x00000000ed600000, 0x00000000ed700000|  0%| F|  |TAMS 0x00000000ed600000| PB 0x00000000ed600000| Untracked 
| 215|0x00000000ed700000, 0x00000000ed700000, 0x00000000ed800000|  0%| F|  |TAMS 0x00000000ed700000| PB 0x00000000ed700000| Untracked 
| 216|0x00000000ed800000, 0x00000000ed800000, 0x00000000ed900000|  0%| F|  |TAMS 0x00000000ed800000| PB 0x00000000ed800000| Untracked 
| 217|0x00000000ed900000, 0x00000000ed900000, 0x00000000eda00000|  0%| F|  |TAMS 0x00000000ed900000| PB 0x00000000ed900000| Untracked 
| 218|0x00000000eda00000, 0x00000000eda00000, 0x00000000edb00000|  0%| F|  |TAMS 0x00000000eda00000| PB 0x00000000eda00000| Untracked 
| 219|0x00000000edb00000, 0x00000000edb00000, 0x00000000edc00000|  0%| F|  |TAMS 0x00000000edb00000| PB 0x00000000edb00000| Untracked 
| 220|0x00000000edc00000, 0x00000000edc00000, 0x00000000edd00000|  0%| F|  |TAMS 0x00000000edc00000| PB 0x00000000edc00000| Untracked 
| 221|0x00000000edd00000, 0x00000000edd00000, 0x00000000ede00000|  0%| F|  |TAMS 0x00000000edd00000| PB 0x00000000edd00000| Untracked 
| 222|0x00000000ede00000, 0x00000000ede00000, 0x00000000edf00000|  0%| F|  |TAMS 0x00000000ede00000| PB 0x00000000ede00000| Untracked 
| 223|0x00000000edf00000, 0x00000000edf611f0, 0x00000000ee000000| 37%| E|  |TAMS 0x00000000edf00000| PB 0x00000000edf00000| Complete 
| 224|0x00000000ee000000, 0x00000000ee100000, 0x00000000ee100000|100%| E|CS|TAMS 0x00000000ee000000| PB 0x00000000ee000000| Complete 
| 225|0x00000000ee100000, 0x00000000ee200000, 0x00000000ee200000|100%| E|CS|TAMS 0x00000000ee100000| PB 0x00000000ee100000| Complete 
| 226|0x00000000ee200000, 0x00000000ee300000, 0x00000000ee300000|100%| S|CS|TAMS 0x00000000ee200000| PB 0x00000000ee200000| Complete 
| 227|0x00000000ee300000, 0x00000000ee400000, 0x00000000ee400000|100%| S|CS|TAMS 0x00000000ee300000| PB 0x00000000ee300000| Complete 
| 228|0x00000000ee400000, 0x00000000ee500000, 0x00000000ee500000|100%| S|CS|TAMS 0x00000000ee400000| PB 0x00000000ee400000| Complete 
| 229|0x00000000ee500000, 0x00000000ee600000, 0x00000000ee600000|100%| E|CS|TAMS 0x00000000ee500000| PB 0x00000000ee500000| Complete 
| 230|0x00000000ee600000, 0x00000000ee700000, 0x00000000ee700000|100%| E|CS|TAMS 0x00000000ee600000| PB 0x00000000ee600000| Complete 
| 231|0x00000000ee700000, 0x00000000ee800000, 0x00000000ee800000|100%| E|CS|TAMS 0x00000000ee700000| PB 0x00000000ee700000| Complete 
| 232|0x00000000ee800000, 0x00000000ee900000, 0x00000000ee900000|100%| E|  |TAMS 0x00000000ee800000| PB 0x00000000ee800000| Complete 
| 233|0x00000000ee900000, 0x00000000eea00000, 0x00000000eea00000|100%| E|CS|TAMS 0x00000000ee900000| PB 0x00000000ee900000| Complete 
| 234|0x00000000eea00000, 0x00000000eeb00000, 0x00000000eeb00000|100%| E|CS|TAMS 0x00000000eea00000| PB 0x00000000eea00000| Complete 
| 235|0x00000000eeb00000, 0x00000000eec00000, 0x00000000eec00000|100%| E|CS|TAMS 0x00000000eeb00000| PB 0x00000000eeb00000| Complete 
| 236|0x00000000eec00000, 0x00000000eed00000, 0x00000000eed00000|100%| E|CS|TAMS 0x00000000eec00000| PB 0x00000000eec00000| Complete 
| 237|0x00000000eed00000, 0x00000000eee00000, 0x00000000eee00000|100%| E|CS|TAMS 0x00000000eed00000| PB 0x00000000eed00000| Complete 
| 238|0x00000000eee00000, 0x00000000eef00000, 0x00000000eef00000|100%| E|CS|TAMS 0x00000000eee00000| PB 0x00000000eee00000| Complete 
| 239|0x00000000eef00000, 0x00000000ef000000, 0x00000000ef000000|100%| E|CS|TAMS 0x00000000eef00000| PB 0x00000000eef00000| Complete 
| 240|0x00000000ef000000, 0x00000000ef100000, 0x00000000ef100000|100%| E|CS|TAMS 0x00000000ef000000| PB 0x00000000ef000000| Complete 
| 241|0x00000000ef100000, 0x00000000ef200000, 0x00000000ef200000|100%| E|CS|TAMS 0x00000000ef100000| PB 0x00000000ef100000| Complete 
| 242|0x00000000ef200000, 0x00000000ef300000, 0x00000000ef300000|100%| E|CS|TAMS 0x00000000ef200000| PB 0x00000000ef200000| Complete 
| 243|0x00000000ef300000, 0x00000000ef400000, 0x00000000ef400000|100%| E|CS|TAMS 0x00000000ef300000| PB 0x00000000ef300000| Complete 
| 244|0x00000000ef400000, 0x00000000ef500000, 0x00000000ef500000|100%| E|CS|TAMS 0x00000000ef400000| PB 0x00000000ef400000| Complete 
| 245|0x00000000ef500000, 0x00000000ef600000, 0x00000000ef600000|100%| E|CS|TAMS 0x00000000ef500000| PB 0x00000000ef500000| Complete 
| 246|0x00000000ef600000, 0x00000000ef700000, 0x00000000ef700000|100%| E|CS|TAMS 0x00000000ef600000| PB 0x00000000ef600000| Complete 
| 247|0x00000000ef700000, 0x00000000ef800000, 0x00000000ef800000|100%| E|CS|TAMS 0x00000000ef700000| PB 0x00000000ef700000| Complete 
| 248|0x00000000ef800000, 0x00000000ef900000, 0x00000000ef900000|100%| E|CS|TAMS 0x00000000ef800000| PB 0x00000000ef800000| Complete 
| 249|0x00000000ef900000, 0x00000000efa00000, 0x00000000efa00000|100%| E|CS|TAMS 0x00000000ef900000| PB 0x00000000ef900000| Complete 
| 250|0x00000000efa00000, 0x00000000efb00000, 0x00000000efb00000|100%| E|CS|TAMS 0x00000000efa00000| PB 0x00000000efa00000| Complete 
| 251|0x00000000efb00000, 0x00000000efc00000, 0x00000000efc00000|100%| E|CS|TAMS 0x00000000efb00000| PB 0x00000000efb00000| Complete 

Card table byte_map: [0x00000158a67d0000,0x00000158a68d0000] _byte_map_base: 0x00000158a60d0000

Marking Bits: (CMBitMap*) 0x000001588eaa1150
 Bits: [0x00000158a68d0000, 0x00000158a70d0000)

Polling page: 0x000001588c900000

Metaspace:

Usage:
  Non-class:     10.71 MB used.
      Class:      1.64 MB used.
       Both:     12.35 MB used.

Virtual space:
  Non-class space:       64.00 MB reserved,      10.88 MB ( 17%) committed,  1 nodes.
      Class space:        1.00 GB reserved,       1.75 MB ( <1%) committed,  1 nodes.
             Both:        1.06 GB reserved,      12.62 MB (  1%) committed. 

Chunk freelists:
   Non-Class:  4.62 MB
       Class:  14.25 MB
        Both:  18.88 MB

MaxMetaspaceSize: unlimited
CompressedClassSpaceSize: 1.00 GB
Initial GC threshold: 21.00 MB
Current GC threshold: 21.00 MB
CDS: on
 - commit_granule_bytes: 65536.
 - commit_granule_words: 8192.
 - virtual_space_node_default_size: 8388608.
 - enlarge_chunks_in_place: 1.
 - use_allocation_guard: 0.


Internal statistics:

num_allocs_failed_limit: 0.
num_arena_births: 296.
num_arena_deaths: 0.
num_vsnodes_births: 2.
num_vsnodes_deaths: 0.
num_space_committed: 202.
num_space_uncommitted: 0.
num_chunks_returned_to_freelist: 0.
num_chunks_taken_from_freelist: 758.
num_chunk_merges: 0.
num_chunk_splits: 440.
num_chunks_enlarged: 265.
num_inconsistent_stats: 0.

CodeHeap 'non-profiled nmethods': size=120000Kb used=803Kb max_used=803Kb free=119196Kb
 bounds [0x000001589ec50000, 0x000001589eec0000, 0x00000158a6180000]
CodeHeap 'profiled nmethods': size=120000Kb used=3868Kb max_used=3868Kb free=116131Kb
 bounds [0x0000015897180000, 0x0000015897550000, 0x000001589e6b0000]
CodeHeap 'non-nmethods': size=5760Kb used=1339Kb max_used=1375Kb free=4420Kb
 bounds [0x000001589e6b0000, 0x000001589e920000, 0x000001589ec50000]
CodeCache: size=245760Kb, used=6010Kb, max_used=6046Kb, free=239747Kb
 total_blobs=2487, nmethods=1983, adapters=408, full_count=0
Compilation: enabled, stopped_count=0, restarted_count=0

Compilation events (20 events):
Event: 10.203 Thread 0x00000158ef04d330 nmethod 1974 0x0000015897540710 code [0x0000015897540ba0, 0x0000015897542600]
Event: 10.208 Thread 0x00000158ef0208b0 1975       4       java.lang.invoke.MethodType::makeImpl (109 bytes)
Event: 10.217 Thread 0x00000158ef04d330 1976       3       java.lang.reflect.Method::equals (65 bytes)
Event: 10.218 Thread 0x00000158ef04d330 nmethod 1976 0x0000015897543210 code [0x0000015897543400, 0x0000015897543a90]
Event: 10.218 Thread 0x00000158ef04d330 1977       3       org.springframework.core.annotation.AttributeMethods::get (7 bytes)
Event: 10.219 Thread 0x00000158ef04d330 nmethod 1977 0x0000015897543c10 code [0x0000015897543dc0, 0x0000015897543ef8]
Event: 11.324 Thread 0x00000158ef04d330 1979       3       jdk.internal.org.objectweb.asm.AnnotationWriter::<init> (60 bytes)
Event: 11.325 Thread 0x00000158ef04d330 nmethod 1979 0x0000015897544010 code [0x00000158975441e0, 0x00000158975445c8]
Event: 11.356 Thread 0x00000158ef04d330 1981       3       java.util.concurrent.ConcurrentHashMap::sumCount (60 bytes)
Event: 11.357 Thread 0x00000158ef04d330 nmethod 1981 0x0000015897544710 code [0x00000158975448c0, 0x0000015897544b08]
Event: 12.397 Thread 0x00000158ef04d330 1982       3       org.springframework.util.Assert::notNull (14 bytes)
Event: 12.397 Thread 0x00000158ef04d330 nmethod 1982 0x0000015897544c10 code [0x0000015897544dc0, 0x0000015897544fa0]
Event: 12.398 Thread 0x00000158ef04d330 1983       3       java.util.concurrent.ConcurrentHashMap::containsKey (14 bytes)
Event: 12.398 Thread 0x00000158ef04d330 nmethod 1983 0x0000015897545090 code [0x0000015897545240, 0x00000158975453e8]
Event: 12.398 Thread 0x00000158ef04d330 1984       3       sun.invoke.util.VerifyAccess::isModuleAccessible (97 bytes)
Event: 12.399 Thread 0x00000158ef04d330 nmethod 1984 0x0000015897545490 code [0x0000015897545760, 0x00000158975463d0]
Event: 12.512 Thread 0x00000158ef04d330 1985       3       java.lang.Byte::<init> (10 bytes)
Event: 12.513 Thread 0x00000158ef04d330 nmethod 1985 0x0000015897546890 code [0x0000015897546a40, 0x0000015897546c08]
Event: 12.523 Thread 0x00000158ef04d330 1986       3       java.lang.Short::<init> (10 bytes)
Event: 12.523 Thread 0x00000158ef04d330 nmethod 1986 0x0000015897546d10 code [0x0000015897546ec0, 0x0000015897547088]

GC Heap History (2 events):
Event: 8.503 GC heap before
{Heap before GC invocations=0 (full 0):
 garbage-first heap   total 258048K, used 24576K [0x00000000e0000000, 0x0000000100000000)
  region size 1024K, 23 young (23552K), 0 survivors (0K)
 Metaspace       used 6363K, committed 6592K, reserved 1114112K
  class space    used 801K, committed 896K, reserved 1048576K
}
Event: 8.512 GC heap after
{Heap after GC invocations=1 (full 0):
 garbage-first heap   total 258048K, used 8162K [0x00000000e0000000, 0x0000000100000000)
  region size 1024K, 3 young (3072K), 3 survivors (3072K)
 Metaspace       used 6363K, committed 6592K, reserved 1114112K
  class space    used 801K, committed 896K, reserved 1048576K
}

Dll operation events (9 events):
Event: 0.009 Loaded shared library C:\Program Files\Eclipse Adoptium\jdk-21.0.10.7-hotspot\bin\java.dll
Event: 0.044 Loaded shared library C:\Program Files\Eclipse Adoptium\jdk-21.0.10.7-hotspot\bin\jsvml.dll
Event: 0.153 Loaded shared library C:\Program Files\Eclipse Adoptium\jdk-21.0.10.7-hotspot\bin\net.dll
Event: 0.155 Loaded shared library C:\Program Files\Eclipse Adoptium\jdk-21.0.10.7-hotspot\bin\nio.dll
Event: 0.160 Loaded shared library C:\Program Files\Eclipse Adoptium\jdk-21.0.10.7-hotspot\bin\zip.dll
Event: 0.255 Loaded shared library C:\Program Files\Eclipse Adoptium\jdk-21.0.10.7-hotspot\bin\verify.dll
Event: 0.262 Loaded shared library C:\Program Files\Eclipse Adoptium\jdk-21.0.10.7-hotspot\bin\jimage.dll
Event: 0.681 Loaded shared library C:\Program Files\Eclipse Adoptium\jdk-21.0.10.7-hotspot\bin\extnet.dll
Event: 3.928 Loaded shared library C:\Program Files\Eclipse Adoptium\jdk-21.0.10.7-hotspot\bin\sunmscapi.dll

Deoptimization events (20 events):
Event: 9.870 Thread 0x000001588ea758f0 Uncommon trap: trap_request=0xffffffde fr.pc=0x000001589ed1564c relative=0x000000000000012c
Event: 9.870 Thread 0x000001588ea758f0 Uncommon trap: reason=class_check action=maybe_recompile pc=0x000001589ed1564c method=jdk.internal.misc.Unsafe.allocateUninitializedArray(Ljava/lang/Class;I)Ljava/lang/Object; @ 51 c2
Event: 9.870 Thread 0x000001588ea758f0 DEOPT PACKING pc=0x000001589ed1564c sp=0x0000000e7a8fb300
Event: 9.871 Thread 0x000001588ea758f0 DEOPT UNPACKING pc=0x000001589e704422 sp=0x0000000e7a8fb278 mode 2
Event: 9.871 Thread 0x000001588ea758f0 Uncommon trap: trap_request=0xffffffde fr.pc=0x000001589ed1564c relative=0x000000000000012c
Event: 9.871 Thread 0x000001588ea758f0 Uncommon trap: reason=class_check action=maybe_recompile pc=0x000001589ed1564c method=jdk.internal.misc.Unsafe.allocateUninitializedArray(Ljava/lang/Class;I)Ljava/lang/Object; @ 51 c2
Event: 9.871 Thread 0x000001588ea758f0 DEOPT PACKING pc=0x000001589ed1564c sp=0x0000000e7a8fac70
Event: 9.871 Thread 0x000001588ea758f0 DEOPT UNPACKING pc=0x000001589e704422 sp=0x0000000e7a8fabe8 mode 2
Event: 9.871 Thread 0x000001588ea758f0 Uncommon trap: trap_request=0xffffffde fr.pc=0x000001589ed1564c relative=0x000000000000012c
Event: 9.871 Thread 0x000001588ea758f0 Uncommon trap: reason=class_check action=maybe_recompile pc=0x000001589ed1564c method=jdk.internal.misc.Unsafe.allocateUninitializedArray(Ljava/lang/Class;I)Ljava/lang/Object; @ 51 c2
Event: 9.871 Thread 0x000001588ea758f0 DEOPT PACKING pc=0x000001589ed1564c sp=0x0000000e7a8fac70
Event: 9.871 Thread 0x000001588ea758f0 DEOPT UNPACKING pc=0x000001589e704422 sp=0x0000000e7a8fabe8 mode 2
Event: 9.871 Thread 0x000001588ea758f0 Uncommon trap: trap_request=0xffffffde fr.pc=0x000001589ed1564c relative=0x000000000000012c
Event: 9.871 Thread 0x000001588ea758f0 Uncommon trap: reason=class_check action=maybe_recompile pc=0x000001589ed1564c method=jdk.internal.misc.Unsafe.allocateUninitializedArray(Ljava/lang/Class;I)Ljava/lang/Object; @ 51 c2
Event: 9.872 Thread 0x000001588ea758f0 DEOPT PACKING pc=0x000001589ed1564c sp=0x0000000e7a8fac70
Event: 9.872 Thread 0x000001588ea758f0 DEOPT UNPACKING pc=0x000001589e704422 sp=0x0000000e7a8fabe8 mode 2
Event: 9.896 Thread 0x000001588ea758f0 DEOPT PACKING pc=0x00000158974d6fbd sp=0x0000000e7a8f4ff0
Event: 9.896 Thread 0x000001588ea758f0 DEOPT UNPACKING pc=0x000001589e704bc2 sp=0x0000000e7a8f44f8 mode 0
Event: 10.197 Thread 0x000001588ea758f0 DEOPT PACKING pc=0x0000015897520402 sp=0x0000000e7a8fa9b0
Event: 10.197 Thread 0x000001588ea758f0 DEOPT UNPACKING pc=0x000001589e704bc2 sp=0x0000000e7a8f9ec0 mode 0

Classes loaded (20 events):
Event: 10.172 Loading class java/nio/file/InvalidPathException
Event: 10.173 Loading class java/nio/file/InvalidPathException done
Event: 10.178 Loading class java/util/Collections$UnmodifiableMap$UnmodifiableEntrySet
Event: 10.179 Loading class java/util/Collections$UnmodifiableMap$UnmodifiableEntrySet done
Event: 10.179 Loading class java/util/Collections$UnmodifiableMap$UnmodifiableEntrySet$1
Event: 10.179 Loading class java/util/Collections$UnmodifiableMap$UnmodifiableEntrySet$1 done
Event: 10.179 Loading class java/util/Collections$UnmodifiableMap$UnmodifiableEntrySet$UnmodifiableEntry
Event: 10.179 Loading class java/util/Collections$UnmodifiableMap$UnmodifiableEntrySet$UnmodifiableEntry done
Event: 10.190 Loading class java/util/LinkedList$Node
Event: 10.190 Loading class java/util/LinkedList$Node done
Event: 10.191 Loading class java/util/LinkedList$ListItr
Event: 10.191 Loading class java/util/LinkedList$ListItr done
Event: 10.191 Loading class java/util/LinkedList$LLSpliterator
Event: 10.191 Loading class java/util/LinkedList$LLSpliterator done
Event: 11.280 Loading class java/beans/PropertyEditor
Event: 11.281 Loading class java/beans/PropertyEditor done
Event: 12.512 Loading class java/lang/Byte$ByteCache
Event: 12.512 Loading class java/lang/Byte$ByteCache done
Event: 12.520 Loading class java/lang/Short$ShortCache
Event: 12.521 Loading class java/lang/Short$ShortCache done

Classes unloaded (0 events):
No events

Classes redefined (0 events):
No events

Internal exceptions (20 events):
Event: 9.065 Thread 0x000001588ea758f0 Exception <a 'java/lang/NoSuchMethodError'{0x00000000ef5cd100}: 'int java.lang.invoke.DirectMethodHandle$Holder.invokeStatic(java.lang.Object, java.lang.Object, java.lang.Object, java.lang.Object, java.lang.Object)'> (0x00000000ef5cd100) 
thrown [s\src\hotspot\share\interpreter\linkResolver.cpp, line 773]
Event: 9.083 Thread 0x000001588ea758f0 Exception <a 'java/lang/NoSuchMethodError'{0x00000000ef41aa00}: 'void java.lang.invoke.DirectMethodHandle$Holder.invokeStaticInit(java.lang.Object)'> (0x00000000ef41aa00) 
thrown [s\src\hotspot\share\interpreter\linkResolver.cpp, line 773]
Event: 9.117 Thread 0x000001588ea758f0 Exception <a 'java/lang/NoSuchMethodError'{0x00000000ef4f8b48}: 'void java.lang.invoke.DirectMethodHandle$Holder.invokeStaticInit(java.lang.Object, java.lang.Object, java.lang.Object, java.lang.Object)'> (0x00000000ef4f8b48) 
thrown [s\src\hotspot\share\interpreter\linkResolver.cpp, line 773]
Event: 9.126 Thread 0x000001588ea758f0 Exception <a 'java/lang/NoSuchMethodError'{0x00000000ef32fe78}: 'java.lang.Object java.lang.invoke.DirectMethodHandle$Holder.newInvokeSpecial(java.lang.Object, java.lang.Object, int)'> (0x00000000ef32fe78) 
thrown [s\src\hotspot\share\interpreter\linkResolver.cpp, line 773]
Event: 9.162 Thread 0x000001588ea758f0 Exception <a 'java/lang/NoSuchMethodError'{0x00000000ef3f2a48}: 'int java.lang.invoke.DirectMethodHandle$Holder.invokeStaticInit(java.lang.Object, java.lang.Object)'> (0x00000000ef3f2a48) 
thrown [s\src\hotspot\share\interpreter\linkResolver.cpp, line 773]
Event: 9.235 Thread 0x000001588ea758f0 Exception <a 'java/lang/NoSuchMethodError'{0x00000000ef131fc8}: 'void java.lang.invoke.DirectMethodHandle$Holder.invokeStatic(java.lang.Object, java.lang.Object)'> (0x00000000ef131fc8) 
thrown [s\src\hotspot\share\interpreter\linkResolver.cpp, line 773]
Event: 9.251 Thread 0x000001588ea758f0 Exception <a 'java/lang/NoSuchMethodError'{0x00000000ef1b82e8}: 'java.lang.Object java.lang.invoke.DirectMethodHandle$Holder.newInvokeSpecial(java.lang.Object, java.lang.Object, java.lang.Object, java.lang.Object, java.lang.Object, java.lang.Object, java.lang.Object)'> (0x00000000ef1b82e8) 
thrown [s\src\hotspot\share\interpreter\linkResolver.cpp, line 773]
Event: 9.254 Thread 0x000001588ea758f0 Exception <a 'java/lang/NoSuchMethodError'{0x00000000ef1c9a68}: 'java.lang.Object java.lang.invoke.DirectMethodHandle$Holder.invokeInterface(java.lang.Object, java.lang.Object, java.lang.Object, java.lang.Object, java.lang.Object)'> (0x00000000ef1c9a68) 
thrown [s\src\hotspot\share\interpreter\linkResolver.cpp, line 773]
Event: 9.255 Thread 0x000001588ea758f0 Exception <a 'java/lang/IncompatibleClassChangeError'{0x00000000ef1cd5b0}: Found class java.lang.Object, but interface was expected> (0x00000000ef1cd5b0) 
thrown [s\src\hotspot\share\interpreter\linkResolver.cpp, line 840]
Event: 9.509 Thread 0x000001588ea758f0 Exception <a 'java/lang/ClassNotFoundException'{0x00000000eec78ec0}: javax/smartcardio/CardPermission> (0x00000000eec78ec0) 
thrown [s\src\hotspot\share\classfile\systemDictionary.cpp, line 312]
Event: 9.517 Thread 0x000001588ea758f0 Exception <a 'java/io/FileNotFoundException'{0x00000000eec889b0}> (0x00000000eec889b0) 
thrown [s\src\hotspot\share\prims\jni.cpp, line 520]
Event: 9.556 Thread 0x000001588ea758f0 Exception <a 'java/lang/NoSuchMethodError'{0x00000000eeb120d8}: 'java.lang.Object java.lang.invoke.DirectMethodHandle$Holder.invokeSpecial(java.lang.Object, java.lang.Object, java.lang.Object, long, java.lang.Object)'> (0x00000000eeb120d8) 
thrown [s\src\hotspot\share\interpreter\linkResolver.cpp, line 773]
Event: 9.557 Thread 0x000001588ea758f0 Exception <a 'java/lang/NoSuchMethodError'{0x00000000eeb16258}: 'java.lang.Object java.lang.invoke.Invokers$Holder.linkToTargetMethod(java.lang.Object, long, java.lang.Object, java.lang.Object)'> (0x00000000eeb16258) 
thrown [s\src\hotspot\share\interpreter\linkResolver.cpp, line 773]
Event: 9.592 Thread 0x000001588ea758f0 Implicit null exception at 0x000001589ece34e9 to 0x000001589ece3cf4
Event: 9.592 Thread 0x000001588ea758f0 Implicit null exception at 0x000001589ecb35bd to 0x000001589ecb3641
Event: 9.625 Thread 0x000001588ea758f0 Exception <a 'java/lang/NoSuchMethodError'{0x00000000eea2cca0}: 'int java.lang.invoke.DirectMethodHandle$Holder.invokeStaticInit(java.lang.Object, java.lang.Object, java.lang.Object)'> (0x00000000eea2cca0) 
thrown [s\src\hotspot\share\interpreter\linkResolver.cpp, line 773]
Event: 9.781 Thread 0x000001588ea758f0 Exception <a 'java/lang/NoSuchMethodError'{0x00000000ee9fd308}: 'void java.lang.invoke.DirectMethodHandle$Holder.invokeVirtual(java.lang.Object, java.lang.Object)'> (0x00000000ee9fd308) 
thrown [s\src\hotspot\share\interpreter\linkResolver.cpp, line 773]
Event: 10.026 Thread 0x000001588ea758f0 Exception <a 'sun/nio/fs/WindowsException'{0x00000000ee6d8a80}> (0x00000000ee6d8a80) 
thrown [s\src\hotspot\share\prims\jni.cpp, line 520]
Event: 10.189 Thread 0x000001588ea758f0 Exception <a 'java/lang/NoSuchMethodError'{0x00000000ee16fac0}: 'void java.lang.invoke.DirectMethodHandle$Holder.invokeVirtual(java.lang.Object, java.lang.Object, java.lang.Object, java.lang.Object)'> (0x00000000ee16fac0) 
thrown [s\src\hotspot\share\interpreter\linkResolver.cpp, line 773]
Event: 11.324 Thread 0x000001588ea758f0 Exception <a 'java/lang/NoSuchMethodError'{0x00000000ee096278}: 'int java.lang.invoke.DirectMethodHandle$Holder.invokeSpecial(java.lang.Object, java.lang.Object, java.lang.Object, java.lang.Object)'> (0x00000000ee096278) 
thrown [s\src\hotspot\share\interpreter\linkResolver.cpp, line 773]

ZGC Phase Switch (0 events):
No events

VM Operations (20 events):
Event: 7.248 Executing safepoint VM operation: Cleanup
Event: 7.248 Executing safepoint VM operation: Cleanup done
Event: 7.411 Executing non-safepoint VM operation: HandshakeAllThreads (Deoptimize)
Event: 7.411 Executing non-safepoint VM operation: HandshakeAllThreads (Deoptimize) done
Event: 7.412 Executing non-safepoint VM operation: HandshakeAllThreads (Deoptimize)
Event: 7.412 Executing non-safepoint VM operation: HandshakeAllThreads (Deoptimize) done
Event: 8.425 Executing safepoint VM operation: Cleanup
Event: 8.425 Executing safepoint VM operation: Cleanup done
Event: 8.503 Executing safepoint VM operation: G1CollectForAllocation (G1 Evacuation Pause)
Event: 8.512 Executing safepoint VM operation: G1CollectForAllocation (G1 Evacuation Pause) done
Event: 8.636 Executing non-safepoint VM operation: HandshakeAllThreads (Deoptimize)
Event: 8.636 Executing non-safepoint VM operation: HandshakeAllThreads (Deoptimize) done
Event: 8.978 Executing non-safepoint VM operation: HandshakeAllThreads (Deoptimize)
Event: 8.978 Executing non-safepoint VM operation: HandshakeAllThreads (Deoptimize) done
Event: 9.261 Executing non-safepoint VM operation: HandshakeAllThreads (Deoptimize)
Event: 9.261 Executing non-safepoint VM operation: HandshakeAllThreads (Deoptimize) done
Event: 9.441 Executing non-safepoint VM operation: HandshakeAllThreads (Deoptimize)
Event: 9.441 Executing non-safepoint VM operation: HandshakeAllThreads (Deoptimize) done
Event: 10.447 Executing safepoint VM operation: Cleanup
Event: 10.447 Executing safepoint VM operation: Cleanup done

Memory protections (0 events):
No events

Nmethod flushes (0 events):
No events

Events (20 events):
Event: 0.027 Thread 0x000001588ea758f0 Thread added: 0x000001588ea758f0
Event: 0.041 Thread 0x000001588ea758f0 Thread added: 0x00000158ef00f040
Event: 0.041 Thread 0x000001588ea758f0 Thread added: 0x00000158ef0121c0
Event: 0.041 Thread 0x000001588ea758f0 Thread added: 0x00000158ef015500
Event: 0.042 Thread 0x000001588ea758f0 Thread added: 0x00000158ef0161c0
Event: 0.042 Thread 0x000001588ea758f0 Thread added: 0x00000158ef016f80
Event: 0.042 Thread 0x000001588ea758f0 Thread added: 0x00000158ef017b10
Event: 0.042 Thread 0x000001588ea758f0 Thread added: 0x00000158ef0208b0
Event: 0.042 Thread 0x000001588ea758f0 Thread added: 0x00000158ef04d330
Event: 0.147 Thread 0x000001588ea758f0 Thread added: 0x00000158ef18b2d0
Event: 0.149 Thread 0x000001588ea758f0 Thread added: 0x00000158ef18df20
Event: 0.172 Thread 0x00000158ef04d330 Thread added: 0x00000158ef1bf460
Event: 2.806 Thread 0x000001588ea758f0 Thread added: 0x00000158efaa20e0
Event: 5.159 Thread 0x000001588ea758f0 Thread added: 0x00000158efc62710
Event: 5.161 Thread 0x000001588ea758f0 Thread added: 0x00000158efbdf260
Event: 8.448 Thread 0x00000158ef1bf460 Thread exited: 0x00000158ef1bf460
Event: 9.503 Thread 0x00000158ef04d330 Thread added: 0x00000158f007c350
Event: 9.503 Thread 0x00000158ef04d330 Thread added: 0x00000158f007ca00
Event: 9.845 Thread 0x00000158f007ca00 Thread exited: 0x00000158f007ca00
Event: 9.845 Thread 0x00000158f007c350 Thread exited: 0x00000158f007c350


Dynamic libraries:
0x00007ff7d5080000 - 0x00007ff7d508e000 	C:\Program Files\Eclipse Adoptium\jdk-21.0.10.7-hotspot\bin\java.exe
0x00007ffab76c0000 - 0x00007ffab7927000 	C:\WINDOWS\SYSTEM32\ntdll.dll
0x00007ffab60f0000 - 0x00007ffab61b9000 	C:\WINDOWS\System32\KERNEL32.DLL
0x00007ffab4da0000 - 0x00007ffab5191000 	C:\WINDOWS\System32\KERNELBASE.dll
0x00007ffab4bc0000 - 0x00007ffab4d0b000 	C:\WINDOWS\System32\ucrtbase.dll
0x00007ffaa0000000 - 0x00007ffaa001e000 	C:\Program Files\Eclipse Adoptium\jdk-21.0.10.7-hotspot\bin\VCRUNTIME140.dll
0x00007ffa9fe70000 - 0x00007ffa9fe88000 	C:\Program Files\Eclipse Adoptium\jdk-21.0.10.7-hotspot\bin\jli.dll
0x00007ffab63f0000 - 0x00007ffab65b5000 	C:\WINDOWS\System32\USER32.dll
0x00007ffab5430000 - 0x00007ffab5457000 	C:\WINDOWS\System32\win32u.dll
0x00007ffab5460000 - 0x00007ffab548b000 	C:\WINDOWS\System32\GDI32.dll
0x00007ffa9b7f0000 - 0x00007ffa9ba83000 	C:\WINDOWS\WinSxS\amd64_microsoft.windows.common-controls_6595b64144ccf1df_6.0.26100.8037_none_3e092faae333b53b\COMCTL32.dll
0x00007ffab51a0000 - 0x00007ffab52cb000 	C:\WINDOWS\System32\gdi32full.dll
0x00007ffab6340000 - 0x00007ffab63e9000 	C:\WINDOWS\System32\msvcrt.dll
0x00007ffab5380000 - 0x00007ffab5423000 	C:\WINDOWS\System32\msvcp_win.dll
0x00007ffab5f90000 - 0x00007ffab5fc1000 	C:\WINDOWS\System32\IMM32.DLL
0x00007ffa9fcb0000 - 0x00007ffa9fcbc000 	C:\Program Files\Eclipse Adoptium\jdk-21.0.10.7-hotspot\bin\vcruntime140_1.dll
0x00007ffa91790000 - 0x00007ffa9181d000 	C:\Program Files\Eclipse Adoptium\jdk-21.0.10.7-hotspot\bin\msvcp140.dll
0x00007ffa1fce0000 - 0x00007ffa20a81000 	C:\Program Files\Eclipse Adoptium\jdk-21.0.10.7-hotspot\bin\server\jvm.dll
0x00007ffab5490000 - 0x00007ffab554b000 	C:\WINDOWS\System32\ADVAPI32.dll
0x00007ffab6040000 - 0x00007ffab60e7000 	C:\WINDOWS\System32\sechost.dll
0x00007ffab6680000 - 0x00007ffab6798000 	C:\WINDOWS\System32\RPCRT4.dll
0x00007ffab7600000 - 0x00007ffab7674000 	C:\WINDOWS\System32\WS2_32.dll
0x00007ffaab550000 - 0x00007ffaab585000 	C:\WINDOWS\SYSTEM32\WINMM.dll
0x00007ffaa5460000 - 0x00007ffaa546b000 	C:\WINDOWS\SYSTEM32\VERSION.dll
0x00007ffab3e00000 - 0x00007ffab3e5e000 	C:\WINDOWS\SYSTEM32\POWRPROF.dll
0x00007ffab3de0000 - 0x00007ffab3df4000 	C:\WINDOWS\SYSTEM32\UMPDC.dll
0x00007ffab2cf0000 - 0x00007ffab2d0b000 	C:\WINDOWS\SYSTEM32\kernel.appcore.dll
0x00007ffa9e2f0000 - 0x00007ffa9e2fa000 	C:\Program Files\Eclipse Adoptium\jdk-21.0.10.7-hotspot\bin\jimage.dll
0x00007ffab1da0000 - 0x00007ffab1fe2000 	C:\WINDOWS\SYSTEM32\DBGHELP.DLL
0x00007ffab7110000 - 0x00007ffab7492000 	C:\WINDOWS\System32\combase.dll
0x00007ffab5e50000 - 0x00007ffab5f27000 	C:\WINDOWS\System32\OLEAUT32.dll
0x00007ffa9e490000 - 0x00007ffa9e4cb000 	C:\WINDOWS\SYSTEM32\dbgcore.DLL
0x00007ffab52d0000 - 0x00007ffab5375000 	C:\WINDOWS\System32\bcryptPrimitives.dll
0x00007ffa9c660000 - 0x00007ffa9c680000 	C:\Program Files\Eclipse Adoptium\jdk-21.0.10.7-hotspot\bin\java.dll
0x00007ffab67a0000 - 0x00007ffab6eff000 	C:\WINDOWS\System32\SHELL32.dll
0x00007ffab4990000 - 0x00007ffab4afa000 	C:\WINDOWS\System32\wintypes.dll
0x00007ffab4120000 - 0x00007ffab4984000 	C:\WINDOWS\System32\windows.storage.dll
0x00007ffab5c40000 - 0x00007ffab5d37000 	C:\WINDOWS\System32\SHCORE.dll
0x00007ffab61d0000 - 0x00007ffab6237000 	C:\WINDOWS\System32\shlwapi.dll
0x00007ffab3ec0000 - 0x00007ffab3ee9000 	C:\WINDOWS\SYSTEM32\profapi.dll
0x00007ffa916b0000 - 0x00007ffa91787000 	C:\Program Files\Eclipse Adoptium\jdk-21.0.10.7-hotspot\bin\jsvml.dll
0x00007ffa9e280000 - 0x00007ffa9e290000 	C:\Program Files\Eclipse Adoptium\jdk-21.0.10.7-hotspot\bin\net.dll
0x00007ffaab2a0000 - 0x00007ffaab3c7000 	C:\WINDOWS\SYSTEM32\WINHTTP.dll
0x00007ffab3240000 - 0x00007ffab32ab000 	C:\WINDOWS\system32\mswsock.dll
0x00007ffa96780000 - 0x00007ffa96796000 	C:\Program Files\Eclipse Adoptium\jdk-21.0.10.7-hotspot\bin\nio.dll
0x00007ffa96760000 - 0x00007ffa96778000 	C:\Program Files\Eclipse Adoptium\jdk-21.0.10.7-hotspot\bin\zip.dll
0x00007ffa9d290000 - 0x00007ffa9d2a0000 	C:\Program Files\Eclipse Adoptium\jdk-21.0.10.7-hotspot\bin\verify.dll
0x00007ffa9c650000 - 0x00007ffa9c659000 	C:\Program Files\Eclipse Adoptium\jdk-21.0.10.7-hotspot\bin\extnet.dll
0x00007ffa9c250000 - 0x00007ffa9c25e000 	C:\Program Files\Eclipse Adoptium\jdk-21.0.10.7-hotspot\bin\sunmscapi.dll
0x00007ffab3fa0000 - 0x00007ffab4117000 	C:\WINDOWS\System32\CRYPT32.dll
0x00007ffab37a0000 - 0x00007ffab37d0000 	C:\WINDOWS\SYSTEM32\ncrypt.dll
0x00007ffab3750000 - 0x00007ffab378f000 	C:\WINDOWS\SYSTEM32\NTASN1.dll
0x00007ffa9d3f0000 - 0x00007ffa9d3f8000 	C:\WINDOWS\system32\wshunix.dll
0x00007ffab3640000 - 0x00007ffab365b000 	C:\WINDOWS\SYSTEM32\CRYPTSP.dll
0x00007ffab2c50000 - 0x00007ffab2c89000 	C:\WINDOWS\system32\rsaenh.dll
0x00007ffab32f0000 - 0x00007ffab3322000 	C:\WINDOWS\SYSTEM32\USERENV.dll
0x00007ffab3e90000 - 0x00007ffab3eba000 	C:\WINDOWS\SYSTEM32\bcrypt.dll
0x00007ffab34a0000 - 0x00007ffab34ac000 	C:\WINDOWS\SYSTEM32\CRYPTBASE.dll
0x00007ffab2680000 - 0x00007ffab26b3000 	C:\WINDOWS\SYSTEM32\IPHLPAPI.DLL
0x00007ffab6f20000 - 0x00007ffab6f2a000 	C:\WINDOWS\System32\NSI.dll

JVMTI agents: none

dbghelp: loaded successfully - version: 4.0.5 - missing functions: none
symbol engine: initialized successfully - sym options: 0x614 - pdb path: .;C:\Program Files\Eclipse Adoptium\jdk-21.0.10.7-hotspot\bin;C:\WINDOWS\SYSTEM32;C:\WINDOWS\WinSxS\amd64_microsoft.windows.common-controls_6595b64144ccf1df_6.0.26100.8037_none_3e092faae333b53b;C:\Program Files\Eclipse Adoptium\jdk-21.0.10.7-hotspot\bin\server

VM Arguments:
jvm_args: -Dorg.gradle.internal.worker.tmpdir=C:\Users\kangdow\dev\project\ai-project\second-project\libs\java-observability\build\tmp\test\work -XX:+EnableDynamicAgentLoading -Xmx512m -Dfile.encoding=UTF-8 -Duser.country=KR -Duser.language=ko -Duser.variant -ea 
java_command: worker.org.gradle.process.internal.worker.GradleWorkerMain 'Gradle Test Executor 26'
java_class_path (initial): C:\\Users\\kangdow\\.gradle\\caches\\8.14.3\\workerMain\\gradle-worker.jar;C:\\Users\\kangdow\\dev\\project\\ai-project\\second-project\\libs\\java-observability\\build\\classes\\java\\test;C:\\Users\\kangdow\\dev\\project\\ai-project\\second-project\\libs\\java-observability\\build\\classes\\java\\main;C:\\Users\\kangdow\\dev\\project\\ai-project\\second-project\\libs\\java-observability\\build\\resources\\main;C:\\Users\\kangdow\\.gradle\\caches\\modules-2\\files-2.1\\org.springframework.boot\\spring-boot-starter-actuator\\3.4.1\\bd347cc46f34c8b9a6f33b4d103bcfb3b11fc6f8\\spring-boot-starter-actuator-3.4.1.jar;C:\\Users\\kangdow\\.gradle\\caches\\modules-2\\files-2.1\\io.micrometer\\micrometer-registry-prometheus\\1.14.2\\724ef1b2a41e78fbff35dd6827bb59661cadad0a\\micrometer-registry-prometheus-1.14.2.jar;C:\\Users\\kangdow\\.gradle\\caches\\modules-2\\files-2.1\\io.opentelemetry\\opentelemetry-api\\1.43.0\\ce6889e709baac891833dc1c718702661650b3b3\\opentelemetry-api-1.43.0.jar;C:\\Users\\kangdow\\.gradle\\caches\\modules-2\\files-2.1\\net.logstash.logback\\logstash-logback-encoder\\8.0\\73a2ae828d20f710be8439af3c1a53d21a62dc0f\\logstash-logback-encoder-8.0.jar;C:\\Users\\kangdow\\.gradle\\caches\\modules-2\\files-2.1\\org.springframework.boot\\spring-boot-starter-test\\3.4.1\\ac1caa2ab4c8eaedd82abab3ed8d27a1b4ee2da8\\spring-boot-starter-test-3.4.1.jar;C:\\Users\\kangdow\\.gradle\\caches\\modules-2\\files-2.1\\org.springframework.boot\\spring-boot-starter-web\\3.4.1\\ff7227fc62338e0f6eba3f9f94c12eb952d4da95\\spring-boot-starter-web-3.4.1.jar;C:\\Users\\kangdow\\.gradle\\caches\\modules-2\\files-2.1\\jakarta.servlet\\jakarta.servlet-api\\6.0.0\\abecc699286e65035ebba9844c03931357a6a963\\jakarta.servlet-api-6.0.0.jar;C:\\Users\\kangdow\\.gradle\\caches\\modules-2\\files-2.1\\org.springframework.boot\\spring-boot-starter-json\\3.4.1\\c1d084f65d8d9f2de9daccab47c4f452fb0464de\\spring-boot-starter-json-3.4.1.jar;C:\\Users\\kangdow\\.gradle\\caches\\modules-2\\files-2.1\\org.springframework.boot\\spring-boot-starter\\3.4.1\\2c97b6fdc451ea69cd04dcfa54980439b7c7cb34\\spring-boot-starter-3.4.1.jar;C:\\Users\\kangdow\\.gradle\\caches\\modules-2\\files-2.1\\org.springframework.boot\\spring-boot-actuator-autoconfigure\\3.4.1\\75ab4d3c257fc5b00fbfa8099ec35b6c9702b629\\spring-boot-actuator-autoconfigure-3.4.1.jar;C:\\Users\\kangdow\\.gradle\\caches\\modules-2\\files-2.1\\io.micrometer\\micrometer-jakarta9\\1.14.2\\50950404a99cde864c0e4ff3b1647e5be75d7570\\micrometer-jakarta9-1.14.2.jar;C:\\Users\\kangdow\\.gradle\\caches\\modules-2\\files-2.1\\io.micrometer\\micrometer-core\\1.14.2\\7ec567b052bc560ba76a95eff222fb7999b79817\\micrometer-core-1.14.2.jar;C:\\Users\\kangdow\\.gradle\\caches\\modules-2\\files-2.1\\org.springframework\\spring-webmvc\\6.2.1\\44bdf7e5641d44044ac52d7bb5c1fc46004e7754\\spring-webmvc-6.2.1.jar;C:\\Users\\kangdow\\.gradle\\caches\\modules-2\\files-2.1\\org.springframework\\spring-web\\6.2.1\\877acb94c5b3a0c92e652b6bebdfdc7c60922ac8\\spring-web-6.2.1.jar;C:\\Users\\kangdow\\.gradle\\caches\\modules-2\\files-2.1\\org.springframework.boot\\spring-boot-test-autoconfigure\\3.4.1\\87ac4bbb73af12298ddf1cd6830121527e6de7c7\\spring-boot-test-autoconfigure-3.4.1.jar;C:\\Users\\kangdow\\.gradle\\caches\\modules-2\\files-2.1\\org.springframework.boot\\spring-boot-test\\3.4.1\\56fb2970279daa00359e37fabdc3bf46a1ab1a8b\\spring-boot-test-3.4.1.jar;C:\\Users\\kangdow\\.gradle\\caches\\modules-2\\files-2.1\\org.springframework.boot\\spring-boot-autoconfigure\\3.4.1\\f17b54cc5816ec8f06d0aca9df11c330ead97f2a\\spring-boot-autoconfigure-3.4.1.jar;C:\\Users\\kangdow\\.gradle\\caches\\modules-2\\files-2.1\\org.springframework.boot\\spring-boot-actuator\\3.4.1\\77873fd387c46b7bb350cc6127a3b0162c41f9bf\\spring-boot-actuator-3.4.1.jar;C:\\Users\\kangdow\\.gradle\\caches\\modules-2\\files-2.1\\org.springframework.boot\\spring-boot\\3.4.1\\5fb9890a5eb7c4e86c8f5c0f6960b79240daf3d5\\spring-boot-3.4.1.jar;C:\\Users\\kangdow\\.gradle\\caches\\modules-2\\files-2.1\\org.springframework\\spring-context\\6.2.1\\f56c7431b03860bfdb016e68f484c5c35531ef2e\\spring-context-6.2.1.jar;C:\\Users\\kangdow\\.gradle\\caches\\modules-2\\files-2.1\\io.micrometer\\micrometer-observation\\1.14.2\\a9cad29cc04c0f7e30e3e58b454d4cd47ccc54bd\\micrometer-observation-1.14.2.jar;C:\\Users\\kangdow\\.gradle\\caches\\modules-2\\files-2.1\\io.prometheus\\prometheus-metrics-core\\1.3.5\\2169cfe39084609c72a1fcd1a5775f74a4531919\\prometheus-metrics-core-1.3.5.jar;C:\\Users\\kangdow\\.gradle\\caches\\modules-2\\files-2.1\\io.prometheus\\prometheus-metrics-tracer-common\\1.3.5\\adf529b691eb4514124662ad47e67676be52c3d8\\prometheus-metrics-tracer-common-1.3.5.jar;C:\\Users\\kangdow\\.gradle\\caches\\modules-2\\files-2.1\\io.prometheus\\prometheus-metrics-exposition-formats\\1.3.5\\3a5d2539dad545b15a60f7113a01734779906d97\\prometheus-metrics-exposition-formats-1.3.5.jar;C:\\Users\\kangdow\\.gradle\\caches\\modules-2\\files-2.1\\io.opentelemetry\\opentelemetry-context\\1.43.0\\473c7a67d2d587f7faefe7b6d9c00743e82819ee\\opentelemetry-context-1.43.0.jar;C:\\Users\\kangdow\\.gradle\\caches\\modules-2\\files-2.1\\com.fasterxml.jackson.core\\jackson-annotations\\2.18.2\\985d77751ebc7fce5db115a986bc9aa82f973f4a\\jackson-annotations-2.18.2.jar;C:\\Users\\kangdow\\.gradle\\caches\\modules-2\\files-2.1\\com.fasterxml.jackson.datatype\\jackson-datatype-jdk8\\2.18.2\\9ed6d538ebcc66864e114a7040953dce6ab6ea53\\jackson-datatype-jdk8-2.18.2.jar;C:\\Users\\kangdow\\.gradle\\caches\\modules-2\\files-2.1\\com.fasterxml.jackson.module\\jackson-module-parameter-names\\2.18.2\\72960cb3277347a748911d100c3302d60e8a616a\\jackson-module-parameter-names-2.18.2.jar;C:\\Users\\kangdow\\.gradle\\caches\\modules-2\\files-2.1\\com.fasterxml.jackson.core\\jackson-core\\2.18.2\\fb64ccac5c27dca8819418eb4e443a9f496d9ee7\\jackson-core-2.18.2.jar;C:\\Users\\kangdow\\.gradle\\caches\\modules-2\\files-2.1\\com.fasterxml.jackson.datatype\\jackson-datatype-jsr310\\2.18.2\\7b6ff96adf421f4c6edbd694e797dd8fe434510a\\jackson-datatype-jsr310-2.18.2.jar;C:\\Users\\kangdow\\.gradle\\caches\\modules-2\\files-2.1\\com.fasterxml.jackson.core\\jackson-databind\\2.18.2\\deef8697b92141fb6caf7aa86966cff4eec9b04f\\jackson-databind-2.18.2.jar;C:\\Users\\kangdow\\.gradle\\caches\\modules-2\\files-2.1\\com.jayway.jsonpath\\json-path\\2.9.0\\37fe2217f577b0b68b18e62c4d17a8858ecf9b69\\json-path-2.9.0.jar;C:\\Users\\kangdow\\.gradle\\caches\\modules-2\\files-2.1\\jakarta.xml.bind\\jakarta.xml.bind-api\\4.0.2\\6cd5a999b834b63238005b7144136379dc36cad2\\jakarta.xml.bind-api-4.0.2.jar;C:\\Users\\kangdow\\.gradle\\caches\\modules-2\\files-2.1\\net.minidev\\json-smart\\2.5.1\\4c11d2808d009132dfbbf947ebf37de6bf266c8e\\json-smart-2.5.1.jar;C:\\Users\\kangdow\\.gradle\\caches\\modules-2\\files-2.1\\org.assertj\\assertj-core\\3.26.3\\d26263eb7524252d98e602fc6942996a3195e29\\assertj-core-3.26.3.jar;C:\\Users\\kangdow\\.gradle\\caches\\modules-2\\files-2.1\\org.awaitility\\awaitility\\4.2.2\\7336242073ebf83fe034e42b46a403c5501b63c9\\awaitility-4.2.2.jar;C:\\Users\\kangdow\\.gradle\\caches\\modules-2\\files-2.1\\org.hamcrest\\hamcrest\\2.2\\1820c0968dba3a11a1b30669bb1f01978a91dedc\\hamcrest-2.2.jar;C:\\Users\\kangdow\\.gradle\\caches\\modules-2\\files-2.1\\org.mockito\\mockito-junit-jupiter\\5.14.2\\3cfc377d4bb9fe729f3dd9098d9a9b27da58324a\\mockito-junit-jupiter-5.14.2.jar;C:\\Users\\kangdow\\.gradle\\caches\\modules-2\\files-2.1\\org.junit.jupiter\\junit-jupiter-params\\5.11.4\\e4c86fbe2a39c60c6b87260ef7f7e7c1a1906481\\junit-jupiter-params-5.11.4.jar;C:\\Users\\kangdow\\.gradle\\caches\\modules-2\\files-2.1\\org.junit.jupiter\\junit-jupiter-engine\\5.11.4\\dc10ec209623986a68ea07f67cdc7d2a65a60355\\junit-jupiter-engine-5.11.4.jar;C:\\Users\\kangdow\\.gradle\\caches\\modules-2\\files-2.1\\org.junit.jupiter\\junit-jupiter-api\\5.11.4\\308315b28e667db4091b2ba1f7aa220d1ddadb97\\junit-jupiter-api-5.11.4.jar;C:\\Users\\kangdow\\.gradle\\caches\\modules-2\\files-2.1\\org.junit.platform\\junit-platform-engine\\1.11.4\\21f61b123ad6ac8f7e73971bff3a096c8d8e1cd0\\junit-platform-engine-1.11.4.jar;C:\\Users\\kangdow\\.gradle\\caches\\modules-2\\files-2.1\\org.junit.platform\\junit-platform-commons\\1.11.4\\8898eea3ed0da2641548d602c3e308804f166303\\junit-platform-commons-1.11.4.jar;C:\\Users\\kangdow\\.gradle\\caches\\modules-2\\files-2.1\\org.junit.jupiter\\junit-jupiter\\5.11.4\\a699f024a4a4706b36bddbeb42d499aff9e09379\\junit-jupiter-5.11.4.jar;C:\\Users\\kangdow\\.gradle\\caches\\modules-2\\files-2.1\\org.mockito\\mockito-core\\5.14.2\\f7bf936008d7664e2002c3faf0c02071c8d10e7c\\mockito-core-5.14.2.jar;C:\\Users\\kangdow\\.gradle\\caches\\modules-2\\files-2.1\\org.skyscreamer\\jsonassert\\1.5.3\\aaa43e0823d2a0e106e8754d6a9c4ab24e05e9bc\\jsonassert-1.5.3.jar;C:\\Users\\kangdow\\.gradle\\caches\\modules-2\\files-2.1\\org.springframework\\spring-test\\6.2.1\\60b7fe91a4ecb88b9ee0d6f228ad0b6a8ac78cb2\\spring-test-6.2.1.jar;C:\\Users\\kangdow\\.gradle\\caches\\modules-2\\files-2.1\\org.springframework\\spring-aop\\6.2.1\\a9384de38fc00751084446ba014a0c4962240244\\spring-aop-6.2.1.jar;C:\\Users\\kangdow\\.gradle\\caches\\modules-2\\files-2.1\\org.springframework\\spring-beans\\6.2.1\\ab57ec03ba6900075bf28e3cd70ccce173205b8d\\spring-beans-6.2.1.jar;C:\\Users\\kangdow\\.gradle\\caches\\modules-2\\files-2.1\\org.springframework\\spring-expression\\6.2.1\\91fcf6b9501705c31c8337e2713fe823bb512b24\\spring-expression-6.2.1.jar;C:\\Users\\kangdow\\.gradle\\caches\\modules-2\\files-2.1\\org.springframework\\spring-core\\6.2.1\\f42e6b51d9c0c2fcf95df9e5848470d173adc9af\\spring-core-6.2.1.jar;C:\\Users\\kangdow\\.gradle\\caches\\modules-2\\files-2.1\\org.xmlunit\\xmlunit-core\\2.10.0\\1355088731b4ec2107ff7f319f0d7445d916bab\\xmlunit-core-2.10.0.jar;C:\\Users\\kangdow\\.gradle\\caches\\modules-2\\files-2.1\\org.springframework.boot\\spring-boot-starter-tomcat\\3.4.1\\ac4bb51582c57cfb0d2beb102a76fe1a4d8b8b21\\spring-boot-starter-tomcat-3.4.1.jar;C:\\Users\\kangdow\\.gradle\\caches\\modules-2\\files-2.1\\org.springframework.boot\\spring-boot-starter-logging\\3.4.1\\5cd01e208b15113c7f88b3ea40e843ea9989f38a\\spring-boot-starter-logging-3.4.1.jar;C:\\Users\\kangdow\\.gradle\\caches\\modules-2\\files-2.1\\jakarta.annotation\\jakarta.annotation-api\\2.1.1\\48b9bda22b091b1f48b13af03fe36db3be6e1ae3\\jakarta.annotation-api-2.1.1.jar;C:\\Users\\kangdow\\.gradle\\caches\\modules-2\\files-2.1\\org.yaml\\snakeyaml\\2.3\\936b36210e27320f920536f695cf1af210c44586\\snakeyaml-2.3.jar;C:\\Users\\kangdow\\.gradle\\caches\\modules-2\\files-2.1\\io.micrometer\\micrometer-commons\\1.14.2\\69c454dbec59c7842cf59a534b7ec03618d75b91\\micrometer-commons-1.14.2.jar;C:\\Users\\kangdow\\.gradle\\caches\\modules-2\\files-2.1\\org.hdrhistogram\\HdrHistogram\\2.2.2\\7959933ebcc0f05b2eaa5af0a0c8689fa257b15c\\HdrHistogram-2.2.2.jar;C:\\Users\\kangdow\\.gradle\\caches\\modules-2\\files-2.1\\org.latencyutils\\LatencyUtils\\2.0.3\\769c0b82cb2421c8256300e907298a9410a2a3d3\\LatencyUtils-2.0.3.jar;C:\\Users\\kangdow\\.gradle\\caches\\modules-2\\files-2.1\\io.prometheus\\prometheus-metrics-exposition-textformats\\1.3.5\\c23b4fadcc2bb27a32a48f81fb8ac27b3f8cf192\\prometheus-metrics-exposition-textformats-1.3.5.jar;C:\\Users\\kangdow\\.gradle\\caches\\modules-2\\files-2.1\\io.prometheus\\prometheus-metrics-model\\1.3.5\\6a58b494b55eb3c0627cd00ac3957dc660fd4cf\\prometheus-metrics-model-1.3.5.jar;C:\\Users\\kangdow\\.gradle\\caches\\modules-2\\files-2.1\\io.prometheus\\prometheus-metrics-config\\1.3.5\\c25f5a3e02c8de54cf4c38b21147ca2994135af6\\prometheus-metrics-config-1.3.5.jar;C:\\Users\\kangdow\\.gradle\\caches\\modules-2\\files-2.1\\ch.qos.logback\\logback-classic\\1.5.12\\3790d1a62e868f7915776dfb392bd9a29ce8d954\\logback-classic-1.5.12.jar;C:\\Users\\kangdow\\.gradle\\caches\\modules-2\\files-2.1\\org.apache.logging.log4j\\log4j-to-slf4j\\2.24.3\\da1143e2a2531ee1c2d90baa98eb50a28a39d5a7\\log4j-to-slf4j-2.24.3.jar;C:\\Users\\kangdow\\.gradle\\caches\\modules-2\\files-2.1\\org.slf4j\\jul-to-slf4j\\2.0.16\\6d57da3e961daac65bcca0dd3def6cd11e48a24a\\jul-to-slf4j-2.0.16.jar;C:\\Users\\kangdow\\.gradle\\caches\\modules-2\\files-2.1\\org.slf4j\\slf4j-api\\2.0.16\\172931663a09a1fa515567af5fbef00897d3c04\\slf4j-api-2.0.16.jar;C:\\Users\\kangdow\\.gradle\\caches\\modules-2\\files-2.1\\jakarta.activation\\jakarta.activation-api\\2.1.3\\fa165bd70cda600368eee31555222776a46b881f\\jakarta.activation-api-2.1.3.jar;C:\\Users\\kangdow\\.gradle\\caches\\modules-2\\files-2.1\\net.minidev\\accessors-smart\\2.5.1\\19b820261eb2e7de7d5bde11d1c06e4501dd7e5f\\accessors-smart-2.5.1.jar;C:\\Users\\kangdow\\.gradle\\caches\\modules-2\\files-2.1\\net.bytebuddy\\byte-buddy\\1.15.11\\f61886478e0f9ee4c21d09574736f0ff45e0a46c\\byte-buddy-1.15.11.jar;C:\\Users\\kangdow\\.gradle\\caches\\modules-2\\files-2.1\\net.bytebuddy\\byte-buddy-agent\\1.15.11\\a38b16385e867f59a641330f0362ebe742788ed8\\byte-buddy-agent-1.15.11.jar;C:\\Users\\kangdow\\.gradle\\caches\\modules-2\\files-2.1\\org.objenesis\\objenesis\\3.3\\1049c09f1de4331e8193e579448d0916d75b7631\\objenesis-3.3.jar;C:\\Users\\kangdow\\.gradle\\caches\\modules-2\\files-2.1\\com.vaadin.external.google\\android-json\\0.0.20131108.vaadin1\\fa26d351fe62a6a17f5cda1287c1c6110dec413f\\android-json-0.0.20131108.vaadin1.jar;C:\\Users\\kangdow\\.gradle\\caches\\modules-2\\files-2.1\\org.springframework\\spring-jcl\\6.2.1\\a5d662d64470aff0ae51d210147bb6ede31a8ea3\\spring-jcl-6.2.1.jar;C:\\Users\\kangdow\\.gradle\\caches\\modules-2\\files-2.1\\org.apache.tomcat.embed\\tomcat-embed-websocket\\10.1.34\\eef6d430f34b6e393b8d9e40f10db9043732b4e5\\tomcat-embed-websocket-10.1.34.jar;C:\\Users\\kangdow\\.gradle\\caches\\modules-2\\files-2.1\\org.apache.tomcat.embed\\tomcat-embed-core\\10.1.34\\f610f84be607fbc82e393cc220f0ad45f92afc91\\tomcat-embed-core-10.1.34.jar;C:\\Users\\kangdow\\.gradle\\caches\\modules-2\\files-2.1\\org.apache.tomcat.embed\\tomcat-embed-el\\10.1.34\\d2b2daca3bc999c62e58ae36b45ba0582530fb25\\tomcat-embed-el-10.1.34.jar;C:\\Users\\kangdow\\.gradle\\caches\\modules-2\\files-2.1\\org.ow2.asm\\asm\\9.6\\aa205cf0a06dbd8e04ece91c0b37c3f5d567546a\\asm-9.6.jar;C:\\Users\\kangdow\\.gradle\\caches\\modules-2\\files-2.1\\org.opentest4j\\opentest4j\\1.3.0\\152ea56b3a72f655d4fd677fc0ef2596c3dd5e6e\\opentest4j-1.3.0.jar;C:\\Users\\kangdow\\.gradle\\caches\\modules-2\\files-2.1\\ch.qos.logback\\logback-core\\1.5.12\\65b1fa25fe8d8e4bdc140e79eb67ac6741f775e2\\logback-core-1.5.12.jar;C:\\Users\\kangdow\\.gradle\\caches\\modules-2\\files-2.1\\org.apache.logging.log4j\\log4j-api\\2.24.3\\b02c125db8b6d295adf72ae6e71af5d83bce2370\\log4j-api-2.24.3.jar;C:\\Users\\kangdow\\.gradle\\wrapper\\dists\\gradle-8.14.3-bin\\cv11ve7ro1n3o1j4so8xd9n66\\gradle-8.14.3\\lib\\plugins\\junit-platform-engine-1.8.2.jar;C:\\Users\\kangdow\\.gradle\\wrapper\\dists\\gradle-8.14.3-bin\\cv11ve7ro1n3o1j4so8xd9n66\\gradle-8.14.3\\lib\\plugins\\junit-platform-launcher-1.8.2.jar;C:\\Users\\kangdow\\.gradle\\wrapper\\dists\\gradle-8.14.3-bin\\cv11ve7ro1n3o1j4so8xd9n66\\gradle-8.14.3\\lib\\plugins\\junit-platform-commons-1.8.2.jar
Launcher Type: SUN_STANDARD

[Global flags]
     intx CICompilerCount                          = 4                                         {product} {ergonomic}
     uint ConcGCThreads                            = 3                                         {product} {ergonomic}
     bool EnableDynamicAgentLoading                = true                                      {product} {command line}
     uint G1ConcRefinementThreads                  = 10                                        {product} {ergonomic}
   size_t G1HeapRegionSize                         = 1048576                                   {product} {ergonomic}
    uintx GCDrainStackTargetSize                   = 64                                        {product} {ergonomic}
   size_t InitialHeapSize                          = 264241152                                 {product} {ergonomic}
   size_t MarkStackSize                            = 4194304                                   {product} {ergonomic}
   size_t MaxHeapSize                              = 536870912                                 {product} {command line}
   size_t MaxNewSize                               = 321912832                                 {product} {ergonomic}
   size_t MinHeapDeltaBytes                        = 1048576                                   {product} {ergonomic}
   size_t MinHeapSize                              = 8388608                                   {product} {ergonomic}
    uintx NonNMethodCodeHeapSize                   = 5839372                                {pd product} {ergonomic}
    uintx NonProfiledCodeHeapSize                  = 122909434                              {pd product} {ergonomic}
    uintx ProfiledCodeHeapSize                     = 122909434                              {pd product} {ergonomic}
    uintx ReservedCodeCacheSize                    = 251658240                              {pd product} {ergonomic}
     bool SegmentedCodeCache                       = true                                      {product} {ergonomic}
   size_t SoftMaxHeapSize                          = 536870912                              {manageable} {ergonomic}
     bool UseCompressedOops                        = true                           {product lp64_product} {ergonomic}
     bool UseG1GC                                  = true                                      {product} {ergonomic}
     bool UseLargePagesIndividualAllocation        = false                                  {pd product} {ergonomic}

Logging:
Log output configuration:
 #0: stdout all=warning uptime,level,tags foldmultilines=false
 #1: stderr all=off uptime,level,tags foldmultilines=false

Release file:
IMPLEMENTOR="Eclipse Adoptium" 
IMPLEMENTOR_VERSION="Temurin-21.0.10+7" 
JAVA_RUNTIME_VERSION="21.0.10+7-LTS" 
JAVA_VERSION="21.0.10" 
JAVA_VERSION_DATE="2026-01-20" 
LIBC="default" 
MODULES="java.base java.compiler java.datatransfer java.xml java.prefs java.desktop java.instrument java.logging java.management java.security.sasl java.naming java.rmi java.management.rmi java.net.http java.scripting java.security.jgss java.transaction.xa java.sql java.sql.rowset java.xml.crypto java.se java.smartcardio jdk.accessibility jdk.internal.jvmstat jdk.attach jdk.charsets jdk.internal.opt jdk.zipfs jdk.compiler jdk.crypto.ec jdk.crypto.cryptoki jdk.crypto.mscapi jdk.dynalink jdk.internal.ed jdk.editpad jdk.hotspot.agent jdk.httpserver jdk.incubator.vector jdk.internal.le jdk.internal.vm.ci jdk.internal.vm.compiler jdk.internal.vm.compiler.management jdk.jartool jdk.javadoc jdk.jcmd jdk.management jdk.management.agent jdk.jconsole jdk.jdeps jdk.jdwp.agent jdk.jdi jdk.jfr jdk.jlink jdk.jpackage jdk.jshell jdk.jsobject jdk.jstatd jdk.localedata jdk.management.jfr jdk.naming.dns jdk.naming.rmi jdk.net jdk.nio.mapmode jdk.random jdk.sctp jdk.security.auth jdk.security.jgss jdk.unsupported jdk.unsupported.desktop jdk.xml.dom" 
OS_ARCH="x86_64" 
OS_NAME="Windows" 
SOURCE=".:git:a633eafe0fcc" 
BUILD_SOURCE="git:458965074606f027bd5afce2cfd5c1055dea0438"
BUILD_SOURCE_REPO="https://github.com/adoptium/temurin-build.git"
SOURCE_REPO="https://github.com/adoptium/jdk21u.git"
FULL_VERSION="21.0.10+7-LTS"
SEMANTIC_VERSION="21.0.10+7"
BUILD_INFO="OS: Windows Server 2022 Version: 10.0"
JVM_VARIANT="Hotspot"
JVM_VERSION="21.0.10+7-LTS"
IMAGE_TYPE="JDK"

Environment Variables:
JAVA_HOME=C:\Program Files\Eclipse Adoptium\jdk-21.0.10.7-hotspot\
PATH=C:\Users\kangdow\bin;C:\Program Files\Git\mingw64\bin;C:\Program Files\Git\usr\local\bin;C:\Program Files\Git\usr\bin;C:\Program Files\Git\usr\bin;C:\Program Files\Git\mingw64\bin;C:\Program Files\Git\usr\bin;C:\Users\kangdow\bin;C:\Users\kangdow\AppData\Local\Programs\Microsoft VS Code;C:\Program Files\Eclipse Adoptium\jdk-21.0.10.7-hotspot\bin;C:\WINDOWS\system32;C:\WINDOWS;C:\WINDOWS\System32\Wbem;C:\WINDOWS\System32\WindowsPowerShell\v1.0;C:\WINDOWS\System32\OpenSSH;C:\Program Files\dotnet;C:\Program Files\Git\cmd;C:\Program Files\Vagrant\bin;C:\Program Files (x86)\PuTTY;C:\Program Files\nodejs;C:\Users\kangdow\.local\bin;C:\Program Files\Docker\Docker\resources\bin;C:\Users\kangdow\AppData\Local\Microsoft\WindowsApps;C:\Users\kangdow\AppData\Local\Programs\Microsoft VS Code\bin;C:\Users\kangdow\AppData\Local\GitHubDesktop\bin;C:\Users\kangdow\AppData\Local\Programs\cursor\resources\app\bin;C:\Users\kangdow\AppData\Roaming\npm;C:\Program Files\Git\usr\bin\vendor_perl;C:\Program Files\Git\usr\bin\core_perl
USERNAME=kangdow
SHELL=C:\Program Files\Git\usr\bin\bash.exe
TERM=xterm-256color
OS=Windows_NT
PROCESSOR_IDENTIFIER=Intel64 Family 6 Model 186 Stepping 3, GenuineIntel
TMP=C:\Users\kangdow\AppData\Local\Temp
TEMP=C:\Users\kangdow\AppData\Local\Temp




Periodic native trim disabled

---------------  S Y S T E M  ---------------

OS:
 Windows 11 , 64 bit Build 26100 (10.0.26100.7920)
OS uptime: 2 days 0:31 hours
Hyper-V role detected

CPU: total 12 (initial active 12) (6 cores per cpu, 2 threads per core) family 6 model 186 stepping 3 microcode 0x411f, cx8, cmov, fxsr, ht, mmx, 3dnowpref, sse, sse2, sse3, ssse3, sse4.1, sse4.2, popcnt, lzcnt, tsc, tscinvbit, avx, avx2, aes, erms, clmul, bmi1, bmi2, adx, sha, fma, vzeroupper, clflush, clflushopt, clwb, hv, serialize, rdtscp, rdpid, fsrm, f16c, cet_ibt, cet_ss
Processor Information for processor 0
  Max Mhz: 1300, Current Mhz: 1300, Mhz Limit: 1300
Processor Information for processor 1
  Max Mhz: 1300, Current Mhz: 1300, Mhz Limit: 1300
Processor Information for processor 2
  Max Mhz: 1300, Current Mhz: 1300, Mhz Limit: 1300
Processor Information for processor 3
  Max Mhz: 1300, Current Mhz: 1300, Mhz Limit: 1300
Processor Information for processor 4
  Max Mhz: 1300, Current Mhz: 900, Mhz Limit: 897
Processor Information for processor 5
  Max Mhz: 1300, Current Mhz: 900, Mhz Limit: 897
Processor Information for processor 6
  Max Mhz: 1300, Current Mhz: 900, Mhz Limit: 897
Processor Information for processor 7
  Max Mhz: 1300, Current Mhz: 900, Mhz Limit: 897
Processor Information for processor 8
  Max Mhz: 1300, Current Mhz: 900, Mhz Limit: 897
Processor Information for processor 9
  Max Mhz: 1300, Current Mhz: 900, Mhz Limit: 897
Processor Information for processor 10
  Max Mhz: 1300, Current Mhz: 900, Mhz Limit: 897
Processor Information for processor 11
  Max Mhz: 1300, Current Mhz: 900, Mhz Limit: 897

Memory: 4k page, system-wide physical 16067M (777M free)
TotalPageFile size 46480M (AvailPageFile size 11M)
current process WorkingSet (physical memory assigned to process): 114M, peak: 114M
current process commit charge ("private bytes"): 379M, peak: 381M

vm_info: OpenJDK 64-Bit Server VM (21.0.10+7-LTS) for windows-amd64 JRE (21.0.10+7-LTS), built on 2026-01-20T00:00:00Z by "admin" with MS VC++ 17.12 (VS2022)

END.
