#
# There is insufficient memory for the Java Runtime Environment to continue.
# Native memory allocation (malloc) failed to allocate 370144 bytes. Error detail: Chunk::new
# Possible reasons:
#   The system is out of physical RAM or swap space
#   This process is running with CompressedOops enabled, and the Java Heap may be blocking the growth of the native heap
# Possible solutions:
#   Reduce memory load on the system
#   Increase physical memory or swap space
#   Check if swap backing store is full
#   Decrease Java heap size (-Xmx/-Xms)
#   Decrease number of Java threads
#   Decrease Java thread stack sizes (-Xss)
#   Set larger code cache with -XX:ReservedCodeCacheSize=
#   JVM is running with Unscaled Compressed Oops mode in which the Java heap is
#     placed in the first 4GB address space. The Java Heap base address is the
#     maximum limit for the native heap growth. Please use -XX:HeapBaseMinAddress
#     to set the Java Heap base and to place the Java Heap above 4GB virtual address.
# This output file may be truncated or incomplete.
#
#  Out of Memory Error (arena.cpp:168), pid=20280, tid=24728
#
# JRE version: OpenJDK Runtime Environment Temurin-21.0.10+7 (21.0.10+7) (build 21.0.10+7-LTS)
# Java VM: OpenJDK 64-Bit Server VM Temurin-21.0.10+7 (21.0.10+7-LTS, mixed mode, sharing, tiered, compressed oops, compressed class ptrs, g1 gc, windows-amd64)
# No core dump will be written. Minidumps are not enabled by default on client versions of Windows
#

---------------  S U M M A R Y ------------

Command Line: -Dorg.gradle.internal.worker.tmpdir=C:\Users\kangdow\dev\project\ai-project\second-project\libs\java-observability\build\tmp\test\work -XX:+EnableDynamicAgentLoading -Xmx512m -Dfile.encoding=UTF-8 -Duser.country=KR -Duser.language=ko -Duser.variant -ea worker.org.gradle.process.internal.worker.GradleWorkerMain 'Gradle Test Executor 2'

Host: 13th Gen Intel(R) Core(TM) i5-1335U, 12 cores, 15G,  Windows 11 , 64 bit Build 26100 (10.0.26100.7920)
Time: Mon Apr 13 06:09:58 2026 elapsed time: 8.135561 seconds (0d 0h 0m 8s)

---------------  T H R E A D  ---------------

Current thread (0x000001edf7016280):  JavaThread "C2 CompilerThread0" daemon [_thread_in_native, id=24728, stack(0x00000001d0f00000,0x00000001d1000000) (1024K)]


Current CompileTask:
C2:8135 1836       4       java.io.DataInputStream::readFully (59 bytes)

Stack: [0x00000001d0f00000,0x00000001d1000000]
Native frames: (J=compiled Java code, j=interpreted, Vv=VM code, C=native code)
V  [jvm.dll+0x6d7a39]
V  [jvm.dll+0x8b4b26]
V  [jvm.dll+0x8b70de]
V  [jvm.dll+0x8b77c3]
V  [jvm.dll+0x284346]
V  [jvm.dll+0xc66ed]
V  [jvm.dll+0xc6c31]
V  [jvm.dll+0x3bec3b]
V  [jvm.dll+0x38b162]
V  [jvm.dll+0x38a5aa]
V  [jvm.dll+0x24c560]
V  [jvm.dll+0x24bb40]
V  [jvm.dll+0x1cb34e]
V  [jvm.dll+0x25b85d]
V  [jvm.dll+0x259dea]
V  [jvm.dll+0x3f857e]
V  [jvm.dll+0x85f59d]
V  [jvm.dll+0x6d626d]
C  [ucrtbase.dll+0x37b0]
C  [KERNEL32.DLL+0x2e8d7]
C  [ntdll.dll+0x8c48c]


---------------  P R O C E S S  ---------------

Threads class SMR info:
_java_thread_list=0x000001edf75867d0, length=16, elements={
0x000001ed947fa570, 0x000001edf70080b0, 0x000001edb1f6cbf0, 0x000001edb1f6e960,
0x000001edf7009790, 0x000001edf700af10, 0x000001edf700c690, 0x000001edf7016280,
0x000001edf7019b80, 0x000001edf71b1f10, 0x000001edf719e9d0, 0x000001edf7a1c120,
0x000001edf7d3d230, 0x000001edf7d3dca0, 0x000001edf7fea320, 0x000001edf7ca6420
}

Java Threads: ( => current thread )
  0x000001ed947fa570 JavaThread "Test worker"                       [_thread_in_native, id=20564, stack(0x00000001d0100000,0x00000001d0200000) (1024K)]
  0x000001edf70080b0 JavaThread "Reference Handler"          daemon [_thread_blocked, id=21820, stack(0x00000001d0900000,0x00000001d0a00000) (1024K)]
  0x000001edb1f6cbf0 JavaThread "Finalizer"                  daemon [_thread_blocked, id=7156, stack(0x00000001d0a00000,0x00000001d0b00000) (1024K)]
  0x000001edb1f6e960 JavaThread "Signal Dispatcher"          daemon [_thread_blocked, id=4008, stack(0x00000001d0b00000,0x00000001d0c00000) (1024K)]
  0x000001edf7009790 JavaThread "Attach Listener"            daemon [_thread_blocked, id=29388, stack(0x00000001d0c00000,0x00000001d0d00000) (1024K)]
  0x000001edf700af10 JavaThread "Service Thread"             daemon [_thread_blocked, id=27240, stack(0x00000001d0d00000,0x00000001d0e00000) (1024K)]
  0x000001edf700c690 JavaThread "Monitor Deflation Thread"   daemon [_thread_blocked, id=30644, stack(0x00000001d0e00000,0x00000001d0f00000) (1024K)]
=>0x000001edf7016280 JavaThread "C2 CompilerThread0"         daemon [_thread_in_native, id=24728, stack(0x00000001d0f00000,0x00000001d1000000) (1024K)]
  0x000001edf7019b80 JavaThread "C1 CompilerThread0"         daemon [_thread_blocked, id=27876, stack(0x00000001d1000000,0x00000001d1100000) (1024K)]
  0x000001edf71b1f10 JavaThread "Notification Thread"        daemon [_thread_blocked, id=26112, stack(0x00000001d1100000,0x00000001d1200000) (1024K)]
  0x000001edf719e9d0 JavaThread "Common-Cleaner"             daemon [_thread_blocked, id=9232, stack(0x00000001d1200000,0x00000001d1300000) (1024K)]
  0x000001edf7a1c120 JavaThread "/127.0.0.1:58849 to /127.0.0.1:61824 workers"        [_thread_blocked, id=20320, stack(0x00000001d1400000,0x00000001d1500000) (1024K)]
  0x000001edf7d3d230 JavaThread "/127.0.0.1:58849 to /127.0.0.1:61824 workers Thread 2"        [_thread_blocked, id=28524, stack(0x00000001d1600000,0x00000001d1700000) (1024K)]
  0x000001edf7d3dca0 JavaThread "/127.0.0.1:58849 to /127.0.0.1:61824 workers Thread 3"        [_thread_in_native, id=29280, stack(0x00000001d1700000,0x00000001d1800000) (1024K)]
  0x000001edf7fea320 JavaThread "C2 CompilerThread1"         daemon [_thread_blocked, id=14848, stack(0x00000001d2000000,0x00000001d2100000) (1024K)]
  0x000001edf7ca6420 JavaThread "C2 CompilerThread2"         daemon [_thread_in_native, id=29200, stack(0x00000001d2100000,0x00000001d2200000) (1024K)]
Total: 16

Other Threads:
  0x000001edb1f55d50 VMThread "VM Thread"                           [id=13608, stack(0x00000001d0800000,0x00000001d0900000) (1024K)]
  0x000001edb1f41820 WatcherThread "VM Periodic Task Thread"        [id=29284, stack(0x00000001d0700000,0x00000001d0800000) (1024K)]
  0x000001ed96c70d80 WorkerThread "GC Thread#0"                     [id=20572, stack(0x00000001d0200000,0x00000001d0300000) (1024K)]
  0x000001edf7f30140 WorkerThread "GC Thread#1"                     [id=30992, stack(0x00000001d1500000,0x00000001d1600000) (1024K)]
  0x000001edf7f304f0 WorkerThread "GC Thread#2"                     [id=29908, stack(0x00000001d1800000,0x00000001d1900000) (1024K)]
  0x000001edf7f308a0 WorkerThread "GC Thread#3"                     [id=27256, stack(0x00000001d1900000,0x00000001d1a00000) (1024K)]
  0x000001edf7d71390 WorkerThread "GC Thread#4"                     [id=21312, stack(0x00000001d1a00000,0x00000001d1b00000) (1024K)]
  0x000001edf7d71740 WorkerThread "GC Thread#5"                     [id=23036, stack(0x00000001d1b00000,0x00000001d1c00000) (1024K)]
  0x000001edf7d71af0 WorkerThread "GC Thread#6"                     [id=28004, stack(0x00000001d1c00000,0x00000001d1d00000) (1024K)]
  0x000001edf7d71ea0 WorkerThread "GC Thread#7"                     [id=22032, stack(0x00000001d1d00000,0x00000001d1e00000) (1024K)]
  0x000001edf7cc60c0 WorkerThread "GC Thread#8"                     [id=29404, stack(0x00000001d1e00000,0x00000001d1f00000) (1024K)]
  0x000001edf7add080 WorkerThread "GC Thread#9"                     [id=24596, stack(0x00000001d1f00000,0x00000001d2000000) (1024K)]
  0x000001ed96c76d80 ConcurrentGCThread "G1 Main Marker"            [id=24780, stack(0x00000001d0300000,0x00000001d0400000) (1024K)]
  0x000001ed96c79720 WorkerThread "G1 Conc#0"                       [id=27548, stack(0x00000001d0400000,0x00000001d0500000) (1024K)]
  0x000001ed96cfe870 ConcurrentGCThread "G1 Refine#0"               [id=21604, stack(0x00000001d0500000,0x00000001d0600000) (1024K)]
  0x000001edb1e19a10 ConcurrentGCThread "G1 Service"                [id=10860, stack(0x00000001d0600000,0x00000001d0700000) (1024K)]
Total: 16

Threads with active compile tasks:
C2 CompilerThread0  8182 1836       4       java.io.DataInputStream::readFully (59 bytes)
C2 CompilerThread2  8182 1838   !   4       java.io.BufferedInputStream::read (69 bytes)
Total: 2

VM state: not at safepoint (normal execution)

VM Mutex/Monitor currently owned by a thread: None

Heap address: 0x00000000e0000000, size: 512 MB, Compressed Oops mode: 32-bit

CDS archive(s) mapped at: [0x000001edb2000000-0x000001edb2c80000-0x000001edb2c80000), size 13107200, SharedBaseAddress: 0x000001edb2000000, ArchiveRelocationMode: 1.
Compressed class space mapped at: 0x000001edb3000000-0x000001edf3000000, reserved size: 1073741824
Narrow klass base: 0x000001edb2000000, Narrow klass shift: 0, Narrow klass range: 0x100000000

GC Precious Log:
 CardTable entry size: 512
 Card Set container configuration: InlinePtr #cards 5 size 8 Array Of Cards #cards 12 size 40 Howl #buckets 4 coarsen threshold 1843 Howl Bitmap #cards 512 size 80 coarsen threshold 460 Card regions per heap region 1 cards per card region 2048
 CPUs: 12 total, 12 available
 Memory: 16067M
 Large Page Support: Disabled
 NUMA Support: Disabled
 Compressed Oops: Enabled (32-bit)
 Heap Region Size: 1M
 Heap Min Capacity: 8M
 Heap Initial Capacity: 252M
 Heap Max Capacity: 512M
 Pre-touch: Disabled
 Parallel Workers: 10
 Concurrent Workers: 3
 Concurrent Refinement Workers: 10
 Periodic GC: Disabled

Heap:
 garbage-first heap   total 258048K, used 24356K [0x00000000e0000000, 0x0000000100000000)
  region size 1024K, 20 young (20480K), 3 survivors (3072K)
 Metaspace       used 10627K, committed 10944K, reserved 1114112K
  class space    used 1401K, committed 1536K, reserved 1048576K

Heap Regions: E=young(eden), S=young(survivor), O=old, HS=humongous(starts), HC=humongous(continues), CS=collection set, F=free, TAMS=top-at-mark-start, PB=parsable bottom
|   0|0x00000000e0000000, 0x00000000e0100000, 0x00000000e0100000|100%|HS|  |TAMS 0x00000000e0000000| PB 0x00000000e0000000| Complete 
|   1|0x00000000e0100000, 0x00000000e0200000, 0x00000000e0200000|100%| O|  |TAMS 0x00000000e0100000| PB 0x00000000e0100000| Untracked 
|   2|0x00000000e0200000, 0x00000000e0300000, 0x00000000e0300000|100%| O|  |TAMS 0x00000000e0200000| PB 0x00000000e0200000| Untracked 
|   3|0x00000000e0300000, 0x00000000e0400000, 0x00000000e0400000|100%| O|  |TAMS 0x00000000e0300000| PB 0x00000000e0300000| Untracked 
|   4|0x00000000e0400000, 0x00000000e04c9010, 0x00000000e0500000| 78%| O|  |TAMS 0x00000000e0400000| PB 0x00000000e0400000| Untracked 
|   5|0x00000000e0500000, 0x00000000e0500000, 0x00000000e0600000|  0%| F|  |TAMS 0x00000000e0500000| PB 0x00000000e0500000| Untracked 
|   6|0x00000000e0600000, 0x00000000e0600000, 0x00000000e0700000|  0%| F|  |TAMS 0x00000000e0600000| PB 0x00000000e0600000| Untracked 
|   7|0x00000000e0700000, 0x00000000e0700000, 0x00000000e0800000|  0%| F|  |TAMS 0x00000000e0700000| PB 0x00000000e0700000| Untracked 
|   8|0x00000000e0800000, 0x00000000e0800000, 0x00000000e0900000|  0%| F|  |TAMS 0x00000000e0800000| PB 0x00000000e0800000| Untracked 
|   9|0x00000000e0900000, 0x00000000e0900000, 0x00000000e0a00000|  0%| F|  |TAMS 0x00000000e0900000| PB 0x00000000e0900000| Untracked 
|  10|0x00000000e0a00000, 0x00000000e0a00000, 0x00000000e0b00000|  0%| F|  |TAMS 0x00000000e0a00000| PB 0x00000000e0a00000| Untracked 
|  11|0x00000000e0b00000, 0x00000000e0b00000, 0x00000000e0c00000|  0%| F|  |TAMS 0x00000000e0b00000| PB 0x00000000e0b00000| Untracked 
|  12|0x00000000e0c00000, 0x00000000e0c00000, 0x00000000e0d00000|  0%| F|  |TAMS 0x00000000e0c00000| PB 0x00000000e0c00000| Untracked 
|  13|0x00000000e0d00000, 0x00000000e0d00000, 0x00000000e0e00000|  0%| F|  |TAMS 0x00000000e0d00000| PB 0x00000000e0d00000| Untracked 
|  14|0x00000000e0e00000, 0x00000000e0e00000, 0x00000000e0f00000|  0%| F|  |TAMS 0x00000000e0e00000| PB 0x00000000e0e00000| Untracked 
|  15|0x00000000e0f00000, 0x00000000e0f00000, 0x00000000e1000000|  0%| F|  |TAMS 0x00000000e0f00000| PB 0x00000000e0f00000| Untracked 
|  16|0x00000000e1000000, 0x00000000e1000000, 0x00000000e1100000|  0%| F|  |TAMS 0x00000000e1000000| PB 0x00000000e1000000| Untracked 
|  17|0x00000000e1100000, 0x00000000e1100000, 0x00000000e1200000|  0%| F|  |TAMS 0x00000000e1100000| PB 0x00000000e1100000| Untracked 
|  18|0x00000000e1200000, 0x00000000e1200000, 0x00000000e1300000|  0%| F|  |TAMS 0x00000000e1200000| PB 0x00000000e1200000| Untracked 
|  19|0x00000000e1300000, 0x00000000e1300000, 0x00000000e1400000|  0%| F|  |TAMS 0x00000000e1300000| PB 0x00000000e1300000| Untracked 
|  20|0x00000000e1400000, 0x00000000e1400000, 0x00000000e1500000|  0%| F|  |TAMS 0x00000000e1400000| PB 0x00000000e1400000| Untracked 
|  21|0x00000000e1500000, 0x00000000e1500000, 0x00000000e1600000|  0%| F|  |TAMS 0x00000000e1500000| PB 0x00000000e1500000| Untracked 
|  22|0x00000000e1600000, 0x00000000e1600000, 0x00000000e1700000|  0%| F|  |TAMS 0x00000000e1600000| PB 0x00000000e1600000| Untracked 
|  23|0x00000000e1700000, 0x00000000e1700000, 0x00000000e1800000|  0%| F|  |TAMS 0x00000000e1700000| PB 0x00000000e1700000| Untracked 
|  24|0x00000000e1800000, 0x00000000e1800000, 0x00000000e1900000|  0%| F|  |TAMS 0x00000000e1800000| PB 0x00000000e1800000| Untracked 
|  25|0x00000000e1900000, 0x00000000e1900000, 0x00000000e1a00000|  0%| F|  |TAMS 0x00000000e1900000| PB 0x00000000e1900000| Untracked 
|  26|0x00000000e1a00000, 0x00000000e1a00000, 0x00000000e1b00000|  0%| F|  |TAMS 0x00000000e1a00000| PB 0x00000000e1a00000| Untracked 
|  27|0x00000000e1b00000, 0x00000000e1b00000, 0x00000000e1c00000|  0%| F|  |TAMS 0x00000000e1b00000| PB 0x00000000e1b00000| Untracked 
|  28|0x00000000e1c00000, 0x00000000e1c00000, 0x00000000e1d00000|  0%| F|  |TAMS 0x00000000e1c00000| PB 0x00000000e1c00000| Untracked 
|  29|0x00000000e1d00000, 0x00000000e1d00000, 0x00000000e1e00000|  0%| F|  |TAMS 0x00000000e1d00000| PB 0x00000000e1d00000| Untracked 
|  30|0x00000000e1e00000, 0x00000000e1e00000, 0x00000000e1f00000|  0%| F|  |TAMS 0x00000000e1e00000| PB 0x00000000e1e00000| Untracked 
|  31|0x00000000e1f00000, 0x00000000e1f00000, 0x00000000e2000000|  0%| F|  |TAMS 0x00000000e1f00000| PB 0x00000000e1f00000| Untracked 
|  32|0x00000000e2000000, 0x00000000e2000000, 0x00000000e2100000|  0%| F|  |TAMS 0x00000000e2000000| PB 0x00000000e2000000| Untracked 
|  33|0x00000000e2100000, 0x00000000e2100000, 0x00000000e2200000|  0%| F|  |TAMS 0x00000000e2100000| PB 0x00000000e2100000| Untracked 
|  34|0x00000000e2200000, 0x00000000e2200000, 0x00000000e2300000|  0%| F|  |TAMS 0x00000000e2200000| PB 0x00000000e2200000| Untracked 
|  35|0x00000000e2300000, 0x00000000e2300000, 0x00000000e2400000|  0%| F|  |TAMS 0x00000000e2300000| PB 0x00000000e2300000| Untracked 
|  36|0x00000000e2400000, 0x00000000e2400000, 0x00000000e2500000|  0%| F|  |TAMS 0x00000000e2400000| PB 0x00000000e2400000| Untracked 
|  37|0x00000000e2500000, 0x00000000e2500000, 0x00000000e2600000|  0%| F|  |TAMS 0x00000000e2500000| PB 0x00000000e2500000| Untracked 
|  38|0x00000000e2600000, 0x00000000e2600000, 0x00000000e2700000|  0%| F|  |TAMS 0x00000000e2600000| PB 0x00000000e2600000| Untracked 
|  39|0x00000000e2700000, 0x00000000e2700000, 0x00000000e2800000|  0%| F|  |TAMS 0x00000000e2700000| PB 0x00000000e2700000| Untracked 
|  40|0x00000000e2800000, 0x00000000e2800000, 0x00000000e2900000|  0%| F|  |TAMS 0x00000000e2800000| PB 0x00000000e2800000| Untracked 
|  41|0x00000000e2900000, 0x00000000e2900000, 0x00000000e2a00000|  0%| F|  |TAMS 0x00000000e2900000| PB 0x00000000e2900000| Untracked 
|  42|0x00000000e2a00000, 0x00000000e2a00000, 0x00000000e2b00000|  0%| F|  |TAMS 0x00000000e2a00000| PB 0x00000000e2a00000| Untracked 
|  43|0x00000000e2b00000, 0x00000000e2b00000, 0x00000000e2c00000|  0%| F|  |TAMS 0x00000000e2b00000| PB 0x00000000e2b00000| Untracked 
|  44|0x00000000e2c00000, 0x00000000e2c00000, 0x00000000e2d00000|  0%| F|  |TAMS 0x00000000e2c00000| PB 0x00000000e2c00000| Untracked 
|  45|0x00000000e2d00000, 0x00000000e2d00000, 0x00000000e2e00000|  0%| F|  |TAMS 0x00000000e2d00000| PB 0x00000000e2d00000| Untracked 
|  46|0x00000000e2e00000, 0x00000000e2e00000, 0x00000000e2f00000|  0%| F|  |TAMS 0x00000000e2e00000| PB 0x00000000e2e00000| Untracked 
|  47|0x00000000e2f00000, 0x00000000e2f00000, 0x00000000e3000000|  0%| F|  |TAMS 0x00000000e2f00000| PB 0x00000000e2f00000| Untracked 
|  48|0x00000000e3000000, 0x00000000e3000000, 0x00000000e3100000|  0%| F|  |TAMS 0x00000000e3000000| PB 0x00000000e3000000| Untracked 
|  49|0x00000000e3100000, 0x00000000e3100000, 0x00000000e3200000|  0%| F|  |TAMS 0x00000000e3100000| PB 0x00000000e3100000| Untracked 
|  50|0x00000000e3200000, 0x00000000e3200000, 0x00000000e3300000|  0%| F|  |TAMS 0x00000000e3200000| PB 0x00000000e3200000| Untracked 
|  51|0x00000000e3300000, 0x00000000e3300000, 0x00000000e3400000|  0%| F|  |TAMS 0x00000000e3300000| PB 0x00000000e3300000| Untracked 
|  52|0x00000000e3400000, 0x00000000e3400000, 0x00000000e3500000|  0%| F|  |TAMS 0x00000000e3400000| PB 0x00000000e3400000| Untracked 
|  53|0x00000000e3500000, 0x00000000e3500000, 0x00000000e3600000|  0%| F|  |TAMS 0x00000000e3500000| PB 0x00000000e3500000| Untracked 
|  54|0x00000000e3600000, 0x00000000e3600000, 0x00000000e3700000|  0%| F|  |TAMS 0x00000000e3600000| PB 0x00000000e3600000| Untracked 
|  55|0x00000000e3700000, 0x00000000e3700000, 0x00000000e3800000|  0%| F|  |TAMS 0x00000000e3700000| PB 0x00000000e3700000| Untracked 
|  56|0x00000000e3800000, 0x00000000e3800000, 0x00000000e3900000|  0%| F|  |TAMS 0x00000000e3800000| PB 0x00000000e3800000| Untracked 
|  57|0x00000000e3900000, 0x00000000e3900000, 0x00000000e3a00000|  0%| F|  |TAMS 0x00000000e3900000| PB 0x00000000e3900000| Untracked 
|  58|0x00000000e3a00000, 0x00000000e3a00000, 0x00000000e3b00000|  0%| F|  |TAMS 0x00000000e3a00000| PB 0x00000000e3a00000| Untracked 
|  59|0x00000000e3b00000, 0x00000000e3b00000, 0x00000000e3c00000|  0%| F|  |TAMS 0x00000000e3b00000| PB 0x00000000e3b00000| Untracked 
|  60|0x00000000e3c00000, 0x00000000e3c00000, 0x00000000e3d00000|  0%| F|  |TAMS 0x00000000e3c00000| PB 0x00000000e3c00000| Untracked 
|  61|0x00000000e3d00000, 0x00000000e3d00000, 0x00000000e3e00000|  0%| F|  |TAMS 0x00000000e3d00000| PB 0x00000000e3d00000| Untracked 
|  62|0x00000000e3e00000, 0x00000000e3e00000, 0x00000000e3f00000|  0%| F|  |TAMS 0x00000000e3e00000| PB 0x00000000e3e00000| Untracked 
|  63|0x00000000e3f00000, 0x00000000e3f00000, 0x00000000e4000000|  0%| F|  |TAMS 0x00000000e3f00000| PB 0x00000000e3f00000| Untracked 
|  64|0x00000000e4000000, 0x00000000e4000000, 0x00000000e4100000|  0%| F|  |TAMS 0x00000000e4000000| PB 0x00000000e4000000| Untracked 
|  65|0x00000000e4100000, 0x00000000e4100000, 0x00000000e4200000|  0%| F|  |TAMS 0x00000000e4100000| PB 0x00000000e4100000| Untracked 
|  66|0x00000000e4200000, 0x00000000e4200000, 0x00000000e4300000|  0%| F|  |TAMS 0x00000000e4200000| PB 0x00000000e4200000| Untracked 
|  67|0x00000000e4300000, 0x00000000e4300000, 0x00000000e4400000|  0%| F|  |TAMS 0x00000000e4300000| PB 0x00000000e4300000| Untracked 
|  68|0x00000000e4400000, 0x00000000e4400000, 0x00000000e4500000|  0%| F|  |TAMS 0x00000000e4400000| PB 0x00000000e4400000| Untracked 
|  69|0x00000000e4500000, 0x00000000e4500000, 0x00000000e4600000|  0%| F|  |TAMS 0x00000000e4500000| PB 0x00000000e4500000| Untracked 
|  70|0x00000000e4600000, 0x00000000e4600000, 0x00000000e4700000|  0%| F|  |TAMS 0x00000000e4600000| PB 0x00000000e4600000| Untracked 
|  71|0x00000000e4700000, 0x00000000e4700000, 0x00000000e4800000|  0%| F|  |TAMS 0x00000000e4700000| PB 0x00000000e4700000| Untracked 
|  72|0x00000000e4800000, 0x00000000e4800000, 0x00000000e4900000|  0%| F|  |TAMS 0x00000000e4800000| PB 0x00000000e4800000| Untracked 
|  73|0x00000000e4900000, 0x00000000e4900000, 0x00000000e4a00000|  0%| F|  |TAMS 0x00000000e4900000| PB 0x00000000e4900000| Untracked 
|  74|0x00000000e4a00000, 0x00000000e4a00000, 0x00000000e4b00000|  0%| F|  |TAMS 0x00000000e4a00000| PB 0x00000000e4a00000| Untracked 
|  75|0x00000000e4b00000, 0x00000000e4b00000, 0x00000000e4c00000|  0%| F|  |TAMS 0x00000000e4b00000| PB 0x00000000e4b00000| Untracked 
|  76|0x00000000e4c00000, 0x00000000e4c00000, 0x00000000e4d00000|  0%| F|  |TAMS 0x00000000e4c00000| PB 0x00000000e4c00000| Untracked 
|  77|0x00000000e4d00000, 0x00000000e4d00000, 0x00000000e4e00000|  0%| F|  |TAMS 0x00000000e4d00000| PB 0x00000000e4d00000| Untracked 
|  78|0x00000000e4e00000, 0x00000000e4e00000, 0x00000000e4f00000|  0%| F|  |TAMS 0x00000000e4e00000| PB 0x00000000e4e00000| Untracked 
|  79|0x00000000e4f00000, 0x00000000e4f00000, 0x00000000e5000000|  0%| F|  |TAMS 0x00000000e4f00000| PB 0x00000000e4f00000| Untracked 
|  80|0x00000000e5000000, 0x00000000e5000000, 0x00000000e5100000|  0%| F|  |TAMS 0x00000000e5000000| PB 0x00000000e5000000| Untracked 
|  81|0x00000000e5100000, 0x00000000e5100000, 0x00000000e5200000|  0%| F|  |TAMS 0x00000000e5100000| PB 0x00000000e5100000| Untracked 
|  82|0x00000000e5200000, 0x00000000e5200000, 0x00000000e5300000|  0%| F|  |TAMS 0x00000000e5200000| PB 0x00000000e5200000| Untracked 
|  83|0x00000000e5300000, 0x00000000e5300000, 0x00000000e5400000|  0%| F|  |TAMS 0x00000000e5300000| PB 0x00000000e5300000| Untracked 
|  84|0x00000000e5400000, 0x00000000e5400000, 0x00000000e5500000|  0%| F|  |TAMS 0x00000000e5400000| PB 0x00000000e5400000| Untracked 
|  85|0x00000000e5500000, 0x00000000e5500000, 0x00000000e5600000|  0%| F|  |TAMS 0x00000000e5500000| PB 0x00000000e5500000| Untracked 
|  86|0x00000000e5600000, 0x00000000e5600000, 0x00000000e5700000|  0%| F|  |TAMS 0x00000000e5600000| PB 0x00000000e5600000| Untracked 
|  87|0x00000000e5700000, 0x00000000e5700000, 0x00000000e5800000|  0%| F|  |TAMS 0x00000000e5700000| PB 0x00000000e5700000| Untracked 
|  88|0x00000000e5800000, 0x00000000e5800000, 0x00000000e5900000|  0%| F|  |TAMS 0x00000000e5800000| PB 0x00000000e5800000| Untracked 
|  89|0x00000000e5900000, 0x00000000e5900000, 0x00000000e5a00000|  0%| F|  |TAMS 0x00000000e5900000| PB 0x00000000e5900000| Untracked 
|  90|0x00000000e5a00000, 0x00000000e5a00000, 0x00000000e5b00000|  0%| F|  |TAMS 0x00000000e5a00000| PB 0x00000000e5a00000| Untracked 
|  91|0x00000000e5b00000, 0x00000000e5b00000, 0x00000000e5c00000|  0%| F|  |TAMS 0x00000000e5b00000| PB 0x00000000e5b00000| Untracked 
|  92|0x00000000e5c00000, 0x00000000e5c00000, 0x00000000e5d00000|  0%| F|  |TAMS 0x00000000e5c00000| PB 0x00000000e5c00000| Untracked 
|  93|0x00000000e5d00000, 0x00000000e5d00000, 0x00000000e5e00000|  0%| F|  |TAMS 0x00000000e5d00000| PB 0x00000000e5d00000| Untracked 
|  94|0x00000000e5e00000, 0x00000000e5e00000, 0x00000000e5f00000|  0%| F|  |TAMS 0x00000000e5e00000| PB 0x00000000e5e00000| Untracked 
|  95|0x00000000e5f00000, 0x00000000e5f00000, 0x00000000e6000000|  0%| F|  |TAMS 0x00000000e5f00000| PB 0x00000000e5f00000| Untracked 
|  96|0x00000000e6000000, 0x00000000e6000000, 0x00000000e6100000|  0%| F|  |TAMS 0x00000000e6000000| PB 0x00000000e6000000| Untracked 
|  97|0x00000000e6100000, 0x00000000e6100000, 0x00000000e6200000|  0%| F|  |TAMS 0x00000000e6100000| PB 0x00000000e6100000| Untracked 
|  98|0x00000000e6200000, 0x00000000e6200000, 0x00000000e6300000|  0%| F|  |TAMS 0x00000000e6200000| PB 0x00000000e6200000| Untracked 
|  99|0x00000000e6300000, 0x00000000e6300000, 0x00000000e6400000|  0%| F|  |TAMS 0x00000000e6300000| PB 0x00000000e6300000| Untracked 
| 100|0x00000000e6400000, 0x00000000e6400000, 0x00000000e6500000|  0%| F|  |TAMS 0x00000000e6400000| PB 0x00000000e6400000| Untracked 
| 101|0x00000000e6500000, 0x00000000e6500000, 0x00000000e6600000|  0%| F|  |TAMS 0x00000000e6500000| PB 0x00000000e6500000| Untracked 
| 102|0x00000000e6600000, 0x00000000e6600000, 0x00000000e6700000|  0%| F|  |TAMS 0x00000000e6600000| PB 0x00000000e6600000| Untracked 
| 103|0x00000000e6700000, 0x00000000e6700000, 0x00000000e6800000|  0%| F|  |TAMS 0x00000000e6700000| PB 0x00000000e6700000| Untracked 
| 104|0x00000000e6800000, 0x00000000e6800000, 0x00000000e6900000|  0%| F|  |TAMS 0x00000000e6800000| PB 0x00000000e6800000| Untracked 
| 105|0x00000000e6900000, 0x00000000e6900000, 0x00000000e6a00000|  0%| F|  |TAMS 0x00000000e6900000| PB 0x00000000e6900000| Untracked 
| 106|0x00000000e6a00000, 0x00000000e6a00000, 0x00000000e6b00000|  0%| F|  |TAMS 0x00000000e6a00000| PB 0x00000000e6a00000| Untracked 
| 107|0x00000000e6b00000, 0x00000000e6b00000, 0x00000000e6c00000|  0%| F|  |TAMS 0x00000000e6b00000| PB 0x00000000e6b00000| Untracked 
| 108|0x00000000e6c00000, 0x00000000e6c00000, 0x00000000e6d00000|  0%| F|  |TAMS 0x00000000e6c00000| PB 0x00000000e6c00000| Untracked 
| 109|0x00000000e6d00000, 0x00000000e6d00000, 0x00000000e6e00000|  0%| F|  |TAMS 0x00000000e6d00000| PB 0x00000000e6d00000| Untracked 
| 110|0x00000000e6e00000, 0x00000000e6e00000, 0x00000000e6f00000|  0%| F|  |TAMS 0x00000000e6e00000| PB 0x00000000e6e00000| Untracked 
| 111|0x00000000e6f00000, 0x00000000e6f00000, 0x00000000e7000000|  0%| F|  |TAMS 0x00000000e6f00000| PB 0x00000000e6f00000| Untracked 
| 112|0x00000000e7000000, 0x00000000e7000000, 0x00000000e7100000|  0%| F|  |TAMS 0x00000000e7000000| PB 0x00000000e7000000| Untracked 
| 113|0x00000000e7100000, 0x00000000e7100000, 0x00000000e7200000|  0%| F|  |TAMS 0x00000000e7100000| PB 0x00000000e7100000| Untracked 
| 114|0x00000000e7200000, 0x00000000e7200000, 0x00000000e7300000|  0%| F|  |TAMS 0x00000000e7200000| PB 0x00000000e7200000| Untracked 
| 115|0x00000000e7300000, 0x00000000e7300000, 0x00000000e7400000|  0%| F|  |TAMS 0x00000000e7300000| PB 0x00000000e7300000| Untracked 
| 116|0x00000000e7400000, 0x00000000e7400000, 0x00000000e7500000|  0%| F|  |TAMS 0x00000000e7400000| PB 0x00000000e7400000| Untracked 
| 117|0x00000000e7500000, 0x00000000e7500000, 0x00000000e7600000|  0%| F|  |TAMS 0x00000000e7500000| PB 0x00000000e7500000| Untracked 
| 118|0x00000000e7600000, 0x00000000e7600000, 0x00000000e7700000|  0%| F|  |TAMS 0x00000000e7600000| PB 0x00000000e7600000| Untracked 
| 119|0x00000000e7700000, 0x00000000e7700000, 0x00000000e7800000|  0%| F|  |TAMS 0x00000000e7700000| PB 0x00000000e7700000| Untracked 
| 120|0x00000000e7800000, 0x00000000e7800000, 0x00000000e7900000|  0%| F|  |TAMS 0x00000000e7800000| PB 0x00000000e7800000| Untracked 
| 121|0x00000000e7900000, 0x00000000e7900000, 0x00000000e7a00000|  0%| F|  |TAMS 0x00000000e7900000| PB 0x00000000e7900000| Untracked 
| 122|0x00000000e7a00000, 0x00000000e7a00000, 0x00000000e7b00000|  0%| F|  |TAMS 0x00000000e7a00000| PB 0x00000000e7a00000| Untracked 
| 123|0x00000000e7b00000, 0x00000000e7b00000, 0x00000000e7c00000|  0%| F|  |TAMS 0x00000000e7b00000| PB 0x00000000e7b00000| Untracked 
| 124|0x00000000e7c00000, 0x00000000e7c00000, 0x00000000e7d00000|  0%| F|  |TAMS 0x00000000e7c00000| PB 0x00000000e7c00000| Untracked 
| 125|0x00000000e7d00000, 0x00000000e7d00000, 0x00000000e7e00000|  0%| F|  |TAMS 0x00000000e7d00000| PB 0x00000000e7d00000| Untracked 
| 126|0x00000000e7e00000, 0x00000000e7e00000, 0x00000000e7f00000|  0%| F|  |TAMS 0x00000000e7e00000| PB 0x00000000e7e00000| Untracked 
| 127|0x00000000e7f00000, 0x00000000e7f00000, 0x00000000e8000000|  0%| F|  |TAMS 0x00000000e7f00000| PB 0x00000000e7f00000| Untracked 
| 128|0x00000000e8000000, 0x00000000e8000000, 0x00000000e8100000|  0%| F|  |TAMS 0x00000000e8000000| PB 0x00000000e8000000| Untracked 
| 129|0x00000000e8100000, 0x00000000e8100000, 0x00000000e8200000|  0%| F|  |TAMS 0x00000000e8100000| PB 0x00000000e8100000| Untracked 
| 130|0x00000000e8200000, 0x00000000e8200000, 0x00000000e8300000|  0%| F|  |TAMS 0x00000000e8200000| PB 0x00000000e8200000| Untracked 
| 131|0x00000000e8300000, 0x00000000e8300000, 0x00000000e8400000|  0%| F|  |TAMS 0x00000000e8300000| PB 0x00000000e8300000| Untracked 
| 132|0x00000000e8400000, 0x00000000e8400000, 0x00000000e8500000|  0%| F|  |TAMS 0x00000000e8400000| PB 0x00000000e8400000| Untracked 
| 133|0x00000000e8500000, 0x00000000e8500000, 0x00000000e8600000|  0%| F|  |TAMS 0x00000000e8500000| PB 0x00000000e8500000| Untracked 
| 134|0x00000000e8600000, 0x00000000e8600000, 0x00000000e8700000|  0%| F|  |TAMS 0x00000000e8600000| PB 0x00000000e8600000| Untracked 
| 135|0x00000000e8700000, 0x00000000e8700000, 0x00000000e8800000|  0%| F|  |TAMS 0x00000000e8700000| PB 0x00000000e8700000| Untracked 
| 136|0x00000000e8800000, 0x00000000e8800000, 0x00000000e8900000|  0%| F|  |TAMS 0x00000000e8800000| PB 0x00000000e8800000| Untracked 
| 137|0x00000000e8900000, 0x00000000e8900000, 0x00000000e8a00000|  0%| F|  |TAMS 0x00000000e8900000| PB 0x00000000e8900000| Untracked 
| 138|0x00000000e8a00000, 0x00000000e8a00000, 0x00000000e8b00000|  0%| F|  |TAMS 0x00000000e8a00000| PB 0x00000000e8a00000| Untracked 
| 139|0x00000000e8b00000, 0x00000000e8b00000, 0x00000000e8c00000|  0%| F|  |TAMS 0x00000000e8b00000| PB 0x00000000e8b00000| Untracked 
| 140|0x00000000e8c00000, 0x00000000e8c00000, 0x00000000e8d00000|  0%| F|  |TAMS 0x00000000e8c00000| PB 0x00000000e8c00000| Untracked 
| 141|0x00000000e8d00000, 0x00000000e8d00000, 0x00000000e8e00000|  0%| F|  |TAMS 0x00000000e8d00000| PB 0x00000000e8d00000| Untracked 
| 142|0x00000000e8e00000, 0x00000000e8e00000, 0x00000000e8f00000|  0%| F|  |TAMS 0x00000000e8e00000| PB 0x00000000e8e00000| Untracked 
| 143|0x00000000e8f00000, 0x00000000e8f00000, 0x00000000e9000000|  0%| F|  |TAMS 0x00000000e8f00000| PB 0x00000000e8f00000| Untracked 
| 144|0x00000000e9000000, 0x00000000e9000000, 0x00000000e9100000|  0%| F|  |TAMS 0x00000000e9000000| PB 0x00000000e9000000| Untracked 
| 145|0x00000000e9100000, 0x00000000e9100000, 0x00000000e9200000|  0%| F|  |TAMS 0x00000000e9100000| PB 0x00000000e9100000| Untracked 
| 146|0x00000000e9200000, 0x00000000e9200000, 0x00000000e9300000|  0%| F|  |TAMS 0x00000000e9200000| PB 0x00000000e9200000| Untracked 
| 147|0x00000000e9300000, 0x00000000e9300000, 0x00000000e9400000|  0%| F|  |TAMS 0x00000000e9300000| PB 0x00000000e9300000| Untracked 
| 148|0x00000000e9400000, 0x00000000e9400000, 0x00000000e9500000|  0%| F|  |TAMS 0x00000000e9400000| PB 0x00000000e9400000| Untracked 
| 149|0x00000000e9500000, 0x00000000e9500000, 0x00000000e9600000|  0%| F|  |TAMS 0x00000000e9500000| PB 0x00000000e9500000| Untracked 
| 150|0x00000000e9600000, 0x00000000e9600000, 0x00000000e9700000|  0%| F|  |TAMS 0x00000000e9600000| PB 0x00000000e9600000| Untracked 
| 151|0x00000000e9700000, 0x00000000e9700000, 0x00000000e9800000|  0%| F|  |TAMS 0x00000000e9700000| PB 0x00000000e9700000| Untracked 
| 152|0x00000000e9800000, 0x00000000e9800000, 0x00000000e9900000|  0%| F|  |TAMS 0x00000000e9800000| PB 0x00000000e9800000| Untracked 
| 153|0x00000000e9900000, 0x00000000e9900000, 0x00000000e9a00000|  0%| F|  |TAMS 0x00000000e9900000| PB 0x00000000e9900000| Untracked 
| 154|0x00000000e9a00000, 0x00000000e9a00000, 0x00000000e9b00000|  0%| F|  |TAMS 0x00000000e9a00000| PB 0x00000000e9a00000| Untracked 
| 155|0x00000000e9b00000, 0x00000000e9b00000, 0x00000000e9c00000|  0%| F|  |TAMS 0x00000000e9b00000| PB 0x00000000e9b00000| Untracked 
| 156|0x00000000e9c00000, 0x00000000e9c00000, 0x00000000e9d00000|  0%| F|  |TAMS 0x00000000e9c00000| PB 0x00000000e9c00000| Untracked 
| 157|0x00000000e9d00000, 0x00000000e9d00000, 0x00000000e9e00000|  0%| F|  |TAMS 0x00000000e9d00000| PB 0x00000000e9d00000| Untracked 
| 158|0x00000000e9e00000, 0x00000000e9e00000, 0x00000000e9f00000|  0%| F|  |TAMS 0x00000000e9e00000| PB 0x00000000e9e00000| Untracked 
| 159|0x00000000e9f00000, 0x00000000e9f00000, 0x00000000ea000000|  0%| F|  |TAMS 0x00000000e9f00000| PB 0x00000000e9f00000| Untracked 
| 160|0x00000000ea000000, 0x00000000ea000000, 0x00000000ea100000|  0%| F|  |TAMS 0x00000000ea000000| PB 0x00000000ea000000| Untracked 
| 161|0x00000000ea100000, 0x00000000ea100000, 0x00000000ea200000|  0%| F|  |TAMS 0x00000000ea100000| PB 0x00000000ea100000| Untracked 
| 162|0x00000000ea200000, 0x00000000ea200000, 0x00000000ea300000|  0%| F|  |TAMS 0x00000000ea200000| PB 0x00000000ea200000| Untracked 
| 163|0x00000000ea300000, 0x00000000ea300000, 0x00000000ea400000|  0%| F|  |TAMS 0x00000000ea300000| PB 0x00000000ea300000| Untracked 
| 164|0x00000000ea400000, 0x00000000ea400000, 0x00000000ea500000|  0%| F|  |TAMS 0x00000000ea400000| PB 0x00000000ea400000| Untracked 
| 165|0x00000000ea500000, 0x00000000ea500000, 0x00000000ea600000|  0%| F|  |TAMS 0x00000000ea500000| PB 0x00000000ea500000| Untracked 
| 166|0x00000000ea600000, 0x00000000ea600000, 0x00000000ea700000|  0%| F|  |TAMS 0x00000000ea600000| PB 0x00000000ea600000| Untracked 
| 167|0x00000000ea700000, 0x00000000ea700000, 0x00000000ea800000|  0%| F|  |TAMS 0x00000000ea700000| PB 0x00000000ea700000| Untracked 
| 168|0x00000000ea800000, 0x00000000ea800000, 0x00000000ea900000|  0%| F|  |TAMS 0x00000000ea800000| PB 0x00000000ea800000| Untracked 
| 169|0x00000000ea900000, 0x00000000ea900000, 0x00000000eaa00000|  0%| F|  |TAMS 0x00000000ea900000| PB 0x00000000ea900000| Untracked 
| 170|0x00000000eaa00000, 0x00000000eaa00000, 0x00000000eab00000|  0%| F|  |TAMS 0x00000000eaa00000| PB 0x00000000eaa00000| Untracked 
| 171|0x00000000eab00000, 0x00000000eab00000, 0x00000000eac00000|  0%| F|  |TAMS 0x00000000eab00000| PB 0x00000000eab00000| Untracked 
| 172|0x00000000eac00000, 0x00000000eac00000, 0x00000000ead00000|  0%| F|  |TAMS 0x00000000eac00000| PB 0x00000000eac00000| Untracked 
| 173|0x00000000ead00000, 0x00000000ead00000, 0x00000000eae00000|  0%| F|  |TAMS 0x00000000ead00000| PB 0x00000000ead00000| Untracked 
| 174|0x00000000eae00000, 0x00000000eae00000, 0x00000000eaf00000|  0%| F|  |TAMS 0x00000000eae00000| PB 0x00000000eae00000| Untracked 
| 175|0x00000000eaf00000, 0x00000000eaf00000, 0x00000000eb000000|  0%| F|  |TAMS 0x00000000eaf00000| PB 0x00000000eaf00000| Untracked 
| 176|0x00000000eb000000, 0x00000000eb000000, 0x00000000eb100000|  0%| F|  |TAMS 0x00000000eb000000| PB 0x00000000eb000000| Untracked 
| 177|0x00000000eb100000, 0x00000000eb100000, 0x00000000eb200000|  0%| F|  |TAMS 0x00000000eb100000| PB 0x00000000eb100000| Untracked 
| 178|0x00000000eb200000, 0x00000000eb200000, 0x00000000eb300000|  0%| F|  |TAMS 0x00000000eb200000| PB 0x00000000eb200000| Untracked 
| 179|0x00000000eb300000, 0x00000000eb300000, 0x00000000eb400000|  0%| F|  |TAMS 0x00000000eb300000| PB 0x00000000eb300000| Untracked 
| 180|0x00000000eb400000, 0x00000000eb400000, 0x00000000eb500000|  0%| F|  |TAMS 0x00000000eb400000| PB 0x00000000eb400000| Untracked 
| 181|0x00000000eb500000, 0x00000000eb500000, 0x00000000eb600000|  0%| F|  |TAMS 0x00000000eb500000| PB 0x00000000eb500000| Untracked 
| 182|0x00000000eb600000, 0x00000000eb600000, 0x00000000eb700000|  0%| F|  |TAMS 0x00000000eb600000| PB 0x00000000eb600000| Untracked 
| 183|0x00000000eb700000, 0x00000000eb700000, 0x00000000eb800000|  0%| F|  |TAMS 0x00000000eb700000| PB 0x00000000eb700000| Untracked 
| 184|0x00000000eb800000, 0x00000000eb800000, 0x00000000eb900000|  0%| F|  |TAMS 0x00000000eb800000| PB 0x00000000eb800000| Untracked 
| 185|0x00000000eb900000, 0x00000000eb900000, 0x00000000eba00000|  0%| F|  |TAMS 0x00000000eb900000| PB 0x00000000eb900000| Untracked 
| 186|0x00000000eba00000, 0x00000000eba00000, 0x00000000ebb00000|  0%| F|  |TAMS 0x00000000eba00000| PB 0x00000000eba00000| Untracked 
| 187|0x00000000ebb00000, 0x00000000ebb00000, 0x00000000ebc00000|  0%| F|  |TAMS 0x00000000ebb00000| PB 0x00000000ebb00000| Untracked 
| 188|0x00000000ebc00000, 0x00000000ebc00000, 0x00000000ebd00000|  0%| F|  |TAMS 0x00000000ebc00000| PB 0x00000000ebc00000| Untracked 
| 189|0x00000000ebd00000, 0x00000000ebd00000, 0x00000000ebe00000|  0%| F|  |TAMS 0x00000000ebd00000| PB 0x00000000ebd00000| Untracked 
| 190|0x00000000ebe00000, 0x00000000ebe00000, 0x00000000ebf00000|  0%| F|  |TAMS 0x00000000ebe00000| PB 0x00000000ebe00000| Untracked 
| 191|0x00000000ebf00000, 0x00000000ebf00000, 0x00000000ec000000|  0%| F|  |TAMS 0x00000000ebf00000| PB 0x00000000ebf00000| Untracked 
| 192|0x00000000ec000000, 0x00000000ec000000, 0x00000000ec100000|  0%| F|  |TAMS 0x00000000ec000000| PB 0x00000000ec000000| Untracked 
| 193|0x00000000ec100000, 0x00000000ec100000, 0x00000000ec200000|  0%| F|  |TAMS 0x00000000ec100000| PB 0x00000000ec100000| Untracked 
| 194|0x00000000ec200000, 0x00000000ec200000, 0x00000000ec300000|  0%| F|  |TAMS 0x00000000ec200000| PB 0x00000000ec200000| Untracked 
| 195|0x00000000ec300000, 0x00000000ec300000, 0x00000000ec400000|  0%| F|  |TAMS 0x00000000ec300000| PB 0x00000000ec300000| Untracked 
| 196|0x00000000ec400000, 0x00000000ec400000, 0x00000000ec500000|  0%| F|  |TAMS 0x00000000ec400000| PB 0x00000000ec400000| Untracked 
| 197|0x00000000ec500000, 0x00000000ec500000, 0x00000000ec600000|  0%| F|  |TAMS 0x00000000ec500000| PB 0x00000000ec500000| Untracked 
| 198|0x00000000ec600000, 0x00000000ec600000, 0x00000000ec700000|  0%| F|  |TAMS 0x00000000ec600000| PB 0x00000000ec600000| Untracked 
| 199|0x00000000ec700000, 0x00000000ec700000, 0x00000000ec800000|  0%| F|  |TAMS 0x00000000ec700000| PB 0x00000000ec700000| Untracked 
| 200|0x00000000ec800000, 0x00000000ec800000, 0x00000000ec900000|  0%| F|  |TAMS 0x00000000ec800000| PB 0x00000000ec800000| Untracked 
| 201|0x00000000ec900000, 0x00000000ec900000, 0x00000000eca00000|  0%| F|  |TAMS 0x00000000ec900000| PB 0x00000000ec900000| Untracked 
| 202|0x00000000eca00000, 0x00000000eca00000, 0x00000000ecb00000|  0%| F|  |TAMS 0x00000000eca00000| PB 0x00000000eca00000| Untracked 
| 203|0x00000000ecb00000, 0x00000000ecb00000, 0x00000000ecc00000|  0%| F|  |TAMS 0x00000000ecb00000| PB 0x00000000ecb00000| Untracked 
| 204|0x00000000ecc00000, 0x00000000ecc00000, 0x00000000ecd00000|  0%| F|  |TAMS 0x00000000ecc00000| PB 0x00000000ecc00000| Untracked 
| 205|0x00000000ecd00000, 0x00000000ecd00000, 0x00000000ece00000|  0%| F|  |TAMS 0x00000000ecd00000| PB 0x00000000ecd00000| Untracked 
| 206|0x00000000ece00000, 0x00000000ece00000, 0x00000000ecf00000|  0%| F|  |TAMS 0x00000000ece00000| PB 0x00000000ece00000| Untracked 
| 207|0x00000000ecf00000, 0x00000000ecf00000, 0x00000000ed000000|  0%| F|  |TAMS 0x00000000ecf00000| PB 0x00000000ecf00000| Untracked 
| 208|0x00000000ed000000, 0x00000000ed000000, 0x00000000ed100000|  0%| F|  |TAMS 0x00000000ed000000| PB 0x00000000ed000000| Untracked 
| 209|0x00000000ed100000, 0x00000000ed100000, 0x00000000ed200000|  0%| F|  |TAMS 0x00000000ed100000| PB 0x00000000ed100000| Untracked 
| 210|0x00000000ed200000, 0x00000000ed200000, 0x00000000ed300000|  0%| F|  |TAMS 0x00000000ed200000| PB 0x00000000ed200000| Untracked 
| 211|0x00000000ed300000, 0x00000000ed300000, 0x00000000ed400000|  0%| F|  |TAMS 0x00000000ed300000| PB 0x00000000ed300000| Untracked 
| 212|0x00000000ed400000, 0x00000000ed400000, 0x00000000ed500000|  0%| F|  |TAMS 0x00000000ed400000| PB 0x00000000ed400000| Untracked 
| 213|0x00000000ed500000, 0x00000000ed500000, 0x00000000ed600000|  0%| F|  |TAMS 0x00000000ed500000| PB 0x00000000ed500000| Untracked 
| 214|0x00000000ed600000, 0x00000000ed600000, 0x00000000ed700000|  0%| F|  |TAMS 0x00000000ed600000| PB 0x00000000ed600000| Untracked 
| 215|0x00000000ed700000, 0x00000000ed700000, 0x00000000ed800000|  0%| F|  |TAMS 0x00000000ed700000| PB 0x00000000ed700000| Untracked 
| 216|0x00000000ed800000, 0x00000000ed800000, 0x00000000ed900000|  0%| F|  |TAMS 0x00000000ed800000| PB 0x00000000ed800000| Untracked 
| 217|0x00000000ed900000, 0x00000000ed900000, 0x00000000eda00000|  0%| F|  |TAMS 0x00000000ed900000| PB 0x00000000ed900000| Untracked 
| 218|0x00000000eda00000, 0x00000000eda00000, 0x00000000edb00000|  0%| F|  |TAMS 0x00000000eda00000| PB 0x00000000eda00000| Untracked 
| 219|0x00000000edb00000, 0x00000000edb00000, 0x00000000edc00000|  0%| F|  |TAMS 0x00000000edb00000| PB 0x00000000edb00000| Untracked 
| 220|0x00000000edc00000, 0x00000000edc00000, 0x00000000edd00000|  0%| F|  |TAMS 0x00000000edc00000| PB 0x00000000edc00000| Untracked 
| 221|0x00000000edd00000, 0x00000000edd00000, 0x00000000ede00000|  0%| F|  |TAMS 0x00000000edd00000| PB 0x00000000edd00000| Untracked 
| 222|0x00000000ede00000, 0x00000000ede00000, 0x00000000edf00000|  0%| F|  |TAMS 0x00000000ede00000| PB 0x00000000ede00000| Untracked 
| 223|0x00000000edf00000, 0x00000000edf00000, 0x00000000ee000000|  0%| F|  |TAMS 0x00000000edf00000| PB 0x00000000edf00000| Untracked 
| 224|0x00000000ee000000, 0x00000000ee000000, 0x00000000ee100000|  0%| F|  |TAMS 0x00000000ee000000| PB 0x00000000ee000000| Untracked 
| 225|0x00000000ee100000, 0x00000000ee100000, 0x00000000ee200000|  0%| F|  |TAMS 0x00000000ee100000| PB 0x00000000ee100000| Untracked 
| 226|0x00000000ee200000, 0x00000000ee300000, 0x00000000ee300000|100%| S|CS|TAMS 0x00000000ee200000| PB 0x00000000ee200000| Complete 
| 227|0x00000000ee300000, 0x00000000ee400000, 0x00000000ee400000|100%| S|CS|TAMS 0x00000000ee300000| PB 0x00000000ee300000| Complete 
| 228|0x00000000ee400000, 0x00000000ee500000, 0x00000000ee500000|100%| S|CS|TAMS 0x00000000ee400000| PB 0x00000000ee400000| Complete 
| 229|0x00000000ee500000, 0x00000000ee500000, 0x00000000ee600000|  0%| F|  |TAMS 0x00000000ee500000| PB 0x00000000ee500000| Untracked 
| 230|0x00000000ee600000, 0x00000000ee600000, 0x00000000ee700000|  0%| F|  |TAMS 0x00000000ee600000| PB 0x00000000ee600000| Untracked 
| 231|0x00000000ee700000, 0x00000000ee700000, 0x00000000ee800000|  0%| F|  |TAMS 0x00000000ee700000| PB 0x00000000ee700000| Untracked 
| 232|0x00000000ee800000, 0x00000000ee800000, 0x00000000ee900000|  0%| F|  |TAMS 0x00000000ee800000| PB 0x00000000ee800000| Untracked 
| 233|0x00000000ee900000, 0x00000000ee900000, 0x00000000eea00000|  0%| F|  |TAMS 0x00000000ee900000| PB 0x00000000ee900000| Untracked 
| 234|0x00000000eea00000, 0x00000000eea00000, 0x00000000eeb00000|  0%| F|  |TAMS 0x00000000eea00000| PB 0x00000000eea00000| Untracked 
| 235|0x00000000eeb00000, 0x00000000eec00000, 0x00000000eec00000|100%| E|  |TAMS 0x00000000eeb00000| PB 0x00000000eeb00000| Complete 
| 236|0x00000000eec00000, 0x00000000eed00000, 0x00000000eed00000|100%| E|CS|TAMS 0x00000000eec00000| PB 0x00000000eec00000| Complete 
| 237|0x00000000eed00000, 0x00000000eee00000, 0x00000000eee00000|100%| E|CS|TAMS 0x00000000eed00000| PB 0x00000000eed00000| Complete 
| 238|0x00000000eee00000, 0x00000000eef00000, 0x00000000eef00000|100%| E|CS|TAMS 0x00000000eee00000| PB 0x00000000eee00000| Complete 
| 239|0x00000000eef00000, 0x00000000ef000000, 0x00000000ef000000|100%| E|CS|TAMS 0x00000000eef00000| PB 0x00000000eef00000| Complete 
| 240|0x00000000ef000000, 0x00000000ef100000, 0x00000000ef100000|100%| E|CS|TAMS 0x00000000ef000000| PB 0x00000000ef000000| Complete 
| 241|0x00000000ef100000, 0x00000000ef200000, 0x00000000ef200000|100%| E|CS|TAMS 0x00000000ef100000| PB 0x00000000ef100000| Complete 
| 242|0x00000000ef200000, 0x00000000ef300000, 0x00000000ef300000|100%| E|CS|TAMS 0x00000000ef200000| PB 0x00000000ef200000| Complete 
| 243|0x00000000ef300000, 0x00000000ef400000, 0x00000000ef400000|100%| E|CS|TAMS 0x00000000ef300000| PB 0x00000000ef300000| Complete 
| 244|0x00000000ef400000, 0x00000000ef500000, 0x00000000ef500000|100%| E|CS|TAMS 0x00000000ef400000| PB 0x00000000ef400000| Complete 
| 245|0x00000000ef500000, 0x00000000ef600000, 0x00000000ef600000|100%| E|CS|TAMS 0x00000000ef500000| PB 0x00000000ef500000| Complete 
| 246|0x00000000ef600000, 0x00000000ef700000, 0x00000000ef700000|100%| E|CS|TAMS 0x00000000ef600000| PB 0x00000000ef600000| Complete 
| 247|0x00000000ef700000, 0x00000000ef800000, 0x00000000ef800000|100%| E|CS|TAMS 0x00000000ef700000| PB 0x00000000ef700000| Complete 
| 248|0x00000000ef800000, 0x00000000ef900000, 0x00000000ef900000|100%| E|CS|TAMS 0x00000000ef800000| PB 0x00000000ef800000| Complete 
| 249|0x00000000ef900000, 0x00000000efa00000, 0x00000000efa00000|100%| E|CS|TAMS 0x00000000ef900000| PB 0x00000000ef900000| Complete 
| 250|0x00000000efa00000, 0x00000000efb00000, 0x00000000efb00000|100%| E|CS|TAMS 0x00000000efa00000| PB 0x00000000efa00000| Complete 
| 251|0x00000000efb00000, 0x00000000efc00000, 0x00000000efc00000|100%| E|CS|TAMS 0x00000000efb00000| PB 0x00000000efb00000| Complete 

Card table byte_map: [0x000001edae9c0000,0x000001edaeac0000] _byte_map_base: 0x000001edae2c0000

Marking Bits: (CMBitMap*) 0x000001ed96c724a0
 Bits: [0x000001edaeac0000, 0x000001edaf2c0000)

Polling page: 0x000001ed94ba0000

Metaspace:

Usage:
  Non-class:      9.03 MB used.
      Class:      1.37 MB used.
       Both:     10.40 MB used.

Virtual space:
  Non-class space:       64.00 MB reserved,       9.19 MB ( 14%) committed,  1 nodes.
      Class space:        1.00 GB reserved,       1.50 MB ( <1%) committed,  1 nodes.
             Both:        1.06 GB reserved,      10.69 MB ( <1%) committed. 

Chunk freelists:
   Non-Class:  6.16 MB
       Class:  14.51 MB
        Both:  20.66 MB

MaxMetaspaceSize: unlimited
CompressedClassSpaceSize: 1.00 GB
Initial GC threshold: 21.00 MB
Current GC threshold: 21.00 MB
CDS: on
 - commit_granule_bytes: 65536.
 - commit_granule_words: 8192.
 - virtual_space_node_default_size: 8388608.
 - enlarge_chunks_in_place: 1.
 - use_allocation_guard: 0.


Internal statistics:

num_allocs_failed_limit: 0.
num_arena_births: 266.
num_arena_deaths: 0.
num_vsnodes_births: 2.
num_vsnodes_deaths: 0.
num_space_committed: 171.
num_space_uncommitted: 0.
num_chunks_returned_to_freelist: 0.
num_chunks_taken_from_freelist: 631.
num_chunk_merges: 0.
num_chunk_splits: 363.
num_chunks_enlarged: 215.
num_inconsistent_stats: 0.

CodeHeap 'non-profiled nmethods': size=120000Kb used=723Kb max_used=723Kb free=119276Kb
 bounds [0x000001eda6e20000, 0x000001eda7090000, 0x000001edae350000]
CodeHeap 'profiled nmethods': size=120000Kb used=3636Kb max_used=3636Kb free=116363Kb
 bounds [0x000001ed9f350000, 0x000001ed9f6e0000, 0x000001eda6880000]
CodeHeap 'non-nmethods': size=5760Kb used=1336Kb max_used=1354Kb free=4423Kb
 bounds [0x000001eda6880000, 0x000001eda6af0000, 0x000001eda6e20000]
CodeCache: size=245760Kb, used=5695Kb, max_used=5713Kb, free=240062Kb
 total_blobs=2354, nmethods=1853, adapters=406, full_count=0
Compilation: enabled, stopped_count=0, restarted_count=0

Compilation events (20 events):
Event: 6.074 Thread 0x000001edf7fea320 nmethod 1837 0x000001eda6ecff10 code [0x000001eda6ed00e0, 0x000001eda6ed0640]
Event: 6.075 Thread 0x000001edf7fea320 1839       4       java.io.BufferedInputStream::getBufIfOpen (61 bytes)
Event: 6.075 Thread 0x000001edf7019b80 1847       1       java.time.ZoneOffset::getTotalSeconds (5 bytes)
Event: 6.075 Thread 0x000001edf7019b80 nmethod 1847 0x000001eda6ed0910 code [0x000001eda6ed0aa0, 0x000001eda6ed0b68]
Event: 6.076 Thread 0x000001edf7019b80 1848   !   3       java.lang.invoke.MethodHandles$Lookup::revealDirect (196 bytes)
Event: 6.078 Thread 0x000001edf7019b80 nmethod 1848 0x000001ed9f6d5410 code [0x000001ed9f6d5760, 0x000001ed9f6d69d0]
Event: 6.079 Thread 0x000001edf7019b80 1852       3       java.lang.invoke.AbstractValidatingLambdaMetafactory::checkDescriptor (133 bytes)
Event: 6.082 Thread 0x000001edf7fea320 nmethod 1839 0x000001eda6ed0c10 code [0x000001eda6ed0da0, 0x000001eda6ed1090]
Event: 6.082 Thread 0x000001edf7fea320 1840       4       java.io.BufferedInputStream::implRead (112 bytes)
Event: 6.082 Thread 0x000001edf7019b80 nmethod 1852 0x000001ed9f6d7090 code [0x000001ed9f6d74e0, 0x000001ed9f6d9858]
Event: 6.083 Thread 0x000001edf7019b80 1849       3       java.lang.invoke.InfoFromMemberName::<init> (72 bytes)
Event: 6.083 Thread 0x000001edf7019b80 nmethod 1849 0x000001ed9f6da410 code [0x000001ed9f6da5c0, 0x000001ed9f6da7a0]
Event: 6.083 Thread 0x000001edf7019b80 1850       3       java.lang.invoke.InnerClassLambdaMetafactory::lambdaClassName (48 bytes)
Event: 6.084 Thread 0x000001edf7019b80 nmethod 1850 0x000001ed9f6da890 code [0x000001ed9f6daae0, 0x000001ed9f6db1b0]
Event: 6.084 Thread 0x000001edf7019b80 1851       3       java.lang.invoke.AbstractValidatingLambdaMetafactory::isAdaptableToAsReturn (36 bytes)
Event: 6.084 Thread 0x000001edf7019b80 nmethod 1851 0x000001ed9f6db490 code [0x000001ed9f6db660, 0x000001ed9f6dbad0]
Event: 6.084 Thread 0x000001edf7019b80 1853       3       java.lang.invoke.AbstractValidatingLambdaMetafactory::isAdaptableToAsReturnStrict (34 bytes)
Event: 6.085 Thread 0x000001edf7019b80 nmethod 1853 0x000001ed9f6dbc10 code [0x000001ed9f6dbe00, 0x000001ed9f6dc378]
Event: 6.087 Thread 0x000001edf7019b80 1854       3       java.lang.invoke.LambdaFormEditor$TransformKey::inRange (36 bytes)
Event: 6.087 Thread 0x000001edf7019b80 nmethod 1854 0x000001ed9f6dc510 code [0x000001ed9f6dc6a0, 0x000001ed9f6dc7f0]

GC Heap History (2 events):
Event: 3.759 GC heap before
{Heap before GC invocations=0 (full 0):
 garbage-first heap   total 258048K, used 24576K [0x00000000e0000000, 0x0000000100000000)
  region size 1024K, 23 young (23552K), 0 survivors (0K)
 Metaspace       used 6363K, committed 6592K, reserved 1114112K
  class space    used 805K, committed 896K, reserved 1048576K
}
Event: 3.772 GC heap after
{Heap after GC invocations=1 (full 0):
 garbage-first heap   total 258048K, used 7972K [0x00000000e0000000, 0x0000000100000000)
  region size 1024K, 3 young (3072K), 3 survivors (3072K)
 Metaspace       used 6363K, committed 6592K, reserved 1114112K
  class space    used 805K, committed 896K, reserved 1048576K
}

Dll operation events (9 events):
Event: 0.028 Loaded shared library C:\Program Files\Eclipse Adoptium\jdk-21.0.10.7-hotspot\bin\java.dll
Event: 0.063 Loaded shared library C:\Program Files\Eclipse Adoptium\jdk-21.0.10.7-hotspot\bin\jsvml.dll
Event: 0.185 Loaded shared library C:\Program Files\Eclipse Adoptium\jdk-21.0.10.7-hotspot\bin\net.dll
Event: 0.188 Loaded shared library C:\Program Files\Eclipse Adoptium\jdk-21.0.10.7-hotspot\bin\nio.dll
Event: 0.192 Loaded shared library C:\Program Files\Eclipse Adoptium\jdk-21.0.10.7-hotspot\bin\zip.dll
Event: 0.288 Loaded shared library C:\Program Files\Eclipse Adoptium\jdk-21.0.10.7-hotspot\bin\verify.dll
Event: 0.296 Loaded shared library C:\Program Files\Eclipse Adoptium\jdk-21.0.10.7-hotspot\bin\jimage.dll
Event: 1.943 Loaded shared library C:\Program Files\Eclipse Adoptium\jdk-21.0.10.7-hotspot\bin\extnet.dll
Event: 2.125 Loaded shared library C:\Program Files\Eclipse Adoptium\jdk-21.0.10.7-hotspot\bin\sunmscapi.dll

Deoptimization events (20 events):
Event: 5.876 Thread 0x000001ed947fa570 DEOPT PACKING pc=0x000001eda6e68fa4 sp=0x00000001d01f8b80
Event: 5.876 Thread 0x000001ed947fa570 DEOPT UNPACKING pc=0x000001eda68d4422 sp=0x00000001d01f8a78 mode 2
Event: 5.876 Thread 0x000001ed947fa570 Uncommon trap: trap_request=0xffffff45 fr.pc=0x000001eda6e50a0c relative=0x00000000000000ec
Event: 5.876 Thread 0x000001ed947fa570 Uncommon trap: reason=unstable_if action=reinterpret pc=0x000001eda6e50a0c method=java.lang.String.getBytes([BIB)V @ 5 c2
Event: 5.876 Thread 0x000001ed947fa570 DEOPT PACKING pc=0x000001eda6e50a0c sp=0x00000001d01f8aa0
Event: 5.876 Thread 0x000001ed947fa570 DEOPT UNPACKING pc=0x000001eda68d4422 sp=0x00000001d01f8a68 mode 2
Event: 5.876 Thread 0x000001ed947fa570 Uncommon trap: trap_request=0xffffff45 fr.pc=0x000001eda6e87754 relative=0x0000000000000514
Event: 5.876 Thread 0x000001ed947fa570 Uncommon trap: reason=unstable_if action=reinterpret pc=0x000001eda6e87754 method=java.lang.String.<init>(Ljava/lang/AbstractStringBuilder;Ljava/lang/Void;)V @ 19 c2
Event: 5.876 Thread 0x000001ed947fa570 DEOPT PACKING pc=0x000001eda6e87754 sp=0x00000001d01f8be0
Event: 5.876 Thread 0x000001ed947fa570 DEOPT UNPACKING pc=0x000001eda68d4422 sp=0x00000001d01f8ae0 mode 2
Event: 5.876 Thread 0x000001ed947fa570 Uncommon trap: trap_request=0xffffff45 fr.pc=0x000001eda6e82b90 relative=0x00000000000004d0
Event: 5.876 Thread 0x000001ed947fa570 Uncommon trap: reason=unstable_if action=reinterpret pc=0x000001eda6e82b90 method=java.lang.String.<init>(Ljava/lang/AbstractStringBuilder;Ljava/lang/Void;)V @ 19 c2
Event: 5.876 Thread 0x000001ed947fa570 DEOPT PACKING pc=0x000001eda6e82b90 sp=0x00000001d01f8b40
Event: 5.876 Thread 0x000001ed947fa570 DEOPT UNPACKING pc=0x000001eda68d4422 sp=0x00000001d01f8af8 mode 2
Event: 5.943 Thread 0x000001ed947fa570 DEOPT PACKING pc=0x000001ed9f6af63d sp=0x00000001d01f9600
Event: 5.943 Thread 0x000001ed947fa570 DEOPT UNPACKING pc=0x000001eda68d4bc2 sp=0x00000001d01f8b08 mode 0
Event: 6.085 Thread 0x000001ed947fa570 Uncommon trap: trap_request=0xffffff45 fr.pc=0x000001eda6eb3790 relative=0x0000000000000870
Event: 6.085 Thread 0x000001ed947fa570 Uncommon trap: reason=unstable_if action=reinterpret pc=0x000001eda6eb3790 method=java.util.HashMap.hash(Ljava/lang/Object;)I @ 1 c2
Event: 6.085 Thread 0x000001ed947fa570 DEOPT PACKING pc=0x000001eda6eb3790 sp=0x00000001d01f9940
Event: 6.085 Thread 0x000001ed947fa570 DEOPT UNPACKING pc=0x000001eda68d4422 sp=0x00000001d01f98c0 mode 2

Classes loaded (20 events):
Event: 5.892 Loading class sun/security/provider/PolicyFile$8
Event: 5.893 Loading class sun/security/provider/PolicyFile$8 done
Event: 5.894 Loading class sun/security/provider/PolicyFile$SelfPermission
Event: 5.894 Loading class sun/security/provider/PolicyFile$SelfPermission done
Event: 5.894 Loading class java/net/SocketPermissionCollection
Event: 5.895 Loading class java/net/SocketPermissionCollection done
Event: 5.899 Loading class java/util/PropertyPermissionCollection
Event: 5.900 Loading class java/util/PropertyPermissionCollection done
Event: 5.906 Loading class java/security/PermissionsEnumerator
Event: 5.906 Loading class java/security/PermissionsEnumerator done
Event: 6.054 Loading class java/time/zone/ZoneRulesProvider
Event: 6.055 Loading class java/time/zone/ZoneRulesProvider done
Event: 6.055 Loading class java/time/zone/ZoneRulesProvider$1
Event: 6.056 Loading class java/time/zone/ZoneRulesProvider$1 done
Event: 6.056 Loading class java/time/zone/TzdbZoneRulesProvider
Event: 6.056 Loading class java/time/zone/TzdbZoneRulesProvider done
Event: 6.069 Loading class java/time/zone/Ser
Event: 6.070 Loading class java/time/zone/Ser done
Event: 6.071 Loading class java/time/zone/ZoneOffsetTransition
Event: 6.073 Loading class java/time/zone/ZoneOffsetTransition done

Classes unloaded (0 events):
No events

Classes redefined (0 events):
No events

Internal exceptions (20 events):
Event: 4.321 Thread 0x000001ed947fa570 Exception <a 'java/lang/NoSuchMethodError'{0x00000000ef6a7db8}: 'void java.lang.invoke.DirectMethodHandle$Holder.invokeSpecial(java.lang.Object, java.lang.Object, java.lang.Object, java.lang.Object, java.lang.Object)'> (0x00000000ef6a7db8) 
thrown [s\src\hotspot\share\interpreter\linkResolver.cpp, line 773]
Event: 4.362 Thread 0x000001ed947fa570 Exception <a 'java/lang/NoSuchMethodError'{0x00000000ef51d110}: 'void java.lang.invoke.DirectMethodHandle$Holder.invokeInterface(java.lang.Object, java.lang.Object, java.lang.Object, java.lang.Object)'> (0x00000000ef51d110) 
thrown [s\src\hotspot\share\interpreter\linkResolver.cpp, line 773]
Event: 4.362 Thread 0x000001ed947fa570 Exception <a 'java/lang/IncompatibleClassChangeError'{0x00000000ef520a28}: Found class java.lang.Object, but interface was expected> (0x00000000ef520a28) 
thrown [s\src\hotspot\share\interpreter\linkResolver.cpp, line 840]
Event: 4.371 Thread 0x000001ed947fa570 Exception <a 'java/lang/NoSuchMethodError'{0x00000000ef536570}: 'void java.lang.invoke.DirectMethodHandle$Holder.invokeStatic(java.lang.Object, java.lang.Object, java.lang.Object, java.lang.Object)'> (0x00000000ef536570) 
thrown [s\src\hotspot\share\interpreter\linkResolver.cpp, line 773]
Event: 4.446 Thread 0x000001ed947fa570 Exception <a 'java/lang/NoSuchMethodError'{0x00000000ef5b0280}: 'int java.lang.invoke.DirectMethodHandle$Holder.invokeStatic(java.lang.Object, java.lang.Object, java.lang.Object, java.lang.Object)'> (0x00000000ef5b0280) 
thrown [s\src\hotspot\share\interpreter\linkResolver.cpp, line 773]
Event: 4.449 Thread 0x000001ed947fa570 Exception <a 'java/lang/NoSuchMethodError'{0x00000000ef5b3950}: 'java.lang.Object java.lang.invoke.Invokers$Holder.invokeExact_MT(java.lang.Object, java.lang.Object, java.lang.Object, java.lang.Object, java.lang.Object, java.lang.Object)'> (0x00000000ef5b3950) 
thrown [s\src\hotspot\share\interpreter\linkResolver.cpp, line 773]
Event: 4.456 Thread 0x000001ed947fa570 Exception <a 'java/lang/NoSuchMethodError'{0x00000000ef5c12f8}: 'int java.lang.invoke.DirectMethodHandle$Holder.invokeStatic(java.lang.Object, java.lang.Object, java.lang.Object, java.lang.Object, java.lang.Object)'> (0x00000000ef5c12f8) 
thrown [s\src\hotspot\share\interpreter\linkResolver.cpp, line 773]
Event: 4.502 Thread 0x000001ed947fa570 Exception <a 'java/lang/NoSuchMethodError'{0x00000000ef40f400}: 'void java.lang.invoke.DirectMethodHandle$Holder.invokeStaticInit(java.lang.Object)'> (0x00000000ef40f400) 
thrown [s\src\hotspot\share\interpreter\linkResolver.cpp, line 773]
Event: 4.570 Thread 0x000001ed947fa570 Exception <a 'java/lang/NoSuchMethodError'{0x00000000ef4edaf8}: 'void java.lang.invoke.DirectMethodHandle$Holder.invokeStaticInit(java.lang.Object, java.lang.Object, java.lang.Object, java.lang.Object)'> (0x00000000ef4edaf8) 
thrown [s\src\hotspot\share\interpreter\linkResolver.cpp, line 773]
Event: 4.585 Thread 0x000001ed947fa570 Exception <a 'java/lang/NoSuchMethodError'{0x00000000ef3250b8}: 'java.lang.Object java.lang.invoke.DirectMethodHandle$Holder.newInvokeSpecial(java.lang.Object, java.lang.Object, int)'> (0x00000000ef3250b8) 
thrown [s\src\hotspot\share\interpreter\linkResolver.cpp, line 773]
Event: 4.666 Thread 0x000001ed947fa570 Exception <a 'java/lang/NoSuchMethodError'{0x00000000ef3e8678}: 'int java.lang.invoke.DirectMethodHandle$Holder.invokeStaticInit(java.lang.Object, java.lang.Object)'> (0x00000000ef3e8678) 
thrown [s\src\hotspot\share\interpreter\linkResolver.cpp, line 773]
Event: 4.803 Thread 0x000001ed947fa570 Exception <a 'java/lang/NoSuchMethodError'{0x00000000ef159eb8}: 'void java.lang.invoke.DirectMethodHandle$Holder.invokeStatic(java.lang.Object, java.lang.Object)'> (0x00000000ef159eb8) 
thrown [s\src\hotspot\share\interpreter\linkResolver.cpp, line 773]
Event: 4.832 Thread 0x000001ed947fa570 Exception <a 'java/lang/NoSuchMethodError'{0x00000000ef1acf50}: 'java.lang.Object java.lang.invoke.DirectMethodHandle$Holder.newInvokeSpecial(java.lang.Object, java.lang.Object, java.lang.Object, java.lang.Object, java.lang.Object, java.lang.Object, java.lang.Object)'> (0x00000000ef1acf50) 
thrown [s\src\hotspot\share\interpreter\linkResolver.cpp, line 773]
Event: 4.840 Thread 0x000001ed947fa570 Exception <a 'java/lang/NoSuchMethodError'{0x00000000ef1be6d0}: 'java.lang.Object java.lang.invoke.DirectMethodHandle$Holder.invokeInterface(java.lang.Object, java.lang.Object, java.lang.Object, java.lang.Object, java.lang.Object)'> (0x00000000ef1be6d0) 
thrown [s\src\hotspot\share\interpreter\linkResolver.cpp, line 773]
Event: 4.841 Thread 0x000001ed947fa570 Exception <a 'java/lang/IncompatibleClassChangeError'{0x00000000ef1c2218}: Found class java.lang.Object, but interface was expected> (0x00000000ef1c2218) 
thrown [s\src\hotspot\share\interpreter\linkResolver.cpp, line 840]
Event: 5.854 Thread 0x000001ed947fa570 Exception <a 'java/lang/ClassNotFoundException'{0x00000000eec6f540}: javax/smartcardio/CardPermission> (0x00000000eec6f540) 
thrown [s\src\hotspot\share\classfile\systemDictionary.cpp, line 312]
Event: 5.876 Thread 0x000001ed947fa570 Exception <a 'java/io/FileNotFoundException'{0x00000000eec7f030}> (0x00000000eec7f030) 
thrown [s\src\hotspot\share\prims\jni.cpp, line 520]
Event: 5.985 Thread 0x000001ed947fa570 Exception <a 'java/lang/NoSuchMethodError'{0x00000000eeb036d0}: 'java.lang.Object java.lang.invoke.DirectMethodHandle$Holder.invokeSpecial(java.lang.Object, java.lang.Object, java.lang.Object, long, java.lang.Object)'> (0x00000000eeb036d0) 
thrown [s\src\hotspot\share\interpreter\linkResolver.cpp, line 773]
Event: 5.987 Thread 0x000001ed947fa570 Exception <a 'java/lang/NoSuchMethodError'{0x00000000eeb07850}: 'java.lang.Object java.lang.invoke.Invokers$Holder.linkToTargetMethod(java.lang.Object, long, java.lang.Object, java.lang.Object)'> (0x00000000eeb07850) 
thrown [s\src\hotspot\share\interpreter\linkResolver.cpp, line 773]
Event: 6.085 Thread 0x000001ed947fa570 Implicit null exception at 0x000001eda6eb2f69 to 0x000001eda6eb3774

ZGC Phase Switch (0 events):
No events

VM Operations (20 events):
Event: 3.354 Executing safepoint VM operation: Cleanup
Event: 3.354 Executing safepoint VM operation: Cleanup done
Event: 3.587 Executing non-safepoint VM operation: HandshakeAllThreads (Deoptimize)
Event: 3.587 Executing non-safepoint VM operation: HandshakeAllThreads (Deoptimize) done
Event: 3.589 Executing non-safepoint VM operation: HandshakeAllThreads (Deoptimize)
Event: 3.589 Executing non-safepoint VM operation: HandshakeAllThreads (Deoptimize) done
Event: 3.759 Executing safepoint VM operation: G1CollectForAllocation (G1 Evacuation Pause)
Event: 3.772 Executing safepoint VM operation: G1CollectForAllocation (G1 Evacuation Pause) done
Event: 4.014 Executing non-safepoint VM operation: HandshakeAllThreads (Deoptimize)
Event: 4.014 Executing non-safepoint VM operation: HandshakeAllThreads (Deoptimize) done
Event: 4.334 Executing non-safepoint VM operation: HandshakeAllThreads (Deoptimize)
Event: 4.334 Executing non-safepoint VM operation: HandshakeAllThreads (Deoptimize) done
Event: 4.856 Executing non-safepoint VM operation: HandshakeAllThreads (Deoptimize)
Event: 4.856 Executing non-safepoint VM operation: HandshakeAllThreads (Deoptimize) done
Event: 4.856 Executing safepoint VM operation: Cleanup
Event: 4.856 Executing safepoint VM operation: Cleanup done
Event: 5.502 Executing non-safepoint VM operation: HandshakeAllThreads (Deoptimize)
Event: 5.502 Executing non-safepoint VM operation: HandshakeAllThreads (Deoptimize) done
Event: 6.510 Executing safepoint VM operation: Cleanup
Event: 6.830 Executing safepoint VM operation: Cleanup done

Memory protections (0 events):
No events

Nmethod flushes (0 events):
No events

Events (20 events):
Event: 0.060 Thread 0x000001ed947fa570 Thread added: 0x000001edb1f6cbf0
Event: 0.060 Thread 0x000001ed947fa570 Thread added: 0x000001edb1f6e960
Event: 0.060 Thread 0x000001ed947fa570 Thread added: 0x000001edf7009790
Event: 0.061 Thread 0x000001ed947fa570 Thread added: 0x000001edf700af10
Event: 0.061 Thread 0x000001ed947fa570 Thread added: 0x000001edf700c690
Event: 0.061 Thread 0x000001ed947fa570 Thread added: 0x000001edf7016280
Event: 0.061 Thread 0x000001ed947fa570 Thread added: 0x000001edf7019b80
Event: 0.180 Thread 0x000001ed947fa570 Thread added: 0x000001edf71b1f10
Event: 0.182 Thread 0x000001ed947fa570 Thread added: 0x000001edf719e9d0
Event: 0.207 Thread 0x000001edf7019b80 Thread added: 0x000001edf71f9ad0
Event: 0.719 Thread 0x000001edf71f9ad0 Thread exited: 0x000001edf71f9ad0
Event: 2.106 Thread 0x000001ed947fa570 Thread added: 0x000001edf7a1c120
Event: 2.179 Thread 0x000001edf7019b80 Thread added: 0x000001edf7aa2040
Event: 2.199 Thread 0x000001ed947fa570 Thread added: 0x000001edf7d3d230
Event: 2.200 Thread 0x000001ed947fa570 Thread added: 0x000001edf7d3dca0
Event: 2.291 Thread 0x000001edf7aa2040 Thread exited: 0x000001edf7aa2040
Event: 2.343 Thread 0x000001edf7016280 Thread added: 0x000001edf7bfd540
Event: 3.712 Thread 0x000001edf7bfd540 Thread exited: 0x000001edf7bfd540
Event: 5.811 Thread 0x000001edf7019b80 Thread added: 0x000001edf7fea320
Event: 5.819 Thread 0x000001edf7019b80 Thread added: 0x000001edf7ca6420


Dynamic libraries:
0x00007ff7d5080000 - 0x00007ff7d508e000 	C:\Program Files\Eclipse Adoptium\jdk-21.0.10.7-hotspot\bin\java.exe
0x00007ffab76c0000 - 0x00007ffab7927000 	C:\WINDOWS\SYSTEM32\ntdll.dll
0x00007ffab60f0000 - 0x00007ffab61b9000 	C:\WINDOWS\System32\KERNEL32.DLL
0x00007ffab4da0000 - 0x00007ffab5191000 	C:\WINDOWS\System32\KERNELBASE.dll
0x00007ffab4bc0000 - 0x00007ffab4d0b000 	C:\WINDOWS\System32\ucrtbase.dll
0x00007ffaa0000000 - 0x00007ffaa001e000 	C:\Program Files\Eclipse Adoptium\jdk-21.0.10.7-hotspot\bin\VCRUNTIME140.dll
0x00007ffa9fe70000 - 0x00007ffa9fe88000 	C:\Program Files\Eclipse Adoptium\jdk-21.0.10.7-hotspot\bin\jli.dll
0x00007ffab63f0000 - 0x00007ffab65b5000 	C:\WINDOWS\System32\USER32.dll
0x00007ffa9b7f0000 - 0x00007ffa9ba83000 	C:\WINDOWS\WinSxS\amd64_microsoft.windows.common-controls_6595b64144ccf1df_6.0.26100.8037_none_3e092faae333b53b\COMCTL32.dll
0x00007ffab5430000 - 0x00007ffab5457000 	C:\WINDOWS\System32\win32u.dll
0x00007ffab6340000 - 0x00007ffab63e9000 	C:\WINDOWS\System32\msvcrt.dll
0x00007ffab5460000 - 0x00007ffab548b000 	C:\WINDOWS\System32\GDI32.dll
0x00007ffab51a0000 - 0x00007ffab52cb000 	C:\WINDOWS\System32\gdi32full.dll
0x00007ffab5380000 - 0x00007ffab5423000 	C:\WINDOWS\System32\msvcp_win.dll
0x00007ffab5f90000 - 0x00007ffab5fc1000 	C:\WINDOWS\System32\IMM32.DLL
0x00007ffa9fcb0000 - 0x00007ffa9fcbc000 	C:\Program Files\Eclipse Adoptium\jdk-21.0.10.7-hotspot\bin\vcruntime140_1.dll
0x00007ffa91790000 - 0x00007ffa9181d000 	C:\Program Files\Eclipse Adoptium\jdk-21.0.10.7-hotspot\bin\msvcp140.dll
0x00007ffa1fce0000 - 0x00007ffa20a81000 	C:\Program Files\Eclipse Adoptium\jdk-21.0.10.7-hotspot\bin\server\jvm.dll
0x00007ffab5490000 - 0x00007ffab554b000 	C:\WINDOWS\System32\ADVAPI32.dll
0x00007ffab6040000 - 0x00007ffab60e7000 	C:\WINDOWS\System32\sechost.dll
0x00007ffab6680000 - 0x00007ffab6798000 	C:\WINDOWS\System32\RPCRT4.dll
0x00007ffab7600000 - 0x00007ffab7674000 	C:\WINDOWS\System32\WS2_32.dll
0x00007ffaa5460000 - 0x00007ffaa546b000 	C:\WINDOWS\SYSTEM32\VERSION.dll
0x00007ffaab550000 - 0x00007ffaab585000 	C:\WINDOWS\SYSTEM32\WINMM.dll
0x00007ffab3e00000 - 0x00007ffab3e5e000 	C:\WINDOWS\SYSTEM32\POWRPROF.dll
0x00007ffab3de0000 - 0x00007ffab3df4000 	C:\WINDOWS\SYSTEM32\UMPDC.dll
0x00007ffab2cf0000 - 0x00007ffab2d0b000 	C:\WINDOWS\SYSTEM32\kernel.appcore.dll
0x00007ffa9e2f0000 - 0x00007ffa9e2fa000 	C:\Program Files\Eclipse Adoptium\jdk-21.0.10.7-hotspot\bin\jimage.dll
0x00007ffab1da0000 - 0x00007ffab1fe2000 	C:\WINDOWS\SYSTEM32\DBGHELP.DLL
0x00007ffab7110000 - 0x00007ffab7492000 	C:\WINDOWS\System32\combase.dll
0x00007ffab5e50000 - 0x00007ffab5f27000 	C:\WINDOWS\System32\OLEAUT32.dll
0x00007ffa9e490000 - 0x00007ffa9e4cb000 	C:\WINDOWS\SYSTEM32\dbgcore.DLL
0x00007ffab52d0000 - 0x00007ffab5375000 	C:\WINDOWS\System32\bcryptPrimitives.dll
0x00007ffa9c660000 - 0x00007ffa9c680000 	C:\Program Files\Eclipse Adoptium\jdk-21.0.10.7-hotspot\bin\java.dll
0x00007ffab67a0000 - 0x00007ffab6eff000 	C:\WINDOWS\System32\SHELL32.dll
0x00007ffab4990000 - 0x00007ffab4afa000 	C:\WINDOWS\System32\wintypes.dll
0x00007ffab4120000 - 0x00007ffab4984000 	C:\WINDOWS\System32\windows.storage.dll
0x00007ffab5c40000 - 0x00007ffab5d37000 	C:\WINDOWS\System32\SHCORE.dll
0x00007ffab61d0000 - 0x00007ffab6237000 	C:\WINDOWS\System32\shlwapi.dll
0x00007ffab3ec0000 - 0x00007ffab3ee9000 	C:\WINDOWS\SYSTEM32\profapi.dll
0x00007ffa916b0000 - 0x00007ffa91787000 	C:\Program Files\Eclipse Adoptium\jdk-21.0.10.7-hotspot\bin\jsvml.dll
0x00007ffa9e280000 - 0x00007ffa9e290000 	C:\Program Files\Eclipse Adoptium\jdk-21.0.10.7-hotspot\bin\net.dll
0x00007ffaab2a0000 - 0x00007ffaab3c7000 	C:\WINDOWS\SYSTEM32\WINHTTP.dll
0x00007ffab3240000 - 0x00007ffab32ab000 	C:\WINDOWS\system32\mswsock.dll
0x00007ffa96780000 - 0x00007ffa96796000 	C:\Program Files\Eclipse Adoptium\jdk-21.0.10.7-hotspot\bin\nio.dll
0x00007ffa96760000 - 0x00007ffa96778000 	C:\Program Files\Eclipse Adoptium\jdk-21.0.10.7-hotspot\bin\zip.dll
0x00007ffa9d290000 - 0x00007ffa9d2a0000 	C:\Program Files\Eclipse Adoptium\jdk-21.0.10.7-hotspot\bin\verify.dll
0x00007ffa9c650000 - 0x00007ffa9c659000 	C:\Program Files\Eclipse Adoptium\jdk-21.0.10.7-hotspot\bin\extnet.dll
0x00007ffa9c250000 - 0x00007ffa9c25e000 	C:\Program Files\Eclipse Adoptium\jdk-21.0.10.7-hotspot\bin\sunmscapi.dll
0x00007ffab3fa0000 - 0x00007ffab4117000 	C:\WINDOWS\System32\CRYPT32.dll
0x00007ffab37a0000 - 0x00007ffab37d0000 	C:\WINDOWS\SYSTEM32\ncrypt.dll
0x00007ffab3750000 - 0x00007ffab378f000 	C:\WINDOWS\SYSTEM32\NTASN1.dll
0x00007ffa9d3f0000 - 0x00007ffa9d3f8000 	C:\WINDOWS\system32\wshunix.dll
0x00007ffab3640000 - 0x00007ffab365b000 	C:\WINDOWS\SYSTEM32\CRYPTSP.dll
0x00007ffab2c50000 - 0x00007ffab2c89000 	C:\WINDOWS\system32\rsaenh.dll
0x00007ffab32f0000 - 0x00007ffab3322000 	C:\WINDOWS\SYSTEM32\USERENV.dll
0x00007ffab3e90000 - 0x00007ffab3eba000 	C:\WINDOWS\SYSTEM32\bcrypt.dll
0x00007ffab34a0000 - 0x00007ffab34ac000 	C:\WINDOWS\SYSTEM32\CRYPTBASE.dll
0x00007ffab2680000 - 0x00007ffab26b3000 	C:\WINDOWS\SYSTEM32\IPHLPAPI.DLL
0x00007ffab6f20000 - 0x00007ffab6f2a000 	C:\WINDOWS\System32\NSI.dll

JVMTI agents: none

dbghelp: loaded successfully - version: 4.0.5 - missing functions: none
symbol engine: initialized successfully - sym options: 0x614 - pdb path: .;C:\Program Files\Eclipse Adoptium\jdk-21.0.10.7-hotspot\bin;C:\WINDOWS\SYSTEM32;C:\WINDOWS\WinSxS\amd64_microsoft.windows.common-controls_6595b64144ccf1df_6.0.26100.8037_none_3e092faae333b53b;C:\Program Files\Eclipse Adoptium\jdk-21.0.10.7-hotspot\bin\server

VM Arguments:
jvm_args: -Dorg.gradle.internal.worker.tmpdir=C:\Users\kangdow\dev\project\ai-project\second-project\libs\java-observability\build\tmp\test\work -XX:+EnableDynamicAgentLoading -Xmx512m -Dfile.encoding=UTF-8 -Duser.country=KR -Duser.language=ko -Duser.variant -ea 
java_command: worker.org.gradle.process.internal.worker.GradleWorkerMain 'Gradle Test Executor 2'
java_class_path (initial): C:\\Users\\kangdow\\.gradle\\caches\\8.14.3\\workerMain\\gradle-worker.jar;C:\\Users\\kangdow\\dev\\project\\ai-project\\second-project\\libs\\java-observability\\build\\classes\\java\\test;C:\\Users\\kangdow\\dev\\project\\ai-project\\second-project\\libs\\java-observability\\build\\classes\\java\\main;C:\\Users\\kangdow\\dev\\project\\ai-project\\second-project\\libs\\java-observability\\build\\resources\\main;C:\\Users\\kangdow\\.gradle\\caches\\modules-2\\files-2.1\\org.springframework.boot\\spring-boot-starter-actuator\\3.4.1\\bd347cc46f34c8b9a6f33b4d103bcfb3b11fc6f8\\spring-boot-starter-actuator-3.4.1.jar;C:\\Users\\kangdow\\.gradle\\caches\\modules-2\\files-2.1\\io.micrometer\\micrometer-registry-prometheus\\1.14.2\\724ef1b2a41e78fbff35dd6827bb59661cadad0a\\micrometer-registry-prometheus-1.14.2.jar;C:\\Users\\kangdow\\.gradle\\caches\\modules-2\\files-2.1\\io.opentelemetry\\opentelemetry-api\\1.43.0\\ce6889e709baac891833dc1c718702661650b3b3\\opentelemetry-api-1.43.0.jar;C:\\Users\\kangdow\\.gradle\\caches\\modules-2\\files-2.1\\net.logstash.logback\\logstash-logback-encoder\\8.0\\73a2ae828d20f710be8439af3c1a53d21a62dc0f\\logstash-logback-encoder-8.0.jar;C:\\Users\\kangdow\\.gradle\\caches\\modules-2\\files-2.1\\org.springframework.boot\\spring-boot-starter-test\\3.4.1\\ac1caa2ab4c8eaedd82abab3ed8d27a1b4ee2da8\\spring-boot-starter-test-3.4.1.jar;C:\\Users\\kangdow\\.gradle\\caches\\modules-2\\files-2.1\\org.springframework.boot\\spring-boot-starter-web\\3.4.1\\ff7227fc62338e0f6eba3f9f94c12eb952d4da95\\spring-boot-starter-web-3.4.1.jar;C:\\Users\\kangdow\\.gradle\\caches\\modules-2\\files-2.1\\jakarta.servlet\\jakarta.servlet-api\\6.0.0\\abecc699286e65035ebba9844c03931357a6a963\\jakarta.servlet-api-6.0.0.jar;C:\\Users\\kangdow\\.gradle\\caches\\modules-2\\files-2.1\\org.springframework.boot\\spring-boot-starter-json\\3.4.1\\c1d084f65d8d9f2de9daccab47c4f452fb0464de\\spring-boot-starter-json-3.4.1.jar;C:\\Users\\kangdow\\.gradle\\caches\\modules-2\\files-2.1\\org.springframework.boot\\spring-boot-starter\\3.4.1\\2c97b6fdc451ea69cd04dcfa54980439b7c7cb34\\spring-boot-starter-3.4.1.jar;C:\\Users\\kangdow\\.gradle\\caches\\modules-2\\files-2.1\\org.springframework.boot\\spring-boot-actuator-autoconfigure\\3.4.1\\75ab4d3c257fc5b00fbfa8099ec35b6c9702b629\\spring-boot-actuator-autoconfigure-3.4.1.jar;C:\\Users\\kangdow\\.gradle\\caches\\modules-2\\files-2.1\\io.micrometer\\micrometer-jakarta9\\1.14.2\\50950404a99cde864c0e4ff3b1647e5be75d7570\\micrometer-jakarta9-1.14.2.jar;C:\\Users\\kangdow\\.gradle\\caches\\modules-2\\files-2.1\\io.micrometer\\micrometer-core\\1.14.2\\7ec567b052bc560ba76a95eff222fb7999b79817\\micrometer-core-1.14.2.jar;C:\\Users\\kangdow\\.gradle\\caches\\modules-2\\files-2.1\\org.springframework\\spring-webmvc\\6.2.1\\44bdf7e5641d44044ac52d7bb5c1fc46004e7754\\spring-webmvc-6.2.1.jar;C:\\Users\\kangdow\\.gradle\\caches\\modules-2\\files-2.1\\org.springframework\\spring-web\\6.2.1\\877acb94c5b3a0c92e652b6bebdfdc7c60922ac8\\spring-web-6.2.1.jar;C:\\Users\\kangdow\\.gradle\\caches\\modules-2\\files-2.1\\org.springframework.boot\\spring-boot-test-autoconfigure\\3.4.1\\87ac4bbb73af12298ddf1cd6830121527e6de7c7\\spring-boot-test-autoconfigure-3.4.1.jar;C:\\Users\\kangdow\\.gradle\\caches\\modules-2\\files-2.1\\org.springframework.boot\\spring-boot-test\\3.4.1\\56fb2970279daa00359e37fabdc3bf46a1ab1a8b\\spring-boot-test-3.4.1.jar;C:\\Users\\kangdow\\.gradle\\caches\\modules-2\\files-2.1\\org.springframework.boot\\spring-boot-autoconfigure\\3.4.1\\f17b54cc5816ec8f06d0aca9df11c330ead97f2a\\spring-boot-autoconfigure-3.4.1.jar;C:\\Users\\kangdow\\.gradle\\caches\\modules-2\\files-2.1\\org.springframework.boot\\spring-boot-actuator\\3.4.1\\77873fd387c46b7bb350cc6127a3b0162c41f9bf\\spring-boot-actuator-3.4.1.jar;C:\\Users\\kangdow\\.gradle\\caches\\modules-2\\files-2.1\\org.springframework.boot\\spring-boot\\3.4.1\\5fb9890a5eb7c4e86c8f5c0f6960b79240daf3d5\\spring-boot-3.4.1.jar;C:\\Users\\kangdow\\.gradle\\caches\\modules-2\\files-2.1\\org.springframework\\spring-context\\6.2.1\\f56c7431b03860bfdb016e68f484c5c35531ef2e\\spring-context-6.2.1.jar;C:\\Users\\kangdow\\.gradle\\caches\\modules-2\\files-2.1\\io.micrometer\\micrometer-observation\\1.14.2\\a9cad29cc04c0f7e30e3e58b454d4cd47ccc54bd\\micrometer-observation-1.14.2.jar;C:\\Users\\kangdow\\.gradle\\caches\\modules-2\\files-2.1\\io.prometheus\\prometheus-metrics-core\\1.3.5\\2169cfe39084609c72a1fcd1a5775f74a4531919\\prometheus-metrics-core-1.3.5.jar;C:\\Users\\kangdow\\.gradle\\caches\\modules-2\\files-2.1\\io.prometheus\\prometheus-metrics-tracer-common\\1.3.5\\adf529b691eb4514124662ad47e67676be52c3d8\\prometheus-metrics-tracer-common-1.3.5.jar;C:\\Users\\kangdow\\.gradle\\caches\\modules-2\\files-2.1\\io.prometheus\\prometheus-metrics-exposition-formats\\1.3.5\\3a5d2539dad545b15a60f7113a01734779906d97\\prometheus-metrics-exposition-formats-1.3.5.jar;C:\\Users\\kangdow\\.gradle\\caches\\modules-2\\files-2.1\\io.opentelemetry\\opentelemetry-context\\1.43.0\\473c7a67d2d587f7faefe7b6d9c00743e82819ee\\opentelemetry-context-1.43.0.jar;C:\\Users\\kangdow\\.gradle\\caches\\modules-2\\files-2.1\\com.fasterxml.jackson.core\\jackson-annotations\\2.18.2\\985d77751ebc7fce5db115a986bc9aa82f973f4a\\jackson-annotations-2.18.2.jar;C:\\Users\\kangdow\\.gradle\\caches\\modules-2\\files-2.1\\com.fasterxml.jackson.datatype\\jackson-datatype-jdk8\\2.18.2\\9ed6d538ebcc66864e114a7040953dce6ab6ea53\\jackson-datatype-jdk8-2.18.2.jar;C:\\Users\\kangdow\\.gradle\\caches\\modules-2\\files-2.1\\com.fasterxml.jackson.module\\jackson-module-parameter-names\\2.18.2\\72960cb3277347a748911d100c3302d60e8a616a\\jackson-module-parameter-names-2.18.2.jar;C:\\Users\\kangdow\\.gradle\\caches\\modules-2\\files-2.1\\com.fasterxml.jackson.core\\jackson-core\\2.18.2\\fb64ccac5c27dca8819418eb4e443a9f496d9ee7\\jackson-core-2.18.2.jar;C:\\Users\\kangdow\\.gradle\\caches\\modules-2\\files-2.1\\com.fasterxml.jackson.datatype\\jackson-datatype-jsr310\\2.18.2\\7b6ff96adf421f4c6edbd694e797dd8fe434510a\\jackson-datatype-jsr310-2.18.2.jar;C:\\Users\\kangdow\\.gradle\\caches\\modules-2\\files-2.1\\com.fasterxml.jackson.core\\jackson-databind\\2.18.2\\deef8697b92141fb6caf7aa86966cff4eec9b04f\\jackson-databind-2.18.2.jar;C:\\Users\\kangdow\\.gradle\\caches\\modules-2\\files-2.1\\com.jayway.jsonpath\\json-path\\2.9.0\\37fe2217f577b0b68b18e62c4d17a8858ecf9b69\\json-path-2.9.0.jar;C:\\Users\\kangdow\\.gradle\\caches\\modules-2\\files-2.1\\jakarta.xml.bind\\jakarta.xml.bind-api\\4.0.2\\6cd5a999b834b63238005b7144136379dc36cad2\\jakarta.xml.bind-api-4.0.2.jar;C:\\Users\\kangdow\\.gradle\\caches\\modules-2\\files-2.1\\net.minidev\\json-smart\\2.5.1\\4c11d2808d009132dfbbf947ebf37de6bf266c8e\\json-smart-2.5.1.jar;C:\\Users\\kangdow\\.gradle\\caches\\modules-2\\files-2.1\\org.assertj\\assertj-core\\3.26.3\\d26263eb7524252d98e602fc6942996a3195e29\\assertj-core-3.26.3.jar;C:\\Users\\kangdow\\.gradle\\caches\\modules-2\\files-2.1\\org.awaitility\\awaitility\\4.2.2\\7336242073ebf83fe034e42b46a403c5501b63c9\\awaitility-4.2.2.jar;C:\\Users\\kangdow\\.gradle\\caches\\modules-2\\files-2.1\\org.hamcrest\\hamcrest\\2.2\\1820c0968dba3a11a1b30669bb1f01978a91dedc\\hamcrest-2.2.jar;C:\\Users\\kangdow\\.gradle\\caches\\modules-2\\files-2.1\\org.mockito\\mockito-junit-jupiter\\5.14.2\\3cfc377d4bb9fe729f3dd9098d9a9b27da58324a\\mockito-junit-jupiter-5.14.2.jar;C:\\Users\\kangdow\\.gradle\\caches\\modules-2\\files-2.1\\org.junit.jupiter\\junit-jupiter-params\\5.11.4\\e4c86fbe2a39c60c6b87260ef7f7e7c1a1906481\\junit-jupiter-params-5.11.4.jar;C:\\Users\\kangdow\\.gradle\\caches\\modules-2\\files-2.1\\org.junit.jupiter\\junit-jupiter-engine\\5.11.4\\dc10ec209623986a68ea07f67cdc7d2a65a60355\\junit-jupiter-engine-5.11.4.jar;C:\\Users\\kangdow\\.gradle\\caches\\modules-2\\files-2.1\\org.junit.jupiter\\junit-jupiter-api\\5.11.4\\308315b28e667db4091b2ba1f7aa220d1ddadb97\\junit-jupiter-api-5.11.4.jar;C:\\Users\\kangdow\\.gradle\\caches\\modules-2\\files-2.1\\org.junit.platform\\junit-platform-engine\\1.11.4\\21f61b123ad6ac8f7e73971bff3a096c8d8e1cd0\\junit-platform-engine-1.11.4.jar;C:\\Users\\kangdow\\.gradle\\caches\\modules-2\\files-2.1\\org.junit.platform\\junit-platform-commons\\1.11.4\\8898eea3ed0da2641548d602c3e308804f166303\\junit-platform-commons-1.11.4.jar;C:\\Users\\kangdow\\.gradle\\caches\\modules-2\\files-2.1\\org.junit.jupiter\\junit-jupiter\\5.11.4\\a699f024a4a4706b36bddbeb42d499aff9e09379\\junit-jupiter-5.11.4.jar;C:\\Users\\kangdow\\.gradle\\caches\\modules-2\\files-2.1\\org.mockito\\mockito-core\\5.14.2\\f7bf936008d7664e2002c3faf0c02071c8d10e7c\\mockito-core-5.14.2.jar;C:\\Users\\kangdow\\.gradle\\caches\\modules-2\\files-2.1\\org.skyscreamer\\jsonassert\\1.5.3\\aaa43e0823d2a0e106e8754d6a9c4ab24e05e9bc\\jsonassert-1.5.3.jar;C:\\Users\\kangdow\\.gradle\\caches\\modules-2\\files-2.1\\org.springframework\\spring-test\\6.2.1\\60b7fe91a4ecb88b9ee0d6f228ad0b6a8ac78cb2\\spring-test-6.2.1.jar;C:\\Users\\kangdow\\.gradle\\caches\\modules-2\\files-2.1\\org.springframework\\spring-aop\\6.2.1\\a9384de38fc00751084446ba014a0c4962240244\\spring-aop-6.2.1.jar;C:\\Users\\kangdow\\.gradle\\caches\\modules-2\\files-2.1\\org.springframework\\spring-beans\\6.2.1\\ab57ec03ba6900075bf28e3cd70ccce173205b8d\\spring-beans-6.2.1.jar;C:\\Users\\kangdow\\.gradle\\caches\\modules-2\\files-2.1\\org.springframework\\spring-expression\\6.2.1\\91fcf6b9501705c31c8337e2713fe823bb512b24\\spring-expression-6.2.1.jar;C:\\Users\\kangdow\\.gradle\\caches\\modules-2\\files-2.1\\org.springframework\\spring-core\\6.2.1\\f42e6b51d9c0c2fcf95df9e5848470d173adc9af\\spring-core-6.2.1.jar;C:\\Users\\kangdow\\.gradle\\caches\\modules-2\\files-2.1\\org.xmlunit\\xmlunit-core\\2.10.0\\1355088731b4ec2107ff7f319f0d7445d916bab\\xmlunit-core-2.10.0.jar;C:\\Users\\kangdow\\.gradle\\caches\\modules-2\\files-2.1\\org.springframework.boot\\spring-boot-starter-tomcat\\3.4.1\\ac4bb51582c57cfb0d2beb102a76fe1a4d8b8b21\\spring-boot-starter-tomcat-3.4.1.jar;C:\\Users\\kangdow\\.gradle\\caches\\modules-2\\files-2.1\\org.springframework.boot\\spring-boot-starter-logging\\3.4.1\\5cd01e208b15113c7f88b3ea40e843ea9989f38a\\spring-boot-starter-logging-3.4.1.jar;C:\\Users\\kangdow\\.gradle\\caches\\modules-2\\files-2.1\\jakarta.annotation\\jakarta.annotation-api\\2.1.1\\48b9bda22b091b1f48b13af03fe36db3be6e1ae3\\jakarta.annotation-api-2.1.1.jar;C:\\Users\\kangdow\\.gradle\\caches\\modules-2\\files-2.1\\org.yaml\\snakeyaml\\2.3\\936b36210e27320f920536f695cf1af210c44586\\snakeyaml-2.3.jar;C:\\Users\\kangdow\\.gradle\\caches\\modules-2\\files-2.1\\io.micrometer\\micrometer-commons\\1.14.2\\69c454dbec59c7842cf59a534b7ec03618d75b91\\micrometer-commons-1.14.2.jar;C:\\Users\\kangdow\\.gradle\\caches\\modules-2\\files-2.1\\org.hdrhistogram\\HdrHistogram\\2.2.2\\7959933ebcc0f05b2eaa5af0a0c8689fa257b15c\\HdrHistogram-2.2.2.jar;C:\\Users\\kangdow\\.gradle\\caches\\modules-2\\files-2.1\\org.latencyutils\\LatencyUtils\\2.0.3\\769c0b82cb2421c8256300e907298a9410a2a3d3\\LatencyUtils-2.0.3.jar;C:\\Users\\kangdow\\.gradle\\caches\\modules-2\\files-2.1\\io.prometheus\\prometheus-metrics-exposition-textformats\\1.3.5\\c23b4fadcc2bb27a32a48f81fb8ac27b3f8cf192\\prometheus-metrics-exposition-textformats-1.3.5.jar;C:\\Users\\kangdow\\.gradle\\caches\\modules-2\\files-2.1\\io.prometheus\\prometheus-metrics-model\\1.3.5\\6a58b494b55eb3c0627cd00ac3957dc660fd4cf\\prometheus-metrics-model-1.3.5.jar;C:\\Users\\kangdow\\.gradle\\caches\\modules-2\\files-2.1\\io.prometheus\\prometheus-metrics-config\\1.3.5\\c25f5a3e02c8de54cf4c38b21147ca2994135af6\\prometheus-metrics-config-1.3.5.jar;C:\\Users\\kangdow\\.gradle\\caches\\modules-2\\files-2.1\\ch.qos.logback\\logback-classic\\1.5.12\\3790d1a62e868f7915776dfb392bd9a29ce8d954\\logback-classic-1.5.12.jar;C:\\Users\\kangdow\\.gradle\\caches\\modules-2\\files-2.1\\org.apache.logging.log4j\\log4j-to-slf4j\\2.24.3\\da1143e2a2531ee1c2d90baa98eb50a28a39d5a7\\log4j-to-slf4j-2.24.3.jar;C:\\Users\\kangdow\\.gradle\\caches\\modules-2\\files-2.1\\org.slf4j\\jul-to-slf4j\\2.0.16\\6d57da3e961daac65bcca0dd3def6cd11e48a24a\\jul-to-slf4j-2.0.16.jar;C:\\Users\\kangdow\\.gradle\\caches\\modules-2\\files-2.1\\org.slf4j\\slf4j-api\\2.0.16\\172931663a09a1fa515567af5fbef00897d3c04\\slf4j-api-2.0.16.jar;C:\\Users\\kangdow\\.gradle\\caches\\modules-2\\files-2.1\\jakarta.activation\\jakarta.activation-api\\2.1.3\\fa165bd70cda600368eee31555222776a46b881f\\jakarta.activation-api-2.1.3.jar;C:\\Users\\kangdow\\.gradle\\caches\\modules-2\\files-2.1\\net.minidev\\accessors-smart\\2.5.1\\19b820261eb2e7de7d5bde11d1c06e4501dd7e5f\\accessors-smart-2.5.1.jar;C:\\Users\\kangdow\\.gradle\\caches\\modules-2\\files-2.1\\net.bytebuddy\\byte-buddy\\1.15.11\\f61886478e0f9ee4c21d09574736f0ff45e0a46c\\byte-buddy-1.15.11.jar;C:\\Users\\kangdow\\.gradle\\caches\\modules-2\\files-2.1\\net.bytebuddy\\byte-buddy-agent\\1.15.11\\a38b16385e867f59a641330f0362ebe742788ed8\\byte-buddy-agent-1.15.11.jar;C:\\Users\\kangdow\\.gradle\\caches\\modules-2\\files-2.1\\org.objenesis\\objenesis\\3.3\\1049c09f1de4331e8193e579448d0916d75b7631\\objenesis-3.3.jar;C:\\Users\\kangdow\\.gradle\\caches\\modules-2\\files-2.1\\com.vaadin.external.google\\android-json\\0.0.20131108.vaadin1\\fa26d351fe62a6a17f5cda1287c1c6110dec413f\\android-json-0.0.20131108.vaadin1.jar;C:\\Users\\kangdow\\.gradle\\caches\\modules-2\\files-2.1\\org.springframework\\spring-jcl\\6.2.1\\a5d662d64470aff0ae51d210147bb6ede31a8ea3\\spring-jcl-6.2.1.jar;C:\\Users\\kangdow\\.gradle\\caches\\modules-2\\files-2.1\\org.apache.tomcat.embed\\tomcat-embed-websocket\\10.1.34\\eef6d430f34b6e393b8d9e40f10db9043732b4e5\\tomcat-embed-websocket-10.1.34.jar;C:\\Users\\kangdow\\.gradle\\caches\\modules-2\\files-2.1\\org.apache.tomcat.embed\\tomcat-embed-core\\10.1.34\\f610f84be607fbc82e393cc220f0ad45f92afc91\\tomcat-embed-core-10.1.34.jar;C:\\Users\\kangdow\\.gradle\\caches\\modules-2\\files-2.1\\org.apache.tomcat.embed\\tomcat-embed-el\\10.1.34\\d2b2daca3bc999c62e58ae36b45ba0582530fb25\\tomcat-embed-el-10.1.34.jar;C:\\Users\\kangdow\\.gradle\\caches\\modules-2\\files-2.1\\org.ow2.asm\\asm\\9.6\\aa205cf0a06dbd8e04ece91c0b37c3f5d567546a\\asm-9.6.jar;C:\\Users\\kangdow\\.gradle\\caches\\modules-2\\files-2.1\\org.opentest4j\\opentest4j\\1.3.0\\152ea56b3a72f655d4fd677fc0ef2596c3dd5e6e\\opentest4j-1.3.0.jar;C:\\Users\\kangdow\\.gradle\\caches\\modules-2\\files-2.1\\ch.qos.logback\\logback-core\\1.5.12\\65b1fa25fe8d8e4bdc140e79eb67ac6741f775e2\\logback-core-1.5.12.jar;C:\\Users\\kangdow\\.gradle\\caches\\modules-2\\files-2.1\\org.apache.logging.log4j\\log4j-api\\2.24.3\\b02c125db8b6d295adf72ae6e71af5d83bce2370\\log4j-api-2.24.3.jar;C:\\Users\\kangdow\\.gradle\\wrapper\\dists\\gradle-8.14.3-bin\\cv11ve7ro1n3o1j4so8xd9n66\\gradle-8.14.3\\lib\\plugins\\junit-platform-engine-1.8.2.jar;C:\\Users\\kangdow\\.gradle\\wrapper\\dists\\gradle-8.14.3-bin\\cv11ve7ro1n3o1j4so8xd9n66\\gradle-8.14.3\\lib\\plugins\\junit-platform-launcher-1.8.2.jar;C:\\Users\\kangdow\\.gradle\\wrapper\\dists\\gradle-8.14.3-bin\\cv11ve7ro1n3o1j4so8xd9n66\\gradle-8.14.3\\lib\\plugins\\junit-platform-commons-1.8.2.jar
Launcher Type: SUN_STANDARD

[Global flags]
     intx CICompilerCount                          = 4                                         {product} {ergonomic}
     uint ConcGCThreads                            = 3                                         {product} {ergonomic}
     bool EnableDynamicAgentLoading                = true                                      {product} {command line}
     uint G1ConcRefinementThreads                  = 10                                        {product} {ergonomic}
   size_t G1HeapRegionSize                         = 1048576                                   {product} {ergonomic}
    uintx GCDrainStackTargetSize                   = 64                                        {product} {ergonomic}
   size_t InitialHeapSize                          = 264241152                                 {product} {ergonomic}
   size_t MarkStackSize                            = 4194304                                   {product} {ergonomic}
   size_t MaxHeapSize                              = 536870912                                 {product} {command line}
   size_t MaxNewSize                               = 321912832                                 {product} {ergonomic}
   size_t MinHeapDeltaBytes                        = 1048576                                   {product} {ergonomic}
   size_t MinHeapSize                              = 8388608                                   {product} {ergonomic}
    uintx NonNMethodCodeHeapSize                   = 5839372                                {pd product} {ergonomic}
    uintx NonProfiledCodeHeapSize                  = 122909434                              {pd product} {ergonomic}
    uintx ProfiledCodeHeapSize                     = 122909434                              {pd product} {ergonomic}
    uintx ReservedCodeCacheSize                    = 251658240                              {pd product} {ergonomic}
     bool SegmentedCodeCache                       = true                                      {product} {ergonomic}
   size_t SoftMaxHeapSize                          = 536870912                              {manageable} {ergonomic}
     bool UseCompressedOops                        = true                           {product lp64_product} {ergonomic}
     bool UseG1GC                                  = true                                      {product} {ergonomic}
     bool UseLargePagesIndividualAllocation        = false                                  {pd product} {ergonomic}

Logging:
Log output configuration:
 #0: stdout all=warning uptime,level,tags foldmultilines=false
 #1: stderr all=off uptime,level,tags foldmultilines=false

Release file:
IMPLEMENTOR="Eclipse Adoptium" 
IMPLEMENTOR_VERSION="Temurin-21.0.10+7" 
JAVA_RUNTIME_VERSION="21.0.10+7-LTS" 
JAVA_VERSION="21.0.10" 
JAVA_VERSION_DATE="2026-01-20" 
LIBC="default" 
MODULES="java.base java.compiler java.datatransfer java.xml java.prefs java.desktop java.instrument java.logging java.management java.security.sasl java.naming java.rmi java.management.rmi java.net.http java.scripting java.security.jgss java.transaction.xa java.sql java.sql.rowset java.xml.crypto java.se java.smartcardio jdk.accessibility jdk.internal.jvmstat jdk.attach jdk.charsets jdk.internal.opt jdk.zipfs jdk.compiler jdk.crypto.ec jdk.crypto.cryptoki jdk.crypto.mscapi jdk.dynalink jdk.internal.ed jdk.editpad jdk.hotspot.agent jdk.httpserver jdk.incubator.vector jdk.internal.le jdk.internal.vm.ci jdk.internal.vm.compiler jdk.internal.vm.compiler.management jdk.jartool jdk.javadoc jdk.jcmd jdk.management jdk.management.agent jdk.jconsole jdk.jdeps jdk.jdwp.agent jdk.jdi jdk.jfr jdk.jlink jdk.jpackage jdk.jshell jdk.jsobject jdk.jstatd jdk.localedata jdk.management.jfr jdk.naming.dns jdk.naming.rmi jdk.net jdk.nio.mapmode jdk.random jdk.sctp jdk.security.auth jdk.security.jgss jdk.unsupported jdk.unsupported.desktop jdk.xml.dom" 
OS_ARCH="x86_64" 
OS_NAME="Windows" 
SOURCE=".:git:a633eafe0fcc" 
BUILD_SOURCE="git:458965074606f027bd5afce2cfd5c1055dea0438"
BUILD_SOURCE_REPO="https://github.com/adoptium/temurin-build.git"
SOURCE_REPO="https://github.com/adoptium/jdk21u.git"
FULL_VERSION="21.0.10+7-LTS"
SEMANTIC_VERSION="21.0.10+7"
BUILD_INFO="OS: Windows Server 2022 Version: 10.0"
JVM_VARIANT="Hotspot"
JVM_VERSION="21.0.10+7-LTS"
IMAGE_TYPE="JDK"

Environment Variables:
JAVA_HOME=C:\Program Files\Eclipse Adoptium\jdk-21.0.10.7-hotspot\
PATH=C:\Users\kangdow\bin;C:\Program Files\Git\mingw64\bin;C:\Program Files\Git\usr\local\bin;C:\Program Files\Git\usr\bin;C:\Program Files\Git\usr\bin;C:\Program Files\Git\mingw64\bin;C:\Program Files\Git\usr\bin;C:\Users\kangdow\bin;C:\Users\kangdow\AppData\Local\Programs\Microsoft VS Code;C:\Program Files\Eclipse Adoptium\jdk-21.0.10.7-hotspot\bin;C:\WINDOWS\system32;C:\WINDOWS;C:\WINDOWS\System32\Wbem;C:\WINDOWS\System32\WindowsPowerShell\v1.0;C:\WINDOWS\System32\OpenSSH;C:\Program Files\dotnet;C:\Program Files\Git\cmd;C:\Program Files\Vagrant\bin;C:\Program Files (x86)\PuTTY;C:\Program Files\nodejs;C:\Users\kangdow\.local\bin;C:\Program Files\Docker\Docker\resources\bin;C:\Users\kangdow\AppData\Local\Microsoft\WindowsApps;C:\Users\kangdow\AppData\Local\Programs\Microsoft VS Code\bin;C:\Users\kangdow\AppData\Local\GitHubDesktop\bin;C:\Users\kangdow\AppData\Local\Programs\cursor\resources\app\bin;C:\Users\kangdow\AppData\Roaming\npm;C:\Program Files\Git\usr\bin\vendor_perl;C:\Program Files\Git\usr\bin\core_perl
USERNAME=kangdow
SHELL=C:\Program Files\Git\usr\bin\bash.exe
TERM=xterm-256color
OS=Windows_NT
PROCESSOR_IDENTIFIER=Intel64 Family 6 Model 186 Stepping 3, GenuineIntel
TMP=C:\Users\kangdow\AppData\Local\Temp
TEMP=C:\Users\kangdow\AppData\Local\Temp




Periodic native trim disabled

---------------  S Y S T E M  ---------------

OS:
 Windows 11 , 64 bit Build 26100 (10.0.26100.7920)
OS uptime: 2 days 0:30 hours
Hyper-V role detected

CPU: total 12 (initial active 12) (6 cores per cpu, 2 threads per core) family 6 model 186 stepping 3 microcode 0x411f, cx8, cmov, fxsr, ht, mmx, 3dnowpref, sse, sse2, sse3, ssse3, sse4.1, sse4.2, popcnt, lzcnt, tsc, tscinvbit, avx, avx2, aes, erms, clmul, bmi1, bmi2, adx, sha, fma, vzeroupper, clflush, clflushopt, clwb, hv, serialize, rdtscp, rdpid, fsrm, f16c, cet_ibt, cet_ss
Processor Information for processor 0
  Max Mhz: 1300, Current Mhz: 1300, Mhz Limit: 1300
Processor Information for processor 1
  Max Mhz: 1300, Current Mhz: 1300, Mhz Limit: 1300
Processor Information for processor 2
  Max Mhz: 1300, Current Mhz: 1300, Mhz Limit: 1300
Processor Information for processor 3
  Max Mhz: 1300, Current Mhz: 1300, Mhz Limit: 1300
Processor Information for processor 4
  Max Mhz: 1300, Current Mhz: 900, Mhz Limit: 897
Processor Information for processor 5
  Max Mhz: 1300, Current Mhz: 900, Mhz Limit: 897
Processor Information for processor 6
  Max Mhz: 1300, Current Mhz: 900, Mhz Limit: 897
Processor Information for processor 7
  Max Mhz: 1300, Current Mhz: 900, Mhz Limit: 897
Processor Information for processor 8
  Max Mhz: 1300, Current Mhz: 900, Mhz Limit: 897
Processor Information for processor 9
  Max Mhz: 1300, Current Mhz: 900, Mhz Limit: 897
Processor Information for processor 10
  Max Mhz: 1300, Current Mhz: 900, Mhz Limit: 897
Processor Information for processor 11
  Max Mhz: 1300, Current Mhz: 900, Mhz Limit: 897

Memory: 4k page, system-wide physical 16067M (1481M free)
TotalPageFile size 46480M (AvailPageFile size 7M)
current process WorkingSet (physical memory assigned to process): 100M, peak: 100M
current process commit charge ("private bytes"): 368M, peak: 368M

vm_info: OpenJDK 64-Bit Server VM (21.0.10+7-LTS) for windows-amd64 JRE (21.0.10+7-LTS), built on 2026-01-20T00:00:00Z by "admin" with MS VC++ 17.12 (VS2022)

END.
